#
# A fatal error has been detected by the Java Runtime Environment:
#
#  Internal Error (jvmciRuntime.cpp:1609), pid=48, tid=67
#  fatal error: Fatal exception in JVMCI: Error calling jdk.vm.ci.services.Services.propertyOfTheGreaterGermanReich
#
# JRE version: OpenJDK Runtime Environment GraalVM CE 22.3.0 (17.0.5+8) (build 17.0.5+8-jvmci-22.3-b08)
# Java VM: OpenJDK 64-Bit Server VM GraalVM CE 22.3.0 (17.0.5+8-jvmci-22.3-b08, mixed mode, sharing, tiered, jvmci, jvmci compiler, compressed oops, compressed class ptrs, parallel gc, linux-amd64)
# Problematic frame:
# V  [libjvm.so+0x972714]  JVMCIRuntime::fatal_exception(JVMCIEnv*, char const*)+0x74
#
# Core dump will be written. Default location: Core dumps may be processed with "/usr/share/apport/apport -p%p -s%s -c%c -d%d -P%P -u%u -g%g -- %E" (or dumping to /home/runner/Almost-Anything-Project/core.48)
#
# If you would like to submit a bug report, please visit:
#   https://github.com/oracle/graal/issues
#

---------------  S U M M A R Y ------------

Command Line: -XX:ThreadPriorityPolicy=1 -XX:+UnlockExperimentalVMOptions -XX:+EnableJVMCIProduct -XX:JVMCIThreadsPerNativeLibraryRuntime=1 -XX:-UnlockExperimentalVMOptions -Declipse.application=org.eclipse.jdt.ls.core.id1 -Dosgi.bundles.defaultStartLevel=4 -Declipse.product=org.eclipse.jdt.ls.core.product -Dlog.level=ALL -Xverify:none -XX:+UseParallelGC -XX:GCTimeRatio=4 -XX:AdaptiveSizePolicyWeight=90 -Dsun.zip.disableMemoryMapping=true -Xmx512m -Xms100m /nix/store/m6gcpi1ii6rghy04cjwjddcavv7i90df-jdt-language-server-1.9.0/share/java/plugins/org.eclipse.equinox.launcher_1.6.400.v20210924-0641.jar --add-modules=ALL-SYSTEM --add-opens java.base/java.util=ALL-UNNAMED --add-opens java.base/java.lang=ALL-UNNAMED -configuration /home/runner/.cache/jdt-language-server/config -data /home/runner/.cache/jdt-language-server/data/home/runner/Almost-Anything-Project

Host: AMD EPYC 7B12, 8 cores, 1G, Ubuntu 20.04.2 LTS
Time: Sun Apr  9 04:17:34 2023 UTC elapsed time: 1054.102893 seconds (0d 0h 17m 34s)

---------------  T H R E A D  ---------------

Current thread (0x00007efefc0b2210):  JavaThread "JVMCI-native CompilerThread0" daemon [_thread_in_vm, id=67, stack(0x00007efee0448000,0x00007efee0648000)]


Current CompileTask:
JVMCI-native:1054103 9390   !   4       java.lang.invoke.MemberName::getMethodType (211 bytes)

Stack: [0x00007efee0448000,0x00007efee0648000],  sp=0x00007efee0646380,  free space=2040k
Native frames: (J=compiled Java code, j=interpreted, Vv=VM code, C=native code)
V  [libjvm.so+0x972714]  JVMCIRuntime::fatal_exception(JVMCIEnv*, char const*)+0x74
V  [libjvm.so+0x93e2fe]  JVMCIEnv::copy_saved_properties()+0x14e
V  [libjvm.so+0x9732a9]  JVMCIRuntime::initialize(JVMCIEnv*)+0xb19
V  [libjvm.so+0x9738a2]  JVMCIRuntime::get_HotSpotJVMCIRuntime(JVMCIEnv*)+0x12
V  [libjvm.so+0x9749f2]  JVMCIRuntime::compile_method(JVMCIEnv*, JVMCICompiler*, methodHandle const&, int)+0xd2
V  [libjvm.so+0x5b0d20]  CompileBroker::invoke_compiler_on_method(CompileTask*)+0x1470
V  [libjvm.so+0x5b12e8]  CompileBroker::compiler_thread_loop()+0x528
V  [libjvm.so+0xd82460]  JavaThread::thread_main_inner()+0xd0
V  [libjvm.so+0xd85a40]  Thread::call_run()+0xc0
V  [libjvm.so+0xbdb1e1]  thread_native_entry(Thread*)+0xe1

Register to memory mapping:

RAX=0x00007eff000fc000 points into unknown readable memory: 0x0000000000000058 | 58 00 00 00 00 00 00 00
RBX=0x00007eff011f7398: <offset 0x0000000000ef5398> in /nix/store/gpxl5qgg8kicmcvivwmybwjlpf7wh20l-graalvm17-ce-22.3.0/lib/server/libjvm.so at 0x00007eff00302000
RCX=0x00007eff011af1e8: <offset 0x0000000000ead1e8> in /nix/store/gpxl5qgg8kicmcvivwmybwjlpf7wh20l-graalvm17-ce-22.3.0/lib/server/libjvm.so at 0x00007eff00302000
RDX=0x0000000000000649 is an unknown value
RSP=0x00007efee0646380 is pointing into the stack for thread: 0x00007efefc0b2210
RBP=0x00007efee06463a0 is pointing into the stack for thread: 0x00007efefc0b2210
RSI=0x00007eff011f7c48: <offset 0x0000000000ef5c48> in /nix/store/gpxl5qgg8kicmcvivwmybwjlpf7wh20l-graalvm17-ce-22.3.0/lib/server/libjvm.so at 0x00007eff00302000
RDI=0x00000000e0000000 is an oop: java.lang.String 
{0x00000000e0000000} - klass: 'java/lang/String'
 - string: "org.eclipse.osgi.container.ModuleRevisionBuilder$GenericInfo"
R8 =0x00007eff011f7398: <offset 0x0000000000ef5398> in /nix/store/gpxl5qgg8kicmcvivwmybwjlpf7wh20l-graalvm17-ce-22.3.0/lib/server/libjvm.so at 0x00007eff00302000
R9 =0x00007efee0646330 is pointing into the stack for thread: 0x00007efefc0b2210
R10=0x00007efee0647948 is pointing into the stack for thread: 0x00007efefc0b2210
R11=0x0000000000000293 is an unknown value
R12=0x0 is NULL
R13=0x00007efefc0b2210 is a thread
R14=0x00007efefc000b80 points into unknown readable memory: 0x00007eff01428a38 | 38 8a 42 01 ff 7e 00 00
R15=0x00007eff01536e40: <offset 0x0000000001234e40> in /nix/store/gpxl5qgg8kicmcvivwmybwjlpf7wh20l-graalvm17-ce-22.3.0/lib/server/libjvm.so at 0x00007eff00302000


Registers:
RAX=0x00007eff000fc000, RBX=0x00007eff011f7398, RCX=0x00007eff011af1e8, RDX=0x0000000000000649
RSP=0x00007efee0646380, RBP=0x00007efee06463a0, RSI=0x00007eff011f7c48, RDI=0x00000000e0000000
R8 =0x00007eff011f7398, R9 =0x00007efee0646330, R10=0x00007efee0647948, R11=0x0000000000000293
R12=0x0000000000000000, R13=0x00007efefc0b2210, R14=0x00007efefc000b80, R15=0x00007eff01536e40
RIP=0x00007eff00c74714, EFLAGS=0x0000000000010206, CSGSFS=0x002b000000000033, ERR=0x0000000000000006
  TRAPNO=0x000000000000000e

Top of Stack: (sp=0x00007efee0646380)
0x00007efee0646380:   00007efee0646940 00007efefc0b2210
0x00007efee0646390:   00007efee1f3e8c8 0000000800c409d8
0x00007efee06463a0:   00007efee0646500 00007eff00c402fe
0x00007efee06463b0:   00007efee06463e0 00007efee0646440 

Instructions: (pc=0x00007eff00c74714)
0x00007eff00c74614:   30 e8 f6 cf e8 ff 4c 89 e7 e8 2e 48 d1 ff 84 db
0x00007eff00c74624:   75 2a 4d 85 ed 74 04 4d 8b 6d 00 48 83 c4 08 44
0x00007eff00c74634:   89 f9 4c 89 f2 4c 89 ee 5b 4c 89 e7 41 5c 41 5d
0x00007eff00c74644:   41 5e 41 5f 5d e9 e2 47 d1 ff 66 90 48 83 c4 08
0x00007eff00c74654:   5b 41 5c 41 5d 41 5e 41 5f 5d c3 90 31 d2 be 08
0x00007eff00c74664:   00 00 00 4c 89 ff e8 b1 78 a3 ff 49 89 c5 e9 37
0x00007eff00c74674:   ff ff ff 66 0f 1f 84 00 00 00 00 00 48 8b 7a 08
0x00007eff00c74684:   e9 6d ff ff ff 0f 1f 80 00 00 00 00 e8 5b 48 0a
0x00007eff00c74694:   00 84 c0 75 89 e9 6a ff ff ff 66 90 55 48 89 e5
0x00007eff00c746a4:   41 56 41 55 41 54 49 89 fc 53 48 89 f3 66 48 8d
0x00007eff00c746b4:   3d 27 5e 85 00 66 66 48 e8 df 43 8d ff 4c 8b 28
0x00007eff00c746c4:   8b 05 be 72 8a 00 85 c0 75 14 ba 01 00 00 00 48
0x00007eff00c746d4:   8d 0d ae 72 8a 00 f0 0f b1 11 85 c0 74 4e be c8
0x00007eff00c746e4:   00 00 00 4c 89 ef e8 01 0b 41 00 48 8d 05 12 ac
0x00007eff00c746f4:   85 00 49 89 d8 48 8d 0d e8 aa 53 00 ba 49 06 00
0x00007eff00c74704:   00 48 8d 35 3c 35 58 00 bf 00 00 00 e0 48 8b 00
0x00007eff00c74714:   c6 00 58 31 c0 e8 e2 91 c6 ff 5b 41 5c 41 5d 41
0x00007eff00c74724:   5e 5d e9 55 34 26 00 0f 1f 44 00 00 48 8d 05 81
0x00007eff00c74734:   a3 8b 00 48 89 df 4c 8b 30 e8 9e 43 8d ff 48 89
0x00007eff00c74744:   de 48 89 c2 49 8b 06 4c 89 f7 ff 50 08 4c 89 f7
0x00007eff00c74754:   e8 a7 5c 27 00 4d 85 e4 74 12 be 01 00 00 00 4c
0x00007eff00c74764:   89 e7 e8 35 43 fc ff eb 82 0f 1f 00 be 01 00 00
0x00007eff00c74774:   00 4c 89 ef e8 d3 fd ff ff e9 6d ff ff ff 66 66
0x00007eff00c74784:   2e 0f 1f 84 00 00 00 00 00 0f 1f 00 55 48 89 e5
0x00007eff00c74794:   41 57 41 56 41 55 41 54 53 48 81 ec 08 02 00 00
0x00007eff00c747a4:   64 48 8b 04 25 28 00 00 00 48 89 45 c8 8b 07 83
0x00007eff00c747b4:   f8 02 0f 84 11 04 00 00 4c 8b 6f 18 49 89 ff 49
0x00007eff00c747c4:   89 f4 4d 85 ed 74 14 4c 89 ef e8 5d 57 22 00 41
0x00007eff00c747d4:   8b 07 83 f8 02 0f 84 19 04 00 00 48 8d 1d 9a 06
0x00007eff00c747e4:   8a 00 4c 8d 35 0b 3c 58 00 eb 38 90 48 85 d2 7f
0x00007eff00c747f4:   0d 48 8d 05 b4 c0 85 00 48 83 38 00 7e 0e 41 8b
0x00007eff00c74804:   77 2c 4c 89 f7 31 c0 e8 a0 b2 f7 ff 49 8b 7f 18 


Stack slot to memory mapping:
stack at sp + 0 slots: 0x00007efee0646940 is pointing into the stack for thread: 0x00007efefc0b2210
stack at sp + 1 slots: 0x00007efefc0b2210 is a thread
stack at sp + 2 slots: 0x00007efee1f3e8c8 points into unknown readable memory: 0x65730018e552ffff | ff ff 52 e5 18 00 73 65
stack at sp + 3 slots: 0x0000000800c409d8 is a pointer to class: 
jdk.vm.ci.services.Services {0x0000000800c409d8}
 - instance size:     2
 - klass size:        65
 - access:            public final synchronized 
 - state:             fully_initialized
 - name:              'jdk/vm/ci/services/Services'
 - super:             'java/lang/Object'
 - sub:               
 - arrays:            NULL
 - methods:           Array<T>(0x00007efee10372f8)
 - method ordering:   Array<T>(0x0000000800928960)
 - default_methods:   Array<T>(0x0000000000000000)
 - local interfaces:  Array<T>(0x00000008005ce810)
 - trans. interfaces: Array<T>(0x00000008005ce810)
 - constants:         constant pool [427] {0x00007efee10363d8} for 'jdk/vm/ci/services/Services' cache=0x00007efee10385c8
 - class loader data:  loader data: 0x00007efefc0283f0 of 'bootstrap'
 - source file:       'Services.java'
 - class annotations:       Array<T>(0x0000000000000000)
 - class type annotations:  Array<T>(0x0000000000000000)
 - field annotations:       Array<T>(0x0000000000000000)
 - field type annotations:  Array<T>(0x0000000000000000)
 - inner classes:     Array<T>(0x00007efee1038598)
 - nest members:     Array<T>(0x00007efee10385b8)
 - permitted subclasses:     Array<T>(0x00000008005ce7a0)
 - java mirror:       a 'java/lang/Class'{0x00000000e017c350} = 'jdk/vm/ci/services/Services'
 - vtable length      5  (start addr: 0x0000000800c40ba8)
 - itable length      2 (start addr: 0x0000000800c40bd0)
 - ---- static fields (3 words):
 - public static final 'IS_BUILDING_NATIVE_IMAGE' 'Z' @128 
 - public static final 'IS_IN_NATIVE_IMAGE' 'Z' @129 
 - private static volatile 'savedProperties' 'Ljava/util/Map;' @112 
 - static final 'JVMCI_ENABLED' 'Z' @130 
 - private static final 'servicesCache' 'Ljava/util/Map;' @116 
 - private static final 'MAX_UNICODE_IN_UTF8_LENGTH' 'I' @120 
 - private static final 'MAX_UTF8_PROPERTY_STRING_LENGTH' 'I' @124 
 - ---- non-static fields (0 words):
 - non-static oop maps: 
stack at sp + 4 slots: 0x00007efee0646500 is pointing into the stack for thread: 0x00007efefc0b2210
stack at sp + 5 slots: 0x00007eff00c402fe: <offset 0x000000000093e2fe> in /nix/store/gpxl5qgg8kicmcvivwmybwjlpf7wh20l-graalvm17-ce-22.3.0/lib/server/libjvm.so at 0x00007eff00302000
stack at sp + 6 slots: 0x00007efee06463e0 is pointing into the stack for thread: 0x00007efefc0b2210
stack at sp + 7 slots: 0x00007efee0646440 is pointing into the stack for thread: 0x00007efefc0b2210


---------------  P R O C E S S  ---------------

Threads class SMR info:
_java_thread_list=0x00007efe48000b70, length=31, elements={
0x00007efefc026690, 0x00007efefc0a64d0, 0x00007efefc0a7910, 0x00007efefc0ae080,
0x00007efefc0af430, 0x00007efefc0b0820, 0x00007efefc0b2210, 0x00007efefc0b3720,
0x00007efefc0b4780, 0x00007efefc0ef940, 0x00007efefc138330, 0x00007efefc35b130,
0x00007efefc38e160, 0x00007efefc390b30, 0x00007efefc6568b0, 0x00007efe9001ede0,
0x00007efe902d1750, 0x00007efe90335320, 0x00007efe800010d0, 0x00007efe904b54b0,
0x00007efe90669270, 0x00007efefc3bb380, 0x00007efefc219b00, 0x00007efe5c000ff0,
0x00007efe5c484000, 0x00007efe680bee40, 0x00007efe680afd50, 0x00007efe680b02d0,
0x00007efe680b10b0, 0x00007efe680b2120, 0x00007efe680b2a10
}

Java Threads: ( => current thread )
  0x00007efefc026690 JavaThread "main" [_thread_blocked, id=59, stack(0x00007eff0011d000,0x00007eff0021d000)]
  0x00007efefc0a64d0 JavaThread "Reference Handler" daemon [_thread_blocked, id=62, stack(0x00007efee0d2e000,0x00007efee0e2e000)]
  0x00007efefc0a7910 JavaThread "Finalizer" daemon [_thread_blocked, id=63, stack(0x00007efee0c2e000,0x00007efee0d2e000)]
  0x00007efefc0ae080 JavaThread "Signal Dispatcher" daemon [_thread_blocked, id=64, stack(0x00007efee0848000,0x00007efee0948000)]
  0x00007efefc0af430 JavaThread "Service Thread" daemon [_thread_blocked, id=65, stack(0x00007efee0748000,0x00007efee0848000)]
  0x00007efefc0b0820 JavaThread "Monitor Deflation Thread" daemon [_thread_blocked, id=66, stack(0x00007efee0648000,0x00007efee0748000)]
=>0x00007efefc0b2210 JavaThread "JVMCI-native CompilerThread0" daemon [_thread_in_vm, id=67, stack(0x00007efee0448000,0x00007efee0648000)]
  0x00007efefc0b3720 JavaThread "C1 CompilerThread0" daemon [_thread_blocked, id=68, stack(0x00007efee0248000,0x00007efee0448000)]
  0x00007efefc0b4780 JavaThread "Sweeper thread" daemon [_thread_blocked, id=69, stack(0x00007efee0148000,0x00007efee0248000)]
  0x00007efefc0ef940 JavaThread "Common-Cleaner" daemon [_thread_blocked, id=70, stack(0x00007efee0048000,0x00007efee0148000)]
  0x00007efefc138330 JavaThread "Notification Thread" daemon [_thread_blocked, id=74, stack(0x00007efeb3f00000,0x00007efeb4000000)]
  0x00007efefc35b130 JavaThread "Active Thread: Equinox Container: 1933a093-4d95-4494-8f4d-2cb931c081ab" [_thread_blocked, id=86, stack(0x00007efeb0700000,0x00007efeb0800000)]
  0x00007efefc38e160 JavaThread "Framework Event Dispatcher: Equinox Container: 1933a093-4d95-4494-8f4d-2cb931c081ab" daemon [_thread_blocked, id=87, stack(0x00007efeb0500000,0x00007efeb0600000)]
  0x00007efefc390b30 JavaThread "Start Level: Equinox Container: 1933a093-4d95-4494-8f4d-2cb931c081ab" daemon [_thread_blocked, id=88, stack(0x00007efeb0300000,0x00007efeb0400000)]
  0x00007efefc6568b0 JavaThread "Refresh Thread: Equinox Container: 1933a093-4d95-4494-8f4d-2cb931c081ab" daemon [_thread_blocked, id=89, stack(0x00007efeb0100000,0x00007efeb0200000)]
  0x00007efe9001ede0 JavaThread "SCR Component Actor" daemon [_thread_blocked, id=98, stack(0x00007efeabf00000,0x00007efeac000000)]
  0x00007efe902d1750 JavaThread "Worker-JM" [_thread_blocked, id=101, stack(0x00007efeabb00000,0x00007efeabc00000)]
  0x00007efe90335320 JavaThread "Worker-0" [_thread_blocked, id=109, stack(0x00007efeaba00000,0x00007efeabb00000)]
  0x00007efe800010d0 JavaThread "Worker-1" [_thread_blocked, id=110, stack(0x00007efeab900000,0x00007efeaba00000)]
  0x00007efe904b54b0 JavaThread "Java indexing" daemon [_thread_blocked, id=111, stack(0x00007efeab700000,0x00007efeab800000)]
  0x00007efe90669270 JavaThread "Bundle File Closer" daemon [_thread_blocked, id=112, stack(0x00007efeab500000,0x00007efeab600000)]
  0x00007efefc3bb380 JavaThread "pool-3-thread-1" [_thread_blocked, id=113, stack(0x00007efeab300000,0x00007efeab400000)]
  0x00007efefc219b00 JavaThread "pool-2-thread-1" [_thread_blocked, id=115, stack(0x00007efeab100000,0x00007efeab200000)]
  0x00007efe5c000ff0 JavaThread "Worker-4: Java indexing... " [_thread_blocked, id=125, stack(0x00007efeaad00000,0x00007efeaae00000)]
  0x00007efe5c484000 JavaThread "Okio Watchdog" daemon [_thread_blocked, id=182, stack(0x00007efeaa500000,0x00007efeaa600000)]
  0x00007efe680bee40 JavaThread "Thread-6" [_thread_blocked, id=1083, stack(0x00007efeaab00000,0x00007efeaac00000)]
  0x00007efe680afd50 JavaThread "Thread-8" [_thread_blocked, id=1205, stack(0x00007efeab200000,0x00007efeab300000)]
  0x00007efe680b02d0 JavaThread "Thread-9" [_thread_blocked, id=1334, stack(0x00007efeabc00000,0x00007efeabd00000)]
  0x00007efe680b10b0 JavaThread "Thread-10" [_thread_blocked, id=1535, stack(0x00007efeabd00000,0x00007efeabe00000)]
  0x00007efe680b2120 JavaThread "Thread-12" [_thread_blocked, id=2033, stack(0x00007efeaa700000,0x00007efeaa800000)]
  0x00007efe680b2a10 JavaThread "Thread-13" [_thread_blocked, id=3077, stack(0x00007efeabe00000,0x00007efeabf00000)]

Other Threads:
  0x00007efefc0a1c10 VMThread "VM Thread" [stack: 0x00007efee0e30000,0x00007efee0f30000] [id=61] _threads_hazard_ptr=0x00007efe48000b70
  0x00007efefc139cd0 WatcherThread [stack: 0x00007efeb3e00000,0x00007efeb3f00000] [id=75]
  0x00007efefc03df30 GCTaskThread "GC Thread#0" [stack: 0x00007efee30dc000,0x00007efee31dc000] [id=60]

Threads with active compile tasks:
JVMCI-native CompilerThread0  1054179 9390   !   4       java.lang.invoke.MemberName::getMethodType (211 bytes)

VM state: synchronizing (normal execution)

VM Mutex/Monitor currently owned by a thread:  ([mutex/lock_event])
[0x00007efefc023840] Threads_lock - owner thread: 0x00007efefc0a1c10
[0x00007efefc023ff0] Heap_lock - owner thread: 0x00007efefc3bb380

OutOfMemory and StackOverflow Exception counts:
OutOfMemoryError java_heap_errors=6
LinkageErrors=70

Heap address: 0x00000000e0000000, size: 512 MB, Compressed Oops mode: 32-bit

CDS archive(s) mapped at: [0x0000000800000000-0x0000000800bc8000-0x0000000800bc8000), size 12353536, SharedBaseAddress: 0x0000000800000000, ArchiveRelocationMode: 0.
Compressed class space mapped at: 0x0000000800c00000-0x0000000840c00000, reserved size: 1073741824
Narrow klass base: 0x0000000800000000, Narrow klass shift: 0, Narrow klass range: 0x100000000

GC Precious Log:
 CPUs: 8 total, 1 available
 Memory: 1024M
 Large Page Support: Disabled
 NUMA Support: Disabled
 Compressed Oops: Enabled (32-bit)
 Alignments: Space 512K, Generation 512K, Heap 2M
 Heap Min Capacity: 100M
 Heap Initial Capacity: 100M
 Heap Max Capacity: 512M
 Pre-touch: Disabled
 Parallel Workers: 1

Heap:
 PSYoungGen      total 18944K, used 12287K [0x00000000f5580000, 0x00000000f7100000, 0x0000000100000000)
  eden space 12288K, 99% used [0x00000000f5580000,0x00000000f617fff8,0x00000000f6180000)
  from space 6656K, 0% used [0x00000000f6900000,0x00000000f6900000,0x00000000f6f80000)
  to   space 7168K, 0% used [0x00000000f6180000,0x00000000f6180000,0x00000000f6880000)
 ParOldGen       total 349696K, used 349695K [0x00000000e0000000, 0x00000000f5580000, 0x00000000f5580000)
  object space 349696K, 99% used [0x00000000e0000000,0x00000000f557ffe0,0x00000000f5580000)
 Metaspace       used 60460K, committed 61504K, reserved 1105920K
  class space    used 6007K, committed 6400K, reserved 1048576K

Card table byte_map: [0x00007efee31dc000,0x00007efee32dd000] _byte_map_base: 0x00007efee2adc000

Marking Bits: (ParMarkBitMap*) 0x00007eff015304c0
 Begin Bits: [0x00007efee20da000, 0x00007efee28da000)
 End Bits:   [0x00007efee28da000, 0x00007efee30da000)

Polling page: 0x00007eff000fa000

Metaspace:

Usage:
  Non-class:     53.18 MB used.
      Class:      5.87 MB used.
       Both:     59.04 MB used.

Virtual space:
  Non-class space:       56.00 MB reserved,      53.81 MB ( 96%) committed,  7 nodes.
      Class space:        1.00 GB reserved,       6.25 MB ( <1%) committed,  1 nodes.
             Both:        1.05 GB reserved,      60.06 MB (  6%) committed. 

Chunk freelists:
   Non-Class:  1.71 MB
       Class:  1.82 MB
        Both:  3.54 MB

MaxMetaspaceSize: unlimited
CompressedClassSpaceSize: 1.00 GB
Initial GC threshold: 21.00 MB
Current GC threshold: 100.00 MB
CDS: on
MetaspaceReclaimPolicy: balanced
 - commit_granule_bytes: 65536.
 - commit_granule_words: 8192.
 - virtual_space_node_default_size: 1048576.
 - enlarge_chunks_in_place: 1.
 - new_chunks_are_fully_committed: 0.
 - uncommit_free_chunks: 1.
 - use_allocation_guard: 0.
 - handle_deallocations: 1.


Internal statistics:

num_allocs_failed_limit: 6.
num_arena_births: 520.
num_arena_deaths: 152.
num_vsnodes_births: 8.
num_vsnodes_deaths: 0.
num_space_committed: 959.
num_space_uncommitted: 0.
num_chunks_returned_to_freelist: 213.
num_chunks_taken_from_freelist: 2892.
num_chunk_merges: 88.
num_chunk_splits: 1872.
num_chunks_enlarged: 1170.
num_purges: 4.
num_inconsistent_stats: 0.

CodeHeap 'non-profiled nmethods': size=120036Kb used=2537Kb max_used=2537Kb free=117498Kb
 bounds [0x00007efeeaf7a000, 0x00007efeeb1fa000, 0x00007efef24b3000]
CodeHeap 'profiled nmethods': size=120032Kb used=15393Kb max_used=16697Kb free=104638Kb
 bounds [0x00007efee3a42000, 0x00007efee4a92000, 0x00007efeeaf7a000]
CodeHeap 'non-nmethods': size=5692Kb used=1412Kb max_used=1413Kb free=4279Kb
 bounds [0x00007efee34b3000, 0x00007efee3723000, 0x00007efee3a42000]
 total_blobs=8079 nmethods=7323 adapters=632
 compilation: enabled
              stopped_count=0, restarted_count=0
 full_count=0

JVMCI Events (20 events):
Event: 901.879 Thread 0x00007efefc0b2210 releasing handles for JVMCI runtime 0: oop handles=49, metadata handles={total=160, live=148, blocks=32}
Event: 901.879 Thread 0x00007efefc0b2210 detached from JVMCI runtime 0
Event: 918.572 Thread 0x00007efefc0b2210 attached to JVMCI runtime 0
Event: 918.574 Thread 0x00007efefc0b2210 created JavaVM[13]@0x00007efea9f9e340 for JVMCI runtime 0
Event: 919.675 Thread 0x00007efefc0b2210 initializing JVMCI runtime 0
Event: 919.675 Thread 0x00007efefc0b2210 done waiting for JavaVM references initialization in JVMCI runtime 0
Event: 968.401 Thread 0x00007efefc0b2210 initialized JVMCI runtime 0
Event: 989.255 Thread 0x00007efefc0b2210 compacted oop handles in JVMCI runtime 0 from 47 to 45
Event: 1000.515 Thread 0x00007efefc0b2210 compacted oop handles in JVMCI runtime 0 from 55 to 52
Event: 1006.892 Thread 0x00007efefc0b2210 detaching from JVMCI runtime 0: releasing idle compiler thread (0 other threads still attached)
Event: 1006.892 Thread 0x00007efefc0b2210 shutting down HotSpotJVMCIRuntime for JVMCI runtime 0
Event: 1006.892 Thread 0x00007efefc0b2210 shut down JVMCI runtime 0
Event: 1006.896 Thread 0x00007efefc0b2210 destroyed JavaVM[13]@0x00007efea9f9e340 for JVMCI runtime 0
Event: 1006.896 Thread 0x00007efefc0b2210 compacted oop handles in JVMCI runtime 0 from 56 to 56
Event: 1006.896 Thread 0x00007efefc0b2210 releasing handles for JVMCI runtime 0: oop handles=56, metadata handles={total=113, live=108, blocks=32}
Event: 1006.896 Thread 0x00007efefc0b2210 detached from JVMCI runtime 0
Event: 1018.906 Thread 0x00007efefc0b2210 attached to JVMCI runtime 0
Event: 1018.908 Thread 0x00007efefc0b2210 created JavaVM[14]@0x00007efea9f9e340 for JVMCI runtime 0
Event: 1018.908 Thread 0x00007efefc0b2210 initializing JVMCI runtime 0
Event: 1018.908 Thread 0x00007efefc0b2210 done waiting for JavaVM references initialization in JVMCI runtime 0

Compilation events (20 events):
Event: 942.172 Thread 0x00007efefc0b3720 9382   !   3       org.eclipse.core.internal.resources.Filter::match (152 bytes)
Event: 942.175 Thread 0x00007efefc0b3720 nmethod 9382 0x00007efee445db10 code [0x00007efee445dfc0, 0x00007efee4460ed0]
Event: 957.417 Thread 0x00007efefc0b3720 9384       3       java.util.concurrent.locks.AbstractQueuedSynchronizer$ConditionObject::canReacquire (28 bytes)
Event: 959.781 Thread 0x00007efefc0b3720 nmethod 9384 0x00007efee42d1210 code [0x00007efee42d13c0, 0x00007efee42d1710]
Event: 963.497 Thread 0x00007efefc0b3720 9385       3       java.util.concurrent.locks.AbstractQueuedSynchronizer::acquire (20 bytes)
Event: 963.497 Thread 0x00007efefc0b3720 nmethod 9385 0x00007efee44e4690 code [0x00007efee44e4840, 0x00007efee44e4c10]
Event: 967.208 Thread 0x00007efefc0b3720 9386       3       org.eclipse.jdt.internal.compiler.util.CharDelegateMap::put (44 bytes)
Event: 968.398 Thread 0x00007efefc0b3720 nmethod 9386 0x00007efee44e6990 code [0x00007efee44e6be0, 0x00007efee44e7530]
Event: 989.255 Thread 0x00007efefc0b2210 nmethod 9378 0x00007efeeb1f1a90 code [0x00007efeeb1f1c20, 0x00007efeeb1f1e90]
Event: 989.255 Thread 0x00007efefc0b2210 9380       4       org.eclipse.core.runtime.Path::toOSString (227 bytes)
Event: 1000.515 Thread 0x00007efefc0b2210 nmethod 9380 0x00007efeeb1f2510 code [0x00007efeeb1f26e0, 0x00007efeeb1f3158]
Event: 1000.515 Thread 0x00007efefc0b2210 9387       4       java.lang.ref.SoftReference::get (29 bytes)
Event: 1005.640 Thread 0x00007efefc0b2210 nmethod 9387 0x00007efeeb1f3710 code [0x00007efeeb1f3880, 0x00007efeeb1f38f0]
Event: 1005.640 Thread 0x00007efefc0b2210 9388       4       java.lang.String::indexOf (113 bytes)
Event: 1005.674 Thread 0x00007efefc0b2210 nmethod 9388 0x00007efeeb1f3a10 code [0x00007efeeb1f3ba0, 0x00007efeeb1f3e08]
Event: 1005.674 Thread 0x00007efefc0b2210 9379       4       java.lang.AbstractStringBuilder::appendChars (207 bytes)
Event: 1005.683 Thread 0x00007efefc0b2210 nmethod 9379 0x00007efeeb1f3f90 code [0x00007efeeb1f4120, 0x00007efeeb1f42d8]
Event: 1010.395 Thread 0x00007efefc0b3720 9389       3       org.eclipse.jdt.internal.compiler.util.HashtableOfType::<init> (49 bytes)
Event: 1010.396 Thread 0x00007efefc0b3720 nmethod 9389 0x00007efee44e4090 code [0x00007efee44e4260, 0x00007efee44e4590]
Event: 1018.906 Thread 0x00007efefc0b2210 9390   !   4       java.lang.invoke.MemberName::getMethodType (211 bytes)

GC Heap History (20 events):
Event: 1041.907 GC heap before
{Heap before GC invocations=946 (full 820):
 PSYoungGen      total 18944K, used 12287K [0x00000000f5580000, 0x00000000f7100000, 0x0000000100000000)
  eden space 12288K, 99% used [0x00000000f5580000,0x00000000f617fff8,0x00000000f6180000)
  from space 6656K, 0% used [0x00000000f6900000,0x00000000f6900000,0x00000000f6f80000)
  to   space 7168K, 0% used [0x00000000f6180000,0x00000000f6180000,0x00000000f6880000)
 ParOldGen       total 349696K, used 349695K [0x00000000e0000000, 0x00000000f5580000, 0x00000000f5580000)
  object space 349696K, 99% used [0x00000000e0000000,0x00000000f557ffd8,0x00000000f5580000)
 Metaspace       used 60460K, committed 61504K, reserved 1105920K
  class space    used 6007K, committed 6400K, reserved 1048576K
}
Event: 1043.328 GC heap after
{Heap after GC invocations=946 (full 820):
 PSYoungGen      total 19456K, used 12287K [0x00000000f5580000, 0x00000000f7100000, 0x0000000100000000)
  eden space 12288K, 99% used [0x00000000f5580000,0x00000000f617fff8,0x00000000f6180000)
  from space 7168K, 0% used [0x00000000f6180000,0x00000000f6180000,0x00000000f6880000)
  to   space 6656K, 0% used [0x00000000f6900000,0x00000000f6900000,0x00000000f6f80000)
 ParOldGen       total 349696K, used 349695K [0x00000000e0000000, 0x00000000f5580000, 0x00000000f5580000)
  object space 349696K, 99% used [0x00000000e0000000,0x00000000f557ffd8,0x00000000f5580000)
 Metaspace       used 60460K, committed 61504K, reserved 1105920K
  class space    used 6007K, committed 6400K, reserved 1048576K
}
Event: 1043.328 GC heap before
{Heap before GC invocations=947 (full 821):
 PSYoungGen      total 19456K, used 12287K [0x00000000f5580000, 0x00000000f7100000, 0x0000000100000000)
  eden space 12288K, 99% used [0x00000000f5580000,0x00000000f617fff8,0x00000000f6180000)
  from space 7168K, 0% used [0x00000000f6180000,0x00000000f6180000,0x00000000f6880000)
  to   space 6656K, 0% used [0x00000000f6900000,0x00000000f6900000,0x00000000f6f80000)
 ParOldGen       total 349696K, used 349695K [0x00000000e0000000, 0x00000000f5580000, 0x00000000f5580000)
  object space 349696K, 99% used [0x00000000e0000000,0x00000000f557ffd8,0x00000000f5580000)
 Metaspace       used 60460K, committed 61504K, reserved 1105920K
  class space    used 6007K, committed 6400K, reserved 1048576K
}
Event: 1044.507 GC heap after
{Heap after GC invocations=947 (full 821):
 PSYoungGen      total 18944K, used 12287K [0x00000000f5580000, 0x00000000f7100000, 0x0000000100000000)
  eden space 12288K, 99% used [0x00000000f5580000,0x00000000f617fff8,0x00000000f6180000)
  from space 6656K, 0% used [0x00000000f6900000,0x00000000f6900000,0x00000000f6f80000)
  to   space 7168K, 0% used [0x00000000f6180000,0x00000000f6180000,0x00000000f6880000)
 ParOldGen       total 349696K, used 349695K [0x00000000e0000000, 0x00000000f5580000, 0x00000000f5580000)
  object space 349696K, 99% used [0x00000000e0000000,0x00000000f557ffd8,0x00000000f5580000)
 Metaspace       used 60460K, committed 61504K, reserved 1105920K
  class space    used 6007K, committed 6400K, reserved 1048576K
}
Event: 1044.507 GC heap before
{Heap before GC invocations=948 (full 822):
 PSYoungGen      total 18944K, used 12287K [0x00000000f5580000, 0x00000000f7100000, 0x0000000100000000)
  eden space 12288K, 99% used [0x00000000f5580000,0x00000000f617fff8,0x00000000f6180000)
  from space 6656K, 0% used [0x00000000f6900000,0x00000000f6900000,0x00000000f6f80000)
  to   space 7168K, 0% used [0x00000000f6180000,0x00000000f6180000,0x00000000f6880000)
 ParOldGen       total 349696K, used 349695K [0x00000000e0000000, 0x00000000f5580000, 0x00000000f5580000)
  object space 349696K, 99% used [0x00000000e0000000,0x00000000f557ffd8,0x00000000f5580000)
 Metaspace       used 60460K, committed 61504K, reserved 1105920K
  class space    used 6007K, committed 6400K, reserved 1048576K
}
Event: 1045.601 GC heap after
{Heap after GC invocations=948 (full 822):
 PSYoungGen      total 19456K, used 12287K [0x00000000f5580000, 0x00000000f7100000, 0x0000000100000000)
  eden space 12288K, 99% used [0x00000000f5580000,0x00000000f617fff8,0x00000000f6180000)
  from space 7168K, 0% used [0x00000000f6180000,0x00000000f6180000,0x00000000f6880000)
  to   space 6656K, 0% used [0x00000000f6900000,0x00000000f6900000,0x00000000f6f80000)
 ParOldGen       total 349696K, used 349695K [0x00000000e0000000, 0x00000000f5580000, 0x00000000f5580000)
  object space 349696K, 99% used [0x00000000e0000000,0x00000000f557ffd8,0x00000000f5580000)
 Metaspace       used 60460K, committed 61504K, reserved 1105920K
  class space    used 6007K, committed 6400K, reserved 1048576K
}
Event: 1045.601 GC heap before
{Heap before GC invocations=949 (full 823):
 PSYoungGen      total 19456K, used 12287K [0x00000000f5580000, 0x00000000f7100000, 0x0000000100000000)
  eden space 12288K, 99% used [0x00000000f5580000,0x00000000f617fff8,0x00000000f6180000)
  from space 7168K, 0% used [0x00000000f6180000,0x00000000f6180000,0x00000000f6880000)
  to   space 6656K, 0% used [0x00000000f6900000,0x00000000f6900000,0x00000000f6f80000)
 ParOldGen       total 349696K, used 349695K [0x00000000e0000000, 0x00000000f5580000, 0x00000000f5580000)
  object space 349696K, 99% used [0x00000000e0000000,0x00000000f557ffd8,0x00000000f5580000)
 Metaspace       used 60460K, committed 61504K, reserved 1105920K
  class space    used 6007K, committed 6400K, reserved 1048576K
}
Event: 1046.952 GC heap after
{Heap after GC invocations=949 (full 823):
 PSYoungGen      total 18944K, used 12287K [0x00000000f5580000, 0x00000000f7100000, 0x0000000100000000)
  eden space 12288K, 99% used [0x00000000f5580000,0x00000000f617fff8,0x00000000f6180000)
  from space 6656K, 0% used [0x00000000f6900000,0x00000000f6900000,0x00000000f6f80000)
  to   space 7168K, 0% used [0x00000000f6180000,0x00000000f6180000,0x00000000f6880000)
 ParOldGen       total 349696K, used 349695K [0x00000000e0000000, 0x00000000f5580000, 0x00000000f5580000)
  object space 349696K, 99% used [0x00000000e0000000,0x00000000f557ffd8,0x00000000f5580000)
 Metaspace       used 60460K, committed 61504K, reserved 1105920K
  class space    used 6007K, committed 6400K, reserved 1048576K
}
Event: 1046.958 GC heap before
{Heap before GC invocations=950 (full 824):
 PSYoungGen      total 18944K, used 12287K [0x00000000f5580000, 0x00000000f7100000, 0x0000000100000000)
  eden space 12288K, 99% used [0x00000000f5580000,0x00000000f617fff8,0x00000000f6180000)
  from space 6656K, 0% used [0x00000000f6900000,0x00000000f6900000,0x00000000f6f80000)
  to   space 7168K, 0% used [0x00000000f6180000,0x00000000f6180000,0x00000000f6880000)
 ParOldGen       total 349696K, used 349695K [0x00000000e0000000, 0x00000000f5580000, 0x00000000f5580000)
  object space 349696K, 99% used [0x00000000e0000000,0x00000000f557ffd8,0x00000000f5580000)
 Metaspace       used 60460K, committed 61504K, reserved 1105920K
  class space    used 6007K, committed 6400K, reserved 1048576K
}
Event: 1048.171 GC heap after
{Heap after GC invocations=950 (full 824):
 PSYoungGen      total 19456K, used 12287K [0x00000000f5580000, 0x00000000f7100000, 0x0000000100000000)
  eden space 12288K, 99% used [0x00000000f5580000,0x00000000f617fff8,0x00000000f6180000)
  from space 7168K, 0% used [0x00000000f6180000,0x00000000f6180000,0x00000000f6880000)
  to   space 6656K, 0% used [0x00000000f6900000,0x00000000f6900000,0x00000000f6f80000)
 ParOldGen       total 349696K, used 349695K [0x00000000e0000000, 0x00000000f5580000, 0x00000000f5580000)
  object space 349696K, 99% used [0x00000000e0000000,0x00000000f557fc08,0x00000000f5580000)
 Metaspace       used 60460K, committed 61504K, reserved 1105920K
  class space    used 6007K, committed 6400K, reserved 1048576K
}
Event: 1048.172 GC heap before
{Heap before GC invocations=951 (full 825):
 PSYoungGen      total 19456K, used 12287K [0x00000000f5580000, 0x00000000f7100000, 0x0000000100000000)
  eden space 12288K, 99% used [0x00000000f5580000,0x00000000f617fff8,0x00000000f6180000)
  from space 7168K, 0% used [0x00000000f6180000,0x00000000f6180000,0x00000000f6880000)
  to   space 6656K, 0% used [0x00000000f6900000,0x00000000f6900000,0x00000000f6f80000)
 ParOldGen       total 349696K, used 349695K [0x00000000e0000000, 0x00000000f5580000, 0x00000000f5580000)
  object space 349696K, 99% used [0x00000000e0000000,0x00000000f557fff8,0x00000000f5580000)
 Metaspace       used 60460K, committed 61504K, reserved 1105920K
  class space    used 6007K, committed 6400K, reserved 1048576K
}
Event: 1049.288 GC heap after
{Heap after GC invocations=951 (full 825):
 PSYoungGen      total 18944K, used 12287K [0x00000000f5580000, 0x00000000f7100000, 0x0000000100000000)
  eden space 12288K, 99% used [0x00000000f5580000,0x00000000f617fff8,0x00000000f6180000)
  from space 6656K, 0% used [0x00000000f6900000,0x00000000f6900000,0x00000000f6f80000)
  to   space 7168K, 0% used [0x00000000f6180000,0x00000000f6180000,0x00000000f6880000)
 ParOldGen       total 349696K, used 349695K [0x00000000e0000000, 0x00000000f5580000, 0x00000000f5580000)
  object space 349696K, 99% used [0x00000000e0000000,0x00000000f557fe48,0x00000000f5580000)
 Metaspace       used 60460K, committed 61504K, reserved 1105920K
  class space    used 6007K, committed 6400K, reserved 1048576K
}
Event: 1049.289 GC heap before
{Heap before GC invocations=952 (full 826):
 PSYoungGen      total 18944K, used 12287K [0x00000000f5580000, 0x00000000f7100000, 0x0000000100000000)
  eden space 12288K, 99% used [0x00000000f5580000,0x00000000f617fff8,0x00000000f6180000)
  from space 6656K, 0% used [0x00000000f6900000,0x00000000f6900000,0x00000000f6f80000)
  to   space 7168K, 0% used [0x00000000f6180000,0x00000000f6180000,0x00000000f6880000)
 ParOldGen       total 349696K, used 349695K [0x00000000e0000000, 0x00000000f5580000, 0x00000000f5580000)
  object space 349696K, 99% used [0x00000000e0000000,0x00000000f557fff8,0x00000000f5580000)
 Metaspace       used 60460K, committed 61504K, reserved 1105920K
  class space    used 6007K, committed 6400K, reserved 1048576K
}
Event: 1050.556 GC heap after
{Heap after GC invocations=952 (full 826):
 PSYoungGen      total 19456K, used 12287K [0x00000000f5580000, 0x00000000f7100000, 0x0000000100000000)
  eden space 12288K, 99% used [0x00000000f5580000,0x00000000f617fff8,0x00000000f6180000)
  from space 7168K, 0% used [0x00000000f6180000,0x00000000f6180000,0x00000000f6880000)
  to   space 6656K, 0% used [0x00000000f6900000,0x00000000f6900000,0x00000000f6f80000)
 ParOldGen       total 349696K, used 349695K [0x00000000e0000000, 0x00000000f5580000, 0x00000000f5580000)
  object space 349696K, 99% used [0x00000000e0000000,0x00000000f557fe48,0x00000000f5580000)
 Metaspace       used 60460K, committed 61504K, reserved 1105920K
  class space    used 6007K, committed 6400K, reserved 1048576K
}
Event: 1050.556 GC heap before
{Heap before GC invocations=953 (full 827):
 PSYoungGen      total 19456K, used 12287K [0x00000000f5580000, 0x00000000f7100000, 0x0000000100000000)
  eden space 12288K, 99% used [0x00000000f5580000,0x00000000f617fff8,0x00000000f6180000)
  from space 7168K, 0% used [0x00000000f6180000,0x00000000f6180000,0x00000000f6880000)
  to   space 6656K, 0% used [0x00000000f6900000,0x00000000f6900000,0x00000000f6f80000)
 ParOldGen       total 349696K, used 349695K [0x00000000e0000000, 0x00000000f5580000, 0x00000000f5580000)
  object space 349696K, 99% used [0x00000000e0000000,0x00000000f557fe78,0x00000000f5580000)
 Metaspace       used 60460K, committed 61504K, reserved 1105920K
  class space    used 6007K, committed 6400K, reserved 1048576K
}
Event: 1051.673 GC heap after
{Heap after GC invocations=953 (full 827):
 PSYoungGen      total 18944K, used 12287K [0x00000000f5580000, 0x00000000f7100000, 0x0000000100000000)
  eden space 12288K, 99% used [0x00000000f5580000,0x00000000f617fff8,0x00000000f6180000)
  from space 6656K, 0% used [0x00000000f6900000,0x00000000f6900000,0x00000000f6f80000)
  to   space 7168K, 0% used [0x00000000f6180000,0x00000000f6180000,0x00000000f6880000)
 ParOldGen       total 349696K, used 349695K [0x00000000e0000000, 0x00000000f5580000, 0x00000000f5580000)
  object space 349696K, 99% used [0x00000000e0000000,0x00000000f557fe48,0x00000000f5580000)
 Metaspace       used 60460K, committed 61504K, reserved 1105920K
  class space    used 6007K, committed 6400K, reserved 1048576K
}
Event: 1051.673 GC heap before
{Heap before GC invocations=954 (full 828):
 PSYoungGen      total 18944K, used 12287K [0x00000000f5580000, 0x00000000f7100000, 0x0000000100000000)
  eden space 12288K, 99% used [0x00000000f5580000,0x00000000f617fff8,0x00000000f6180000)
  from space 6656K, 0% used [0x00000000f6900000,0x00000000f6900000,0x00000000f6f80000)
  to   space 7168K, 0% used [0x00000000f6180000,0x00000000f6180000,0x00000000f6880000)
 ParOldGen       total 349696K, used 349695K [0x00000000e0000000, 0x00000000f5580000, 0x00000000f5580000)
  object space 349696K, 99% used [0x00000000e0000000,0x00000000f557ff30,0x00000000f5580000)
 Metaspace       used 60460K, committed 61504K, reserved 1105920K
  class space    used 6007K, committed 6400K, reserved 1048576K
}
Event: 1052.904 GC heap after
{Heap after GC invocations=954 (full 828):
 PSYoungGen      total 19456K, used 12287K [0x00000000f5580000, 0x00000000f7100000, 0x0000000100000000)
  eden space 12288K, 99% used [0x00000000f5580000,0x00000000f617fff8,0x00000000f6180000)
  from space 7168K, 0% used [0x00000000f6180000,0x00000000f6180000,0x00000000f6880000)
  to   space 6656K, 0% used [0x00000000f6900000,0x00000000f6900000,0x00000000f6f80000)
 ParOldGen       total 349696K, used 349695K [0x00000000e0000000, 0x00000000f5580000, 0x00000000f5580000)
  object space 349696K, 99% used [0x00000000e0000000,0x00000000f557fe60,0x00000000f5580000)
 Metaspace       used 60460K, committed 61504K, reserved 1105920K
  class space    used 6007K, committed 6400K, reserved 1048576K
}
Event: 1052.904 GC heap before
{Heap before GC invocations=955 (full 829):
 PSYoungGen      total 19456K, used 12287K [0x00000000f5580000, 0x00000000f7100000, 0x0000000100000000)
  eden space 12288K, 99% used [0x00000000f5580000,0x00000000f617fff8,0x00000000f6180000)
  from space 7168K, 0% used [0x00000000f6180000,0x00000000f6180000,0x00000000f6880000)
  to   space 6656K, 0% used [0x00000000f6900000,0x00000000f6900000,0x00000000f6f80000)
 ParOldGen       total 349696K, used 349695K [0x00000000e0000000, 0x00000000f5580000, 0x00000000f5580000)
  object space 349696K, 99% used [0x00000000e0000000,0x00000000f557fe60,0x00000000f5580000)
 Metaspace       used 60460K, committed 61504K, reserved 1105920K
  class space    used 6007K, committed 6400K, reserved 1048576K
}
Event: 1054.098 GC heap after
{Heap after GC invocations=955 (full 829):
 PSYoungGen      total 18944K, used 12287K [0x00000000f5580000, 0x00000000f7100000, 0x0000000100000000)
  eden space 12288K, 99% used [0x00000000f5580000,0x00000000f617fff8,0x00000000f6180000)
  from space 6656K, 0% used [0x00000000f6900000,0x00000000f6900000,0x00000000f6f80000)
  to   space 7168K, 0% used [0x00000000f6180000,0x00000000f6180000,0x00000000f6880000)
 ParOldGen       total 349696K, used 349695K [0x00000000e0000000, 0x00000000f5580000, 0x00000000f5580000)
  object space 349696K, 99% used [0x00000000e0000000,0x00000000f557fe60,0x00000000f5580000)
 Metaspace       used 60460K, committed 61504K, reserved 1105920K
  class space    used 6007K, committed 6400K, reserved 1048576K
}

Dll operation events (9 events):
Event: 0.002 Loaded shared library /nix/store/gpxl5qgg8kicmcvivwmybwjlpf7wh20l-graalvm17-ce-22.3.0/lib/libjava.so
Event: 0.007 Loaded shared library /nix/store/gpxl5qgg8kicmcvivwmybwjlpf7wh20l-graalvm17-ce-22.3.0/lib/libjsvml.so
Event: 0.291 Loaded shared library /nix/store/gpxl5qgg8kicmcvivwmybwjlpf7wh20l-graalvm17-ce-22.3.0/lib/libnio.so
Event: 0.294 Loaded shared library /nix/store/gpxl5qgg8kicmcvivwmybwjlpf7wh20l-graalvm17-ce-22.3.0/lib/libjvmcicompiler.so
Event: 0.377 Loaded shared library /nix/store/gpxl5qgg8kicmcvivwmybwjlpf7wh20l-graalvm17-ce-22.3.0/lib/libzip.so
Event: 0.780 Loaded shared library /nix/store/gpxl5qgg8kicmcvivwmybwjlpf7wh20l-graalvm17-ce-22.3.0/lib/libjimage.so
Event: 1.184 Loaded shared library /nix/store/gpxl5qgg8kicmcvivwmybwjlpf7wh20l-graalvm17-ce-22.3.0/lib/libnet.so
Event: 4.369 Loaded shared library /home/runner/.cache/jdt-language-server/config/org.eclipse.equinox.launcher/org.eclipse.equinox.launcher.gtk.linux.x86_64_1.2.400.v20211117-0650/eclipse_11600.so
Event: 12.862 Loaded shared library /nix/store/gpxl5qgg8kicmcvivwmybwjlpf7wh20l-graalvm17-ce-22.3.0/lib/libextnet.so

Deoptimization events (20 events):
Event: 64.989 Thread 0x00007efe904b54b0 DEOPT PACKING pc=0x00007efee3ca5d14 sp=0x00007efeab7fe530
Event: 64.989 Thread 0x00007efe904b54b0 DEOPT UNPACKING pc=0x00007efee3505325 sp=0x00007efeab7fda20 mode 0
Event: 64.991 Thread 0x00007efe904b54b0 DEOPT PACKING pc=0x00007efee3ca5d85 sp=0x00007efeab7fe530
Event: 64.991 Thread 0x00007efe904b54b0 DEOPT UNPACKING pc=0x00007efee3505325 sp=0x00007efeab7fda20 mode 0
Event: 64.992 Thread 0x00007efe904b54b0 DEOPT PACKING pc=0x00007efee3ca5d85 sp=0x00007efeab7fe530
Event: 64.992 Thread 0x00007efe904b54b0 DEOPT UNPACKING pc=0x00007efee3505325 sp=0x00007efeab7fda20 mode 0
Event: 64.994 Thread 0x00007efe904b54b0 DEOPT PACKING pc=0x00007efee3ca5d85 sp=0x00007efeab7fe530
Event: 64.994 Thread 0x00007efe904b54b0 DEOPT UNPACKING pc=0x00007efee3505325 sp=0x00007efeab7fda20 mode 0
Event: 64.996 Thread 0x00007efe904b54b0 DEOPT PACKING pc=0x00007efee3ca5d85 sp=0x00007efeab7fe530
Event: 64.996 Thread 0x00007efe904b54b0 DEOPT UNPACKING pc=0x00007efee3505325 sp=0x00007efeab7fda20 mode 0
Event: 65.065 Thread 0x00007efe904b54b0 DEOPT PACKING pc=0x00007efee3ca5d85 sp=0x00007efeab7fe530
Event: 65.065 Thread 0x00007efe904b54b0 DEOPT UNPACKING pc=0x00007efee3505325 sp=0x00007efeab7fda20 mode 0
Event: 565.463 Thread 0x00007efe680bee40 Uncommon trap: trap_request=0xffffffcd fr.pc=0x00007efeeb0eeeee relative=0x000000000000006e
Event: 565.463 Thread 0x00007efe680bee40 Uncommon trap: reason=intrinsic_or_type_checked_inlining action=reinterpret pc=0x00007efeeb0eeeee method=org.eclipse.jdt.internal.core.JavaElement.getJavaProject()Lorg/eclipse/jdt/core/IJavaProject; @ 0 jvmci
Event: 565.463 Thread 0x00007efe680bee40 DEOPT PACKING pc=0x00007efeeb0eeeee sp=0x00007efeaabfde80
Event: 565.463 Thread 0x00007efe680bee40 DEOPT UNPACKING pc=0x00007efee3505325 sp=0x00007efeaabfd328 mode 3
Event: 696.471 Thread 0x00007efe680b02d0 Uncommon trap: trap_request=0xffffffcd fr.pc=0x00007efeeb0f0a25 relative=0x0000000000001025
Event: 696.471 Thread 0x00007efe680b02d0 Uncommon trap: reason=intrinsic_or_type_checked_inlining action=reinterpret pc=0x00007efeeb0f0a25 method=org.eclipse.jdt.internal.compiler.parser.Scanner.getNextToken0()I @ 2842 jvmci
Event: 696.471 Thread 0x00007efe680b02d0 DEOPT PACKING pc=0x00007efeeb0f0a25 sp=0x00007efeabcfddd0
Event: 696.471 Thread 0x00007efe680b02d0 DEOPT UNPACKING pc=0x00007efee3505325 sp=0x00007efeabcfd210 mode 3

Classes unloaded (20 events):
Event: 137.360 Thread 0x00007efefc0a1c10 Unloading class 0x0000000800ef0000 'jdk/internal/reflect/GeneratedConstructorAccessor8'
Event: 137.360 Thread 0x00007efefc0a1c10 Unloading class 0x0000000800d99000 'java/lang/invoke/LambdaForm$MH+0x0000000800d99000'
Event: 137.360 Thread 0x00007efefc0a1c10 Unloading class 0x0000000800d98c00 'java/lang/invoke/LambdaForm$MH+0x0000000800d98c00'
Event: 137.360 Thread 0x00007efefc0a1c10 Unloading class 0x0000000800d98800 'java/lang/invoke/LambdaForm$MH+0x0000000800d98800'
Event: 137.360 Thread 0x00007efefc0a1c10 Unloading class 0x0000000800d98400 'java/lang/invoke/LambdaForm$MH+0x0000000800d98400'
Event: 137.360 Thread 0x00007efefc0a1c10 Unloading class 0x0000000800d98000 'jdk/internal/reflect/GeneratedConstructorAccessor3'
Event: 137.360 Thread 0x00007efefc0a1c10 Unloading class 0x0000000800d06800 'java/lang/invoke/LambdaForm$MH+0x0000000800d06800'
Event: 137.360 Thread 0x00007efefc0a1c10 Unloading class 0x0000000800d06000 'java/lang/invoke/LambdaForm$MH+0x0000000800d06000'
Event: 137.360 Thread 0x00007efefc0a1c10 Unloading class 0x0000000800d05c00 'java/lang/invoke/LambdaForm$MH+0x0000000800d05c00'
Event: 137.360 Thread 0x00007efefc0a1c10 Unloading class 0x0000000800d05800 'java/lang/invoke/LambdaForm$MH+0x0000000800d05800'
Event: 137.360 Thread 0x00007efefc0a1c10 Unloading class 0x0000000800d05000 'java/lang/invoke/LambdaForm$MH+0x0000000800d05000'
Event: 137.360 Thread 0x00007efefc0a1c10 Unloading class 0x0000000800d04c00 'java/lang/invoke/LambdaForm$MH+0x0000000800d04c00'
Event: 137.360 Thread 0x00007efefc0a1c10 Unloading class 0x0000000800d04800 'java/lang/invoke/LambdaForm$MH+0x0000000800d04800'
Event: 137.360 Thread 0x00007efefc0a1c10 Unloading class 0x0000000800d04000 'java/lang/invoke/LambdaForm$MH+0x0000000800d04000'
Event: 137.360 Thread 0x00007efefc0a1c10 Unloading class 0x0000000800c1d000 'jdk/internal/reflect/GeneratedMethodAccessor5'
Event: 137.360 Thread 0x00007efefc0a1c10 Unloading class 0x0000000800c1cc00 'jdk/internal/reflect/GeneratedMethodAccessor4'
Event: 137.360 Thread 0x00007efefc0a1c10 Unloading class 0x0000000800c1c800 'jdk/internal/reflect/GeneratedMethodAccessor3'
Event: 137.360 Thread 0x00007efefc0a1c10 Unloading class 0x0000000800c1c400 'jdk/internal/reflect/GeneratedMethodAccessor2'
Event: 137.360 Thread 0x00007efefc0a1c10 Unloading class 0x0000000800c1c000 'jdk/internal/reflect/GeneratedMethodAccessor1'
Event: 137.360 Thread 0x00007efefc0a1c10 Unloading class 0x0000000800c01c00 'java/lang/invoke/LambdaForm$DMH+0x0000000800c01c00'

Classes redefined (0 events):
No events

Internal exceptions (20 events):
Event: 38.884 Thread 0x00007efe90335320 Exception <a 'java/io/FileNotFoundException'{0x00000000f625c3c0}> (0x00000000f625c3c0) 
thrown [src/hotspot/share/prims/jni.cpp, line 516]
Event: 38.962 Thread 0x00007efe90335320 Exception <a 'java/lang/NoSuchMethodError'{0x00000000f628f390}: 'java.lang.Object java.lang.invoke.DirectMethodHandle$Holder.newInvokeSpecial(java.lang.Object, java.lang.Object, int, java.lang.Object, java.lang.Object)'> (0x00000000f628f390) 
thrown [src/hotspot/share/interpreter/linkResolver.cpp, line 758]
Event: 38.963 Thread 0x00007efe90335320 Exception <a 'java/lang/NoSuchMethodError'{0x00000000f6293cc8}: 'java.lang.Object java.lang.invoke.DirectMethodHandle$Holder.invokeSpecial(java.lang.Object, java.lang.Object, java.lang.Object, int, java.lang.Object, java.lang.Object)'> (0x00000000f6293cc8) 
thrown [src/hotspot/share/interpreter/linkResolver.cpp, line 758]
Event: 39.059 Thread 0x00007efe90335320 Implicit null exception at 0x00007efeeb1603b0 to 0x00007efeeb160606
Event: 39.159 Thread 0x00007efe90335320 Exception <a 'java/lang/NoSuchMethodError'{0x00000000f6a14cc0}: 'java.lang.Object java.lang.invoke.DirectMethodHandle$Holder.newInvokeSpecial(java.lang.Object, java.lang.Object, java.lang.Object, int, java.lang.Object)'> (0x00000000f6a14cc0) 
thrown [src/hotspot/share/interpreter/linkResolver.cpp, line 758]
Event: 39.159 Thread 0x00007efe90335320 Exception <a 'java/lang/NoSuchMethodError'{0x00000000f6a190c0}: 'java.lang.Object java.lang.invoke.DirectMethodHandle$Holder.invokeSpecial(java.lang.Object, java.lang.Object, java.lang.Object, java.lang.Object, int, java.lang.Object)'> (0x00000000f6a190c0) 
thrown [src/hotspot/share/interpreter/linkResolver.cpp, line 758]
Event: 39.160 Thread 0x00007efe90335320 Exception <a 'java/lang/NoSuchMethodError'{0x00000000f6a1cde8}: 'java.lang.Object java.lang.invoke.Invokers$Holder.linkToTargetMethod(java.lang.Object, java.lang.Object, int, java.lang.Object, java.lang.Object)'> (0x00000000f6a1cde8) 
thrown [src/hotspot/share/interpreter/linkResolver.cpp, line 758]
Event: 41.663 Thread 0x00007efe90335320 Implicit null exception at 0x00007efeeb0bdae9 to 0x00007efeeb0bdc9b
Event: 49.879 Thread 0x00007efe680bd380 Exception <a 'java/lang/NoSuchMethodError'{0x00000000f5937710}: 'java.lang.Object java.lang.invoke.DirectMethodHandle$Holder.invokeStatic(java.lang.Object, int, java.lang.Object, java.lang.Object, java.lang.Object, java.lang.Object)'> (0x00000000f5937710) 
thrown [src/hotspot/share/interpreter/linkResolver.cpp, line 758]
Event: 49.883 Thread 0x00007efe680bdec0 Exception <a 'java/lang/NoSuchMethodError'{0x00000000f5a75d98}: 'java.lang.Object java.lang.invoke.DirectMethodHandle$Holder.newInvokeSpecial(java.lang.Object, int, java.lang.Object, java.lang.Object, java.lang.Object)'> (0x00000000f5a75d98) 
thrown [src/hotspot/share/interpreter/linkResolver.cpp, line 758]
Event: 50.281 Thread 0x00007efe680bee40 Exception <a 'java/lang/NoSuchMethodError'{0x00000000f5677010}: 'java.lang.Object java.lang.invoke.DirectMethodHandle$Holder.newInvokeSpecial(java.lang.Object, java.lang.Object, int, java.lang.Object, java.lang.Object, java.lang.Object, java.lang.Object)'> (0x00000000f5677010) 
thrown [src/hotspot/share/interpreter/linkResolver.cpp, line 758]
Event: 50.465 Thread 0x00007efe680bdec0 Exception <a 'java/lang/NoSuchMethodError'{0x00000000f61b9150}: 'void java.lang.invoke.DirectMethodHandle$Holder.invokeSpecial(java.lang.Object, java.lang.Object, int)'> (0x00000000f61b9150) 
thrown [src/hotspot/share/interpreter/linkResolver.cpp, line 758]
Event: 50.466 Thread 0x00007efe680bee40 Exception <a 'java/lang/NoSuchMethodError'{0x00000000f620ac58}: 'void java.lang.invoke.DirectMethodHandle$Holder.invokeSpecial(java.lang.Object, java.lang.Object, int)'> (0x00000000f620ac58) 
thrown [src/hotspot/share/interpreter/linkResolver.cpp, line 758]
Event: 51.667 Thread 0x00007efe680bdec0 Exception <a 'java/lang/NoSuchMethodError'{0x00000000f5937680}: 'int java.lang.invoke.DirectMethodHandle$Holder.invokeSpecialIFC(java.lang.Object, java.lang.Object, java.lang.Object, java.lang.Object)'> (0x00000000f5937680) 
thrown [src/hotspot/share/interpreter/linkResolver.cpp, line 758]
Event: 841.458 Thread 0x00007efe680b02d0 Exception <a 'java/lang/OutOfMemoryError'{0x00000000e00105b8}> (0x00000000e00105b8) 
thrown [src/hotspot/share/gc/shared/memAllocator.cpp, line 136]
Event: 897.466 Thread 0x00007efe680bee40 Exception <a 'java/lang/OutOfMemoryError'{0x00000000e0010888}> (0x00000000e0010888) 
thrown [src/hotspot/share/gc/shared/memAllocator.cpp, line 136]
Event: 1040.672 Thread 0x00007efefc3bb380 Exception <a 'java/lang/OutOfMemoryError'{0x00000000e0010e78}> (0x00000000e0010e78) 
thrown [src/hotspot/share/gc/shared/memAllocator.cpp, line 136]
Event: 1044.507 Thread 0x00007efefc3bb380 Exception <a 'java/lang/OutOfMemoryError'{0x00000000e0010e78}> (0x00000000e0010e78) 
thrown [src/hotspot/share/gc/shared/memAllocator.cpp, line 136]
Event: 1046.955 Thread 0x00007efe680b02d0 Exception <a 'java/lang/OutOfMemoryError'{0x00000000e0010e78}> (0x00000000e0010e78) 
thrown [src/hotspot/share/gc/shared/memAllocator.cpp, line 136]
Event: 1054.098 Thread 0x00007efefc0b2210 Exception <a 'java/lang/OutOfMemoryError'{0x00000000e0010e78}> (0x00000000e0010e78) 
thrown [src/hotspot/share/gc/shared/memAllocator.cpp, line 136]

VM Operations (20 events):
Event: 1037.282 Executing VM operation: ParallelGCFailedAllocation
Event: 1038.477 Executing VM operation: ParallelGCFailedAllocation done
Event: 1038.477 Executing VM operation: ParallelGCFailedAllocation
Event: 1040.672 Executing VM operation: ParallelGCFailedAllocation done
Event: 1040.672 Executing VM operation: ParallelGCFailedAllocation
Event: 1041.907 Executing VM operation: ParallelGCFailedAllocation done
Event: 1041.907 Executing VM operation: ParallelGCFailedAllocation
Event: 1044.507 Executing VM operation: ParallelGCFailedAllocation done
Event: 1044.507 Executing VM operation: ParallelGCFailedAllocation
Event: 1046.952 Executing VM operation: ParallelGCFailedAllocation done
Event: 1046.955 Executing VM operation: ParallelGCFailedAllocation
Event: 1048.171 Executing VM operation: ParallelGCFailedAllocation done
Event: 1048.172 Executing VM operation: ParallelGCFailedAllocation
Event: 1049.288 Executing VM operation: ParallelGCFailedAllocation done
Event: 1049.289 Executing VM operation: ParallelGCFailedAllocation
Event: 1050.556 Executing VM operation: ParallelGCFailedAllocation done
Event: 1050.556 Executing VM operation: ParallelGCFailedAllocation
Event: 1051.673 Executing VM operation: ParallelGCFailedAllocation done
Event: 1051.673 Executing VM operation: ParallelGCFailedAllocation
Event: 1054.098 Executing VM operation: ParallelGCFailedAllocation done

Events (20 events):
Event: 643.202 Thread 0x00007efe680b2120 Thread added: 0x00007efe680b2120
Event: 643.256 Protecting memory [0x00007efeaa700000,0x00007efeaa704000] with protection modes 0
Event: 841.458 loading class java/util/concurrent/CompletionException
Event: 841.458 loading class java/util/concurrent/CompletionException done
Event: 844.958 loading class java/util/concurrent/CancellationException
Event: 850.492 loading class java/util/concurrent/CancellationException done
Event: 906.774 loading class java/util/logging/LogRecord
Event: 928.892 loading class java/util/logging/LogRecord done
Event: 968.398 loading class java/util/logging/ConsoleHandler
Event: 968.398 loading class java/util/logging/StreamHandler
Event: 968.398 Thread 0x00007efe680b2a10 Thread added: 0x00007efe680b2a10
Event: 968.398 loading class java/util/logging/StreamHandler done
Event: 968.398 loading class java/util/logging/ConsoleHandler done
Event: 968.398 Protecting memory [0x00007efeabe00000,0x00007efeabe04000] with protection modes 0
Event: 1003.087 Thread 0x00007efe680bd380 Thread exited: 0x00007efe680bd380
Event: 1008.185 Thread 0x00007efe680b1830 Thread exited: 0x00007efe680b1830
Event: 1014.083 loading class java/util/logging/SimpleFormatter
Event: 1014.083 loading class java/util/logging/Formatter
Event: 1018.905 loading class java/util/logging/Formatter done
Event: 1018.905 loading class java/util/logging/SimpleFormatter done


Dynamic libraries:
e0000000-f5580000 rw-p 00000000 00:00 0 
f5580000-f7100000 rw-p 00000000 00:00 0 
f7100000-100000000 ---p 00000000 00:00 0 
800000000-800449000 rw-p 00001000 00:20a9 4611686019135357769            /nix/store/gpxl5qgg8kicmcvivwmybwjlpf7wh20l-graalvm17-ce-22.3.0/lib/server/classes.jsa
800449000-800bc8000 r--p 0044a000 00:20a9 4611686019135357769            /nix/store/gpxl5qgg8kicmcvivwmybwjlpf7wh20l-graalvm17-ce-22.3.0/lib/server/classes.jsa
800bc8000-800c00000 ---p 00000000 00:00 0 
800c00000-800c20000 rw-p 00000000 00:00 0 
800c20000-800c40000 rw-p 00000000 00:00 0 
800c40000-800cc0000 rw-p 00000000 00:00 0 
800cc0000-800d00000 rw-p 00000000 00:00 0 
800d00000-800dc0000 rw-p 00000000 00:00 0 
800dc0000-800e00000 rw-p 00000000 00:00 0 
800e00000-800f40000 rw-p 00000000 00:00 0 
800f40000-800fc0000 rw-p 00000000 00:00 0 
800fc0000-801000000 rw-p 00000000 00:00 0 
801000000-801240000 rw-p 00000000 00:00 0 
801240000-840c00000 ---p 00000000 00:00 0 
560ec4423000-560ec4424000 r-xp 00000000 00:20a9 4611686019099417844      /nix/store/gpxl5qgg8kicmcvivwmybwjlpf7wh20l-graalvm17-ce-22.3.0/bin/.java-wrapped
560ec4425000-560ec4426000 r--p 00001000 00:20a9 4611686019099417844      /nix/store/gpxl5qgg8kicmcvivwmybwjlpf7wh20l-graalvm17-ce-22.3.0/bin/.java-wrapped
560ec4426000-560ec4427000 rw-p 00002000 00:20a9 4611686019099417844      /nix/store/gpxl5qgg8kicmcvivwmybwjlpf7wh20l-graalvm17-ce-22.3.0/bin/.java-wrapped
560ec4427000-560ec4428000 rw-p 00004000 00:20a9 4611686019099417844      /nix/store/gpxl5qgg8kicmcvivwmybwjlpf7wh20l-graalvm17-ce-22.3.0/bin/.java-wrapped
560ec4428000-560ec4429000 rw-p 00005000 00:20a9 4611686019099417844      /nix/store/gpxl5qgg8kicmcvivwmybwjlpf7wh20l-graalvm17-ce-22.3.0/bin/.java-wrapped
560ec604b000-560ec6093000 rw-p 00000000 00:00 0                          [heap]
7efe2c000000-7efe2c0a7000 rw-p 00000000 00:00 0 
7efe2c0a7000-7efe30000000 ---p 00000000 00:00 0 
7efe34000000-7efe34069000 rw-p 00000000 00:00 0 
7efe34069000-7efe38000000 ---p 00000000 00:00 0 
7efe38000000-7efe38102000 rw-p 00000000 00:00 0 
7efe38102000-7efe3c000000 ---p 00000000 00:00 0 
7efe3c000000-7efe3c021000 rw-p 00000000 00:00 0 
7efe3c021000-7efe40000000 ---p 00000000 00:00 0 
7efe40000000-7efe40021000 rw-p 00000000 00:00 0 
7efe40021000-7efe44000000 ---p 00000000 00:00 0 
7efe44000000-7efe44021000 rw-p 00000000 00:00 0 
7efe44021000-7efe48000000 ---p 00000000 00:00 0 
7efe48000000-7efe48021000 rw-p 00000000 00:00 0 
7efe48021000-7efe4c000000 ---p 00000000 00:00 0 
7efe4c000000-7efe4c026000 rw-p 00000000 00:00 0 
7efe4c026000-7efe50000000 ---p 00000000 00:00 0 
7efe51000000-7efe51160000 rw-p 00000000 00:00 0 
7efe51160000-7efe51200000 ---p 00000000 00:00 0 
7efe51200000-7efe51670000 rw-p 00000000 00:00 0 
7efe51670000-7efe51800000 ---p 00000000 00:00 0 
7efe51800000-7efe51980000 rw-p 00000000 00:00 0 
7efe51980000-7efe51a00000 rw-p 00000000 00:00 0 
7efe51a00000-7efe51ca0000 rw-p 00000000 00:00 0 
7efe51ca0000-7efe52000000 rw-p 00000000 00:00 0 
7efe524b3000-7efe5c000000 r--s 00000000 00:20a9 4611686019135192581      /nix/store/gpxl5qgg8kicmcvivwmybwjlpf7wh20l-graalvm17-ce-22.3.0/lib/modules
7efe5c000000-7efe5c4fa000 rw-p 00000000 00:00 0 
7efe5c4fa000-7efe60000000 ---p 00000000 00:00 0 
7efe60000000-7efe60021000 rw-p 00000000 00:00 0 
7efe60021000-7efe64000000 ---p 00000000 00:00 0 
7efe64000000-7efe6412e000 rw-p 00000000 00:00 0 
7efe6412e000-7efe68000000 ---p 00000000 00:00 0 
7efe68000000-7efe681c6000 rw-p 00000000 00:00 0 
7efe681c6000-7efe6c000000 ---p 00000000 00:00 0 
7efe6c000000-7efe6c021000 rw-p 00000000 00:00 0 
7efe6c021000-7efe70000000 ---p 00000000 00:00 0 
7efe70000000-7efe70021000 rw-p 00000000 00:00 0 
7efe70021000-7efe74000000 ---p 00000000 00:00 0 
7efe74000000-7efe74076000 rw-p 00000000 00:00 0 
7efe74076000-7efe78000000 ---p 00000000 00:00 0 
7efe78000000-7efe78064000 rw-p 00000000 00:00 0 
7efe78064000-7efe7c000000 ---p 00000000 00:00 0 
7efe7c000000-7efe7c021000 rw-p 00000000 00:00 0 
7efe7c021000-7efe80000000 ---p 00000000 00:00 0 
7efe80000000-7efe80493000 rw-p 00000000 00:00 0 
7efe80493000-7efe84000000 ---p 00000000 00:00 0 
7efe84000000-7efe84021000 rw-p 00000000 00:00 0 
7efe84021000-7efe88000000 ---p 00000000 00:00 0 
7efe88000000-7efe88021000 rw-p 00000000 00:00 0 
7efe88021000-7efe8c000000 ---p 00000000 00:00 0 
7efe8d800000-7efe8d900000 rw-p 00000000 00:00 0 
7efe8d900000-7efe8da00000 rw-p 00000000 00:00 0 
7efe8da00000-7efe8e000000 rw-p 00000000 00:00 0 
7efe8e000000-7efe8e100000 rw-p 00000000 00:00 0 
7efe8e100000-7efe8e300000 rw-p 00000000 00:00 0 
7efe8e300000-7efe8e400000 rw-p 00000000 00:00 0 
7efe8e400000-7efe8e500000 rw-p 00000000 00:00 0 
7efe8e500000-7efe8e600000 rw-p 00000000 00:00 0 
7efe8e600000-7efe8e800000 rw-p 00000000 00:00 0 
7efe8f000000-7efe8f100000 rw-p 00000000 00:00 0 
7efe8f100000-7efe8f200000 rw-p 00000000 00:00 0 
7efe8f200000-7efe8f780000 rw-p 00000000 00:00 0 
7efe8f780000-7efe8f800000 rw-p 00000000 00:00 0 
7efe8f800000-7efe8f900000 rw-p 00000000 00:00 0 
7efe8f900000-7efe8fa00000 rw-p 00000000 00:00 0 
7efe8fa00000-7efe8fd00000 rw-p 00000000 00:00 0 
7efe8fd00000-7efe8fe00000 rw-p 00000000 00:00 0 
7efe8fe00000-7efe90000000 rw-p 00000000 00:00 0 
7efe90000000-7efe908eb000 rw-p 00000000 00:00 0 
7efe908eb000-7efe94000000 ---p 00000000 00:00 0 
7efe94000000-7efe9402e000 rw-p 00000000 00:00 0 
7efe9402e000-7efe98000000 ---p 00000000 00:00 0 
7efe98000000-7efe98021000 rw-p 00000000 00:00 0 
7efe98021000-7efe9c000000 ---p 00000000 00:00 0 
7efe9c000000-7efe9c021000 rw-p 00000000 00:00 0 
7efe9c021000-7efea0000000 ---p 00000000 00:00 0 
7efea0000000-7efea0021000 rw-p 00000000 00:00 0 
7efea0021000-7efea4000000 ---p 00000000 00:00 0 
7efea4000000-7efea4021000 rw-p 00000000 00:00 0 
7efea4021000-7efea8000000 ---p 00000000 00:00 0 
7efea8c00000-7efea8c10000 r-xp 00000000 00:20a6 378                      /home/runner/.cache/jdt-language-server/config/org.eclipse.equinox.launcher/org.eclipse.equinox.launcher.gtk.linux.x86_64_1.2.400.v20211117-0650/eclipse_11600.so
7efea8c10000-7efea8e0f000 ---p 00010000 00:20a6 378                      /home/runner/.cache/jdt-language-server/config/org.eclipse.equinox.launcher/org.eclipse.equinox.launcher.gtk.linux.x86_64_1.2.400.v20211117-0650/eclipse_11600.so
7efea8e0f000-7efea8e10000 r--p 0000f000 00:20a6 378                      /home/runner/.cache/jdt-language-server/config/org.eclipse.equinox.launcher/org.eclipse.equinox.launcher.gtk.linux.x86_64_1.2.400.v20211117-0650/eclipse_11600.so
7efea8e10000-7efea8e11000 rw-p 00010000 00:20a6 378                      /home/runner/.cache/jdt-language-server/config/org.eclipse.equinox.launcher/org.eclipse.equinox.launcher.gtk.linux.x86_64_1.2.400.v20211117-0650/eclipse_11600.so
7efea9300000-7efea9400000 ---p 00000000 00:00 0 
7efea9400000-7efea99af000 r--p 01122000 00:20a9 4611686019135190040      /nix/store/gpxl5qgg8kicmcvivwmybwjlpf7wh20l-graalvm17-ce-22.3.0/lib/libjvmcicompiler.so
7efea99af000-7efea9b00000 r--p 00000000 00:00 0 
7efea9b00000-7efea9b3d000 rw-p 00000000 00:00 0 
7efea9b3d000-7efeaa05d000 rw-p 0185f000 00:20a9 4611686019135190040      /nix/store/gpxl5qgg8kicmcvivwmybwjlpf7wh20l-graalvm17-ce-22.3.0/lib/libjvmcicompiler.so
7efeaa05d000-7efeaa444000 r--p 01d7f000 00:20a9 4611686019135190040      /nix/store/gpxl5qgg8kicmcvivwmybwjlpf7wh20l-graalvm17-ce-22.3.0/lib/libjvmcicompiler.so
7efeaa500000-7efeaa504000 ---p 00000000 00:00 0 
7efeaa504000-7efeaa600000 rw-p 00000000 00:00 0 
7efeaa700000-7efeaa704000 ---p 00000000 00:00 0 
7efeaa704000-7efeaa800000 rw-p 00000000 00:00 0 
7efeaa900000-7efeaa904000 ---p 00000000 00:00 0 
7efeaa904000-7efeaaa00000 rw-p 00000000 00:00 0 
7efeaab00000-7efeaab04000 ---p 00000000 00:00 0 
7efeaab04000-7efeaac00000 rw-p 00000000 00:00 0 
7efeaad00000-7efeaad04000 ---p 00000000 00:00 0 
7efeaad04000-7efeaae00000 rw-p 00000000 00:00 0 
7efeaaf00000-7efeaaf04000 ---p 00000000 00:00 0 
7efeaaf04000-7efeab000000 rw-p 00000000 00:00 0 
7efeab100000-7efeab104000 ---p 00000000 00:00 0 
7efeab104000-7efeab200000 rw-p 00000000 00:00 0 
7efeab200000-7efeab204000 ---p 00000000 00:00 0 
7efeab204000-7efeab300000 rw-p 00000000 00:00 0 
7efeab300000-7efeab304000 ---p 00000000 00:00 0 
7efeab304000-7efeab400000 rw-p 00000000 00:00 0 
7efeab500000-7efeab504000 ---p 00000000 00:00 0 
7efeab504000-7efeab600000 rw-p 00000000 00:00 0 
7efeab700000-7efeab704000 ---p 00000000 00:00 0 
7efeab704000-7efeab800000 rw-p 00000000 00:00 0 
7efeab900000-7efeab904000 ---p 00000000 00:00 0 
7efeab904000-7efeaba00000 rw-p 00000000 00:00 0 
7efeaba00000-7efeaba04000 ---p 00000000 00:00 0 
7efeaba04000-7efeabb00000 rw-p 00000000 00:00 0 
7efeabb00000-7efeabb04000 ---p 00000000 00:00 0 
7efeabb04000-7efeabc00000 rw-p 00000000 00:00 0 
7efeabc00000-7efeabc04000 ---p 00000000 00:00 0 
7efeabc04000-7efeabd00000 rw-p 00000000 00:00 0 
7efeabd00000-7efeabd04000 ---p 00000000 00:00 0 
7efeabd04000-7efeabe00000 rw-p 00000000 00:00 0 
7efeabe00000-7efeabe04000 ---p 00000000 00:00 0 
7efeabe04000-7efeabf00000 rw-p 00000000 00:00 0 
7efeabf00000-7efeabf04000 ---p 00000000 00:00 0 
7efeabf04000-7efeac000000 rw-p 00000000 00:00 0 
7efeac000000-7efeac021000 rw-p 00000000 00:00 0 
7efeac021000-7efeb0000000 ---p 00000000 00:00 0 
7efeb0100000-7efeb0104000 ---p 00000000 00:00 0 
7efeb0104000-7efeb0200000 rw-p 00000000 00:00 0 
7efeb0200000-7efeb0204000 ---p 00000000 00:00 0 
7efeb0204000-7efeb0300000 rw-p 00000000 00:00 0 
7efeb0300000-7efeb0304000 ---p 00000000 00:00 0 
7efeb0304000-7efeb0400000 rw-p 00000000 00:00 0 
7efeb0500000-7efeb0504000 ---p 00000000 00:00 0 
7efeb0504000-7efeb0600000 rw-p 00000000 00:00 0 
7efeb0600000-7efeb0604000 ---p 00000000 00:00 0 
7efeb0604000-7efeb0700000 rw-p 00000000 00:00 0 
7efeb0700000-7efeb0704000 ---p 00000000 00:00 0 
7efeb0704000-7efeb0800000 rw-p 00000000 00:00 0 
7efeb1468000-7efeb1900000 rw-p 00000000 00:00 0 
7efeb1a00000-7efeb3b6a000 r-xp 00000000 00:20a9 4611686019135190040      /nix/store/gpxl5qgg8kicmcvivwmybwjlpf7wh20l-graalvm17-ce-22.3.0/lib/libjvmcicompiler.so
7efeb3b6a000-7efeb3d69000 ---p 0216a000 00:20a9 4611686019135190040      /nix/store/gpxl5qgg8kicmcvivwmybwjlpf7wh20l-graalvm17-ce-22.3.0/lib/libjvmcicompiler.so
7efeb3d69000-7efeb3d6a000 r--p 02169000 00:20a9 4611686019135190040      /nix/store/gpxl5qgg8kicmcvivwmybwjlpf7wh20l-graalvm17-ce-22.3.0/lib/libjvmcicompiler.so
7efeb3d6a000-7efeb3d6c000 rw-p 0216a000 00:20a9 4611686019135190040      /nix/store/gpxl5qgg8kicmcvivwmybwjlpf7wh20l-graalvm17-ce-22.3.0/lib/libjvmcicompiler.so
7efeb3d6c000-7efeb3d6d000 rw-p 00000000 00:00 0 
7efeb3d6d000-7efeb3d72000 rw-p 023c3000 00:20a9 4611686019135190040      /nix/store/gpxl5qgg8kicmcvivwmybwjlpf7wh20l-graalvm17-ce-22.3.0/lib/libjvmcicompiler.so
7efeb3dfe000-7efeb3dff000 ---p 00000000 00:00 0 
7efeb3dff000-7efeb3f00000 rw-p 00000000 00:00 0 
7efeb3f00000-7efeb3f04000 ---p 00000000 00:00 0 
7efeb3f04000-7efeb4000000 rw-p 00000000 00:00 0 
7efeb4000000-7efeb4021000 rw-p 00000000 00:00 0 
7efeb4021000-7efeb8000000 ---p 00000000 00:00 0 
7efeb8000000-7efeb8021000 rw-p 00000000 00:00 0 
7efeb8021000-7efebc000000 ---p 00000000 00:00 0 
7efebc000000-7efebc0ee000 rw-p 00000000 00:00 0 
7efebc0ee000-7efec0000000 ---p 00000000 00:00 0 
7efec0000000-7efec0b17000 rw-p 00000000 00:00 0 
7efec0b17000-7efec4000000 ---p 00000000 00:00 0 
7efec4000000-7efec4021000 rw-p 00000000 00:00 0 
7efec4021000-7efec8000000 ---p 00000000 00:00 0 
7efec8000000-7efec8021000 rw-p 00000000 00:00 0 
7efec8021000-7efecc000000 ---p 00000000 00:00 0 
7efecc000000-7efecc021000 rw-p 00000000 00:00 0 
7efecc021000-7efed0000000 ---p 00000000 00:00 0 
7efed0000000-7efed0021000 rw-p 00000000 00:00 0 
7efed0021000-7efed4000000 ---p 00000000 00:00 0 
7efed4000000-7efed4025000 rw-p 00000000 00:00 0 
7efed4025000-7efed8000000 ---p 00000000 00:00 0 
7efed8000000-7efed8021000 rw-p 00000000 00:00 0 
7efed8021000-7efedc000000 ---p 00000000 00:00 0 
7efedc000000-7efedc118000 rw-p 00000000 00:00 0 
7efedc118000-7efee0000000 ---p 00000000 00:00 0 
7efee0048000-7efee004c000 ---p 00000000 00:00 0 
7efee004c000-7efee0148000 rw-p 00000000 00:00 0 
7efee0148000-7efee014c000 ---p 00000000 00:00 0 
7efee014c000-7efee0248000 rw-p 00000000 00:00 0 
7efee0248000-7efee024c000 ---p 00000000 00:00 0 
7efee024c000-7efee0448000 rw-p 00000000 00:00 0 
7efee0448000-7efee044c000 ---p 00000000 00:00 0 
7efee044c000-7efee0648000 rw-p 00000000 00:00 0 
7efee0648000-7efee064c000 ---p 00000000 00:00 0 
7efee064c000-7efee0748000 rw-p 00000000 00:00 0 
7efee0748000-7efee074c000 ---p 00000000 00:00 0 
7efee074c000-7efee0848000 rw-p 00000000 00:00 0 
7efee0848000-7efee084c000 ---p 00000000 00:00 0 
7efee084c000-7efee0948000 rw-p 00000000 00:00 0 
7efee0948000-7efee0c2e000 r--p 00000000 00:2094 28444448                 /usr/lib/locale/locale-archive
7efee0c2e000-7efee0c32000 ---p 00000000 00:00 0 
7efee0c32000-7efee0d2e000 rw-p 00000000 00:00 0 
7efee0d2e000-7efee0d32000 ---p 00000000 00:00 0 
7efee0d32000-7efee0e2e000 rw-p 00000000 00:00 0 
7efee0e2e000-7efee0e2f000 ---p 00000000 00:00 0 
7efee0e2f000-7efee0f30000 rw-p 00000000 00:00 0 
7efee0f30000-7efee0ffe000 r-xp 00000000 00:20a9 4611686019135190036      /nix/store/gpxl5qgg8kicmcvivwmybwjlpf7wh20l-graalvm17-ce-22.3.0/lib/libjsvml.so
7efee0ffe000-7efee0fff000 r--p 000cd000 00:20a9 4611686019135190036      /nix/store/gpxl5qgg8kicmcvivwmybwjlpf7wh20l-graalvm17-ce-22.3.0/lib/libjsvml.so
7efee0fff000-7efee1000000 rw-p 000ce000 00:20a9 4611686019135190036      /nix/store/gpxl5qgg8kicmcvivwmybwjlpf7wh20l-graalvm17-ce-22.3.0/lib/libjsvml.so
7efee1000000-7efee1400000 rw-p 00000000 00:00 0 
7efee1400000-7efee1700000 rw-p 00000000 00:00 0 
7efee1700000-7efee1800000 rw-p 00000000 00:00 0 
7efee184f000-7efee1851000 r-xp 00000000 00:20a9 4611686019135190017      /nix/store/gpxl5qgg8kicmcvivwmybwjlpf7wh20l-graalvm17-ce-22.3.0/lib/libextnet.so
7efee1851000-7efee1852000 r--p 00001000 00:20a9 4611686019135190017      /nix/store/gpxl5qgg8kicmcvivwmybwjlpf7wh20l-graalvm17-ce-22.3.0/lib/libextnet.so
7efee1852000-7efee1853000 rw-p 00002000 00:20a9 4611686019135190017      /nix/store/gpxl5qgg8kicmcvivwmybwjlpf7wh20l-graalvm17-ce-22.3.0/lib/libextnet.so
7efee1853000-7efee1854000 rw-p 00004000 00:20a9 4611686019135190017      /nix/store/gpxl5qgg8kicmcvivwmybwjlpf7wh20l-graalvm17-ce-22.3.0/lib/libextnet.so
7efee1854000-7efee1858000 ---p 00000000 00:00 0 
7efee1858000-7efee1876000 rw-p 00000000 00:00 0 
7efee1876000-7efee187d000 r-xp 00000000 00:20a9 4611686019135192580      /nix/store/gpxl5qgg8kicmcvivwmybwjlpf7wh20l-graalvm17-ce-22.3.0/lib/libzip.so
7efee187d000-7efee187e000 ---p 00007000 00:20a9 4611686019135192580      /nix/store/gpxl5qgg8kicmcvivwmybwjlpf7wh20l-graalvm17-ce-22.3.0/lib/libzip.so
7efee187e000-7efee187f000 r--p 00007000 00:20a9 4611686019135192580      /nix/store/gpxl5qgg8kicmcvivwmybwjlpf7wh20l-graalvm17-ce-22.3.0/lib/libzip.so
7efee187f000-7efee1880000 rw-p 00008000 00:20a9 4611686019135192580      /nix/store/gpxl5qgg8kicmcvivwmybwjlpf7wh20l-graalvm17-ce-22.3.0/lib/libzip.so
7efee1880000-7efee1882000 rw-p 0000b000 00:20a9 4611686019135192580      /nix/store/gpxl5qgg8kicmcvivwmybwjlpf7wh20l-graalvm17-ce-22.3.0/lib/libzip.so
7efee1882000-7efee1897000 r-xp 00000000 00:20a9 4611686019135192570      /nix/store/gpxl5qgg8kicmcvivwmybwjlpf7wh20l-graalvm17-ce-22.3.0/lib/libnet.so
7efee1897000-7efee1898000 ---p 00015000 00:20a9 4611686019135192570      /nix/store/gpxl5qgg8kicmcvivwmybwjlpf7wh20l-graalvm17-ce-22.3.0/lib/libnet.so
7efee1898000-7efee1899000 r--p 00015000 00:20a9 4611686019135192570      /nix/store/gpxl5qgg8kicmcvivwmybwjlpf7wh20l-graalvm17-ce-22.3.0/lib/libnet.so
7efee1899000-7efee189a000 rw-p 00016000 00:20a9 4611686019135192570      /nix/store/gpxl5qgg8kicmcvivwmybwjlpf7wh20l-graalvm17-ce-22.3.0/lib/libnet.so
7efee189a000-7efee189d000 rw-p 0001b000 00:20a9 4611686019135192570      /nix/store/gpxl5qgg8kicmcvivwmybwjlpf7wh20l-graalvm17-ce-22.3.0/lib/libnet.so
7efee189d000-7efee18b0000 r-xp 00000000 00:20a9 4611686019135192571      /nix/store/gpxl5qgg8kicmcvivwmybwjlpf7wh20l-graalvm17-ce-22.3.0/lib/libnio.so
7efee18b0000-7efee18b1000 r--p 00012000 00:20a9 4611686019135192571      /nix/store/gpxl5qgg8kicmcvivwmybwjlpf7wh20l-graalvm17-ce-22.3.0/lib/libnio.so
7efee18b1000-7efee18b2000 rw-p 00013000 00:20a9 4611686019135192571      /nix/store/gpxl5qgg8kicmcvivwmybwjlpf7wh20l-graalvm17-ce-22.3.0/lib/libnio.so
7efee18b2000-7efee18b7000 rw-p 00019000 00:20a9 4611686019135192571      /nix/store/gpxl5qgg8kicmcvivwmybwjlpf7wh20l-graalvm17-ce-22.3.0/lib/libnio.so
7efee18b7000-7efee30da000 rw-p 00000000 00:00 0 
7efee30da000-7efee30db000 ---p 00000000 00:00 0 
7efee30db000-7efee3286000 rw-p 00000000 00:00 0 
7efee3286000-7efee3295000 rw-p 00000000 00:00 0 
7efee3295000-7efee32dc000 ---p 00000000 00:00 0 
7efee32dc000-7efee32e2000 rw-p 00000000 00:00 0 
7efee32e2000-7efee33c8000 ---p 00000000 00:00 0 
7efee33c8000-7efee33e9000 rw-p 00000000 00:00 0 
7efee33e9000-7efee34b3000 ---p 00000000 00:00 0 
7efee34b3000-7efee3723000 rwxp 00000000 00:00 0 
7efee3723000-7efee3a42000 ---p 00000000 00:00 0 
7efee3a42000-7efee4a92000 rwxp 00000000 00:00 0 
7efee4a92000-7efeeaf7a000 ---p 00000000 00:00 0 
7efeeaf7a000-7efeeb1fa000 rwxp 00000000 00:00 0 
7efeeb1fa000-7efef24b3000 ---p 00000000 00:00 0 
7efef24b3000-7efefc000000 r--s 00000000 00:20a9 4611686019135192581      /nix/store/gpxl5qgg8kicmcvivwmybwjlpf7wh20l-graalvm17-ce-22.3.0/lib/modules
7efefc000000-7efefc65a000 rw-p 00000000 00:00 0 
7efefc65a000-7eff00000000 ---p 00000000 00:00 0 
7eff00002000-7eff000b7000 rw-p 00000000 00:00 0 
7eff000b7000-7eff000bc000 rw-p 00000000 00:00 0 
7eff000bc000-7eff000c3000 ---p 00000000 00:00 0 
7eff000c3000-7eff000e7000 r-xp 00000000 00:20a9 4611686019135190028      /nix/store/gpxl5qgg8kicmcvivwmybwjlpf7wh20l-graalvm17-ce-22.3.0/lib/libjava.so
7eff000e7000-7eff000e8000 ---p 00024000 00:20a9 4611686019135190028      /nix/store/gpxl5qgg8kicmcvivwmybwjlpf7wh20l-graalvm17-ce-22.3.0/lib/libjava.so
7eff000e8000-7eff000e9000 r--p 00024000 00:20a9 4611686019135190028      /nix/store/gpxl5qgg8kicmcvivwmybwjlpf7wh20l-graalvm17-ce-22.3.0/lib/libjava.so
7eff000e9000-7eff000ea000 rw-p 00025000 00:20a9 4611686019135190028      /nix/store/gpxl5qgg8kicmcvivwmybwjlpf7wh20l-graalvm17-ce-22.3.0/lib/libjava.so
7eff000ea000-7eff000eb000 rw-p 00000000 00:00 0 
7eff000eb000-7eff000f2000 rw-p 0002f000 00:20a9 4611686019135190028      /nix/store/gpxl5qgg8kicmcvivwmybwjlpf7wh20l-graalvm17-ce-22.3.0/lib/libjava.so
7eff000f2000-7eff000fa000 rw-s 00000000 00:182e 375                      /tmp/hsperfdata_runner/48
7eff000fa000-7eff000fb000 ---p 00000000 00:00 0 
7eff000fb000-7eff000fc000 r--p 00000000 00:00 0 
7eff000fc000-7eff000fd000 rwxp 00000000 00:00 0 
7eff000fd000-7eff00118000 r-xp 00000000 00:20a9 4611686019135190032      /nix/store/gpxl5qgg8kicmcvivwmybwjlpf7wh20l-graalvm17-ce-22.3.0/lib/libjimage.so
7eff00118000-7eff00119000 ---p 0001b000 00:20a9 4611686019135190032      /nix/store/gpxl5qgg8kicmcvivwmybwjlpf7wh20l-graalvm17-ce-22.3.0/lib/libjimage.so
7eff00119000-7eff0011b000 r--p 0001b000 00:20a9 4611686019135190032      /nix/store/gpxl5qgg8kicmcvivwmybwjlpf7wh20l-graalvm17-ce-22.3.0/lib/libjimage.so
7eff0011b000-7eff0011c000 rw-p 0001d000 00:20a9 4611686019135190032      /nix/store/gpxl5qgg8kicmcvivwmybwjlpf7wh20l-graalvm17-ce-22.3.0/lib/libjimage.so
7eff0011c000-7eff0011d000 rw-p 00024000 00:20a9 4611686019135190032      /nix/store/gpxl5qgg8kicmcvivwmybwjlpf7wh20l-graalvm17-ce-22.3.0/lib/libjimage.so
7eff0011d000-7eff00121000 ---p 00000000 00:00 0 
7eff00121000-7eff0021d000 rw-p 00000000 00:00 0 
7eff0021d000-7eff0022b000 r--p 00000000 00:20a9 4611686019027979927      /nix/store/4nlgxhb09sdr51nc9hdm8az5b08vzkgx-glibc-2.35-163/lib/libm.so.6
7eff0022b000-7eff0029e000 r-xp 0000e000 00:20a9 4611686019027979927      /nix/store/4nlgxhb09sdr51nc9hdm8az5b08vzkgx-glibc-2.35-163/lib/libm.so.6
7eff0029e000-7eff002fb000 r--p 00081000 00:20a9 4611686019027979927      /nix/store/4nlgxhb09sdr51nc9hdm8az5b08vzkgx-glibc-2.35-163/lib/libm.so.6
7eff002fb000-7eff002fc000 r--p 000dd000 00:20a9 4611686019027979927      /nix/store/4nlgxhb09sdr51nc9hdm8az5b08vzkgx-glibc-2.35-163/lib/libm.so.6
7eff002fc000-7eff002fd000 rw-p 000de000 00:20a9 4611686019027979927      /nix/store/4nlgxhb09sdr51nc9hdm8az5b08vzkgx-glibc-2.35-163/lib/libm.so.6
7eff002fd000-7eff002fe000 r--p 00000000 00:20a9 4611686019027979946      /nix/store/4nlgxhb09sdr51nc9hdm8az5b08vzkgx-glibc-2.35-163/lib/librt.so.1
7eff002fe000-7eff002ff000 r-xp 00001000 00:20a9 4611686019027979946      /nix/store/4nlgxhb09sdr51nc9hdm8az5b08vzkgx-glibc-2.35-163/lib/librt.so.1
7eff002ff000-7eff00300000 r--p 00002000 00:20a9 4611686019027979946      /nix/store/4nlgxhb09sdr51nc9hdm8az5b08vzkgx-glibc-2.35-163/lib/librt.so.1
7eff00300000-7eff00301000 r--p 00002000 00:20a9 4611686019027979946      /nix/store/4nlgxhb09sdr51nc9hdm8az5b08vzkgx-glibc-2.35-163/lib/librt.so.1
7eff00301000-7eff00302000 rw-p 00003000 00:20a9 4611686019027979946      /nix/store/4nlgxhb09sdr51nc9hdm8az5b08vzkgx-glibc-2.35-163/lib/librt.so.1
7eff00302000-7eff01415000 r-xp 00000000 00:20a9 4611686019135360866      /nix/store/gpxl5qgg8kicmcvivwmybwjlpf7wh20l-graalvm17-ce-22.3.0/lib/server/libjvm.so
7eff01415000-7eff01416000 ---p 01113000 00:20a9 4611686019135360866      /nix/store/gpxl5qgg8kicmcvivwmybwjlpf7wh20l-graalvm17-ce-22.3.0/lib/server/libjvm.so
7eff01416000-7eff014cb000 r--p 01113000 00:20a9 4611686019135360866      /nix/store/gpxl5qgg8kicmcvivwmybwjlpf7wh20l-graalvm17-ce-22.3.0/lib/server/libjvm.so
7eff014cb000-7eff014ff000 rw-p 011c8000 00:20a9 4611686019135360866      /nix/store/gpxl5qgg8kicmcvivwmybwjlpf7wh20l-graalvm17-ce-22.3.0/lib/server/libjvm.so
7eff014ff000-7eff0155b000 rw-p 00000000 00:00 0 
7eff0155b000-7eff01583000 r--p 00000000 00:20a9 4611686019027979918      /nix/store/4nlgxhb09sdr51nc9hdm8az5b08vzkgx-glibc-2.35-163/lib/libc.so.6
7eff01583000-7eff016f9000 r-xp 00028000 00:20a9 4611686019027979918      /nix/store/4nlgxhb09sdr51nc9hdm8az5b08vzkgx-glibc-2.35-163/lib/libc.so.6
7eff016f9000-7eff01751000 r--p 0019e000 00:20a9 4611686019027979918      /nix/store/4nlgxhb09sdr51nc9hdm8az5b08vzkgx-glibc-2.35-163/lib/libc.so.6
7eff01751000-7eff01755000 r--p 001f6000 00:20a9 4611686019027979918      /nix/store/4nlgxhb09sdr51nc9hdm8az5b08vzkgx-glibc-2.35-163/lib/libc.so.6
7eff01755000-7eff01757000 rw-p 001fa000 00:20a9 4611686019027979918      /nix/store/4nlgxhb09sdr51nc9hdm8az5b08vzkgx-glibc-2.35-163/lib/libc.so.6
7eff01757000-7eff01766000 rw-p 00000000 00:00 0 
7eff01766000-7eff01767000 r--p 00000000 00:20a9 4611686019027979923      /nix/store/4nlgxhb09sdr51nc9hdm8az5b08vzkgx-glibc-2.35-163/lib/libdl.so.2
7eff01767000-7eff01768000 r-xp 00001000 00:20a9 4611686019027979923      /nix/store/4nlgxhb09sdr51nc9hdm8az5b08vzkgx-glibc-2.35-163/lib/libdl.so.2
7eff01768000-7eff01769000 r--p 00002000 00:20a9 4611686019027979923      /nix/store/4nlgxhb09sdr51nc9hdm8az5b08vzkgx-glibc-2.35-163/lib/libdl.so.2
7eff01769000-7eff0176a000 r--p 00002000 00:20a9 4611686019027979923      /nix/store/4nlgxhb09sdr51nc9hdm8az5b08vzkgx-glibc-2.35-163/lib/libdl.so.2
7eff0176a000-7eff0176b000 rw-p 00003000 00:20a9 4611686019027979923      /nix/store/4nlgxhb09sdr51nc9hdm8az5b08vzkgx-glibc-2.35-163/lib/libdl.so.2
7eff0176b000-7eff0176c000 r--p 00000000 00:20a9 4611686019027979942      /nix/store/4nlgxhb09sdr51nc9hdm8az5b08vzkgx-glibc-2.35-163/lib/libpthread.so.0
7eff0176c000-7eff0176d000 r-xp 00001000 00:20a9 4611686019027979942      /nix/store/4nlgxhb09sdr51nc9hdm8az5b08vzkgx-glibc-2.35-163/lib/libpthread.so.0
7eff0176d000-7eff0176e000 r--p 00002000 00:20a9 4611686019027979942      /nix/store/4nlgxhb09sdr51nc9hdm8az5b08vzkgx-glibc-2.35-163/lib/libpthread.so.0
7eff0176e000-7eff0176f000 r--p 00002000 00:20a9 4611686019027979942      /nix/store/4nlgxhb09sdr51nc9hdm8az5b08vzkgx-glibc-2.35-163/lib/libpthread.so.0
7eff0176f000-7eff01770000 rw-p 00003000 00:20a9 4611686019027979942      /nix/store/4nlgxhb09sdr51nc9hdm8az5b08vzkgx-glibc-2.35-163/lib/libpthread.so.0
7eff01770000-7eff0177e000 r-xp 00000000 00:20a9 4611686019135190033      /nix/store/gpxl5qgg8kicmcvivwmybwjlpf7wh20l-graalvm17-ce-22.3.0/lib/libjli.so
7eff0177e000-7eff0177f000 ---p 0000e000 00:20a9 4611686019135190033      /nix/store/gpxl5qgg8kicmcvivwmybwjlpf7wh20l-graalvm17-ce-22.3.0/lib/libjli.so
7eff0177f000-7eff01780000 r--p 0000e000 00:20a9 4611686019135190033      /nix/store/gpxl5qgg8kicmcvivwmybwjlpf7wh20l-graalvm17-ce-22.3.0/lib/libjli.so
7eff01780000-7eff01781000 rw-p 0000f000 00:20a9 4611686019135190033      /nix/store/gpxl5qgg8kicmcvivwmybwjlpf7wh20l-graalvm17-ce-22.3.0/lib/libjli.so
7eff01781000-7eff01782000 rw-p 00012000 00:20a9 4611686019135190033      /nix/store/gpxl5qgg8kicmcvivwmybwjlpf7wh20l-graalvm17-ce-22.3.0/lib/libjli.so
7eff01782000-7eff01785000 r--p 00000000 00:20a9 4611686019106210071      /nix/store/026hln0aq1hyshaxsdvhg0kmcm6yf45r-zlib-1.2.13/lib/libz.so.1.2.13
7eff01785000-7eff01797000 r-xp 00003000 00:20a9 4611686019106210071      /nix/store/026hln0aq1hyshaxsdvhg0kmcm6yf45r-zlib-1.2.13/lib/libz.so.1.2.13
7eff01797000-7eff0179e000 r--p 00015000 00:20a9 4611686019106210071      /nix/store/026hln0aq1hyshaxsdvhg0kmcm6yf45r-zlib-1.2.13/lib/libz.so.1.2.13
7eff0179e000-7eff0179f000 r--p 0001b000 00:20a9 4611686019106210071      /nix/store/026hln0aq1hyshaxsdvhg0kmcm6yf45r-zlib-1.2.13/lib/libz.so.1.2.13
7eff0179f000-7eff017a0000 rw-p 0001c000 00:20a9 4611686019106210071      /nix/store/026hln0aq1hyshaxsdvhg0kmcm6yf45r-zlib-1.2.13/lib/libz.so.1.2.13
7eff017a0000-7eff017a2000 rw-p 00000000 00:00 0 
7eff017a2000-7eff017a4000 r--p 00000000 00:20a9 4611686019027979912      /nix/store/4nlgxhb09sdr51nc9hdm8az5b08vzkgx-glibc-2.35-163/lib/ld-linux-x86-64.so.2
7eff017a4000-7eff017cb000 r-xp 00002000 00:20a9 4611686019027979912      /nix/store/4nlgxhb09sdr51nc9hdm8az5b08vzkgx-glibc-2.35-163/lib/ld-linux-x86-64.so.2
7eff017cb000-7eff017d7000 r--p 00029000 00:20a9 4611686019027979912      /nix/store/4nlgxhb09sdr51nc9hdm8az5b08vzkgx-glibc-2.35-163/lib/ld-linux-x86-64.so.2
7eff017d7000-7eff017d9000 r--p 00034000 00:20a9 4611686019027979912      /nix/store/4nlgxhb09sdr51nc9hdm8az5b08vzkgx-glibc-2.35-163/lib/ld-linux-x86-64.so.2
7eff017d9000-7eff017db000 rw-p 00036000 00:20a9 4611686019027979912      /nix/store/4nlgxhb09sdr51nc9hdm8az5b08vzkgx-glibc-2.35-163/lib/ld-linux-x86-64.so.2
7ffca7f88000-7ffca7fad000 rw-p 00000000 00:00 0                          [stack]
7ffca7fc3000-7ffca7fc7000 r--p 00000000 00:00 0                          [vvar]
7ffca7fc7000-7ffca7fc9000 r-xp 00000000 00:00 0                          [vdso]
ffffffffff600000-ffffffffff601000 --xp 00000000 00:00 0                  [vsyscall]


VM Arguments:
jvm_args: -XX:ThreadPriorityPolicy=1 -XX:+UnlockExperimentalVMOptions -XX:+EnableJVMCIProduct -XX:JVMCIThreadsPerNativeLibraryRuntime=1 -XX:-UnlockExperimentalVMOptions -Declipse.application=org.eclipse.jdt.ls.core.id1 -Dosgi.bundles.defaultStartLevel=4 -Declipse.product=org.eclipse.jdt.ls.core.product -Dlog.level=ALL -Xverify:none -XX:+UseParallelGC -XX:GCTimeRatio=4 -XX:AdaptiveSizePolicyWeight=90 -Dsun.zip.disableMemoryMapping=true -Xmx512m -Xms100m 
java_command: /nix/store/m6gcpi1ii6rghy04cjwjddcavv7i90df-jdt-language-server-1.9.0/share/java/plugins/org.eclipse.equinox.launcher_1.6.400.v20210924-0641.jar --add-modules=ALL-SYSTEM --add-opens java.base/java.util=ALL-UNNAMED --add-opens java.base/java.lang=ALL-UNNAMED -configuration /home/runner/.cache/jdt-language-server/config -data /home/runner/.cache/jdt-language-server/data/home/runner/Almost-Anything-Project
java_class_path (initial): /nix/store/m6gcpi1ii6rghy04cjwjddcavv7i90df-jdt-language-server-1.9.0/share/java/plugins/org.eclipse.equinox.launcher_1.6.400.v20210924-0641.jar
Launcher Type: SUN_STANDARD

[Global flags]
    uintx AdaptiveSizePolicyWeight                 = 90                                        {product} {command line}
     intx CICompilerCount                          = 2                                         {product} {ergonomic}
     bool EnableJVMCIProduct                       = true                                {JVMCI product} {jimage}
    uintx GCTimeRatio                              = 4                                         {product} {command line}
   size_t InitialHeapSize                          = 104857600                                 {product} {command line}
     uint JVMCIThreadsPerNativeLibraryRuntime      = 1                                   {JVMCI product} {jimage}
   size_t MaxHeapSize                              = 536870912                                 {product} {command line}
   size_t MaxNewSize                               = 178782208                                 {product} {ergonomic}
   size_t MinHeapDeltaBytes                        = 524288                                    {product} {ergonomic}
   size_t MinHeapSize                              = 104857600                                 {product} {command line}
   size_t NewSize                                  = 34603008                                  {product} {ergonomic}
    uintx NonNMethodCodeHeapSize                   = 5826188                                {pd product} {ergonomic}
    uintx NonProfiledCodeHeapSize                  = 122916026                              {pd product} {ergonomic}
   size_t OldSize                                  = 70254592                                  {product} {ergonomic}
    uintx ProfiledCodeHeapSize                     = 122916026                              {pd product} {ergonomic}
    uintx ReservedCodeCacheSize                    = 251658240                              {pd product} {ergonomic}
     bool SegmentedCodeCache                       = true                                      {product} {ergonomic}
   size_t SoftMaxHeapSize                          = 536870912                              {manageable} {ergonomic}
     intx ThreadPriorityPolicy                     = 1                                         {product} {jimage}
     bool UseCompressedClassPointers               = true                           {product lp64_product} {ergonomic}
     bool UseCompressedOops                        = true                           {product lp64_product} {ergonomic}
     bool UseParallelGC                            = true                                      {product} {command line}

Logging:
Log output configuration:
 #0: stdout all=warning uptime,level,tags
 #1: stderr all=off uptime,level,tags

Environment Variables:
JAVA_HOME=/nix/store/gpxl5qgg8kicmcvivwmybwjlpf7wh20l-graalvm17-ce-22.3.0
PATH=/nix/store/1d6ian3r8kdzspw8hacjhl3xkp40g1lj-binutils-wrapper-2.39/bin:/nix/store/dq0xwmsk1g0i2ayg6pb7y87na2knzylh-gcc-wrapper-11.3.0/bin:/nix/store/bap4d0lpcrhpwmpb8ayjcgkmvfj62lnq-bash-interactive-5.1-p16/bin:/nix/store/pr5n59mb4jzmfx6kanwxly0l07p861fg-patchelf-0.15.0/bin:/nix/store/1gf2flfqnpqbr1b4p4qz2f72y42bs56r-gcc-11.3.0/bin:/nix/store/57xv61c5zi8pphjbcwxxjlgc34p61ic9-glibc-2.35-163-bin/bin:/nix/store/a7gvj343m05j2s32xcnwr35v31ynlypr-coreutils-9.1/bin:/nix/store/039g378vc3pc3dvi9dzdlrd0i4q93qwf-binutils-2.39/bin:/nix/store/gpxl5qgg8kicmcvivwmybwjlpf7wh20l-graalvm17-ce-22.3.0/bin:/nix/store/6z9ag3ihc8mq2hzsw48lhbznvzny65nz-apache-maven-3.8.6/bin:/nix/store/m6gcpi1ii6rghy04cjwjddcavv7i90df-jdt-language-server-1.9.0/bin:/nix/store/84xs5alhs01zrbr4ywm05kxbjbp5590l-java-debug/bin:/nix/store/mydc6f4k2z73xlcz7ilif3v2lcaiqvza-findutils-4.9.0/bin:/nix/store/j9p3g8472iijd50vhdprx0nmk2fqn5gv-diffutils-3.8/bin:/nix/store/89zs7rms6x00xfq4dq6m7mjnhkr8a6r4-gnused-4.8/bin:/nix/store/86bp03jkmsl6f92w0yzg4s59g5mhxwmy-gnugrep-3.7/bin:/nix/store/hwcdqw4jrjnd37wxqgsd47hd0j8bnj09-gawk-5.1.1/bin:/nix/store/cfbhw8r8ags41vwqaz47r583d0p4h4a1-gnutar-1.34/bin:/nix/store/p3m1ndl1lapwrlh698bnb5lvvxh67378-gzip-1.12/bin:/nix/store/a8mhcagrsly7c7mpjrpsnaahk4aax056-bzip2-1.0.8-bin/bin:/nix/store/mblgz65m3zv9x548a3d5m96fj2pbwr09-gnumake-4.3/bin:/nix/store/dsd5gz46hdbdk2rfdimqddhq6m8m8fqs-bash-5.1-p16/bin:/nix/store/v7ljksji50mg3w61dykaa3n3y79n6nil-patch-2.7.6/bin:/nix/store/zlcnmqq14jz5x9439jf937mvayyl63da-xz-5.2.7-bin/bin:/nix/store/y6aj732zm9m87c82fpvf103a1xb22blp-file-5.43/bin:/nix/store/i4kzir3m7mrisxmf5xvlnkw01x4qaqr4-prybar-elisp-0.0.0-e0d9a52/bin:/nix/store/lwwivxf6h7x3cvxp9zv8sj0mv7dak99r-prybar-lua-0.0.0-e0d9a52/bin:/nix/store/gxj28g1cg4hq3qanmjv07156h800qr58-prybar-python3-0.0.0-e0d9a52/bin:/nix/store/hshkjnxrgidigf8x75vg6lqng2xlx9i3-prybar-sqlite-0.0.0-e0d9a52/bin:/nix/store/c4w01bpjgyy5ixmwdk8m1pw87zq4sl26-prybar-tcl-0.0.0-e0d9a52/bin:/nix/store/hpbvrlwd5viqmvcaisb3x0118i913a9n-st
LD_LIBRARY_PATH=/nix/store/a4pff549sk2idnkpzk5nsfps3mdkdnvm-cups-2.4.2-lib/lib:/nix/store/72mqxxhh3cy5yifh92wh2yb8cl2hikyy-cairo-1.16.0/lib:/nix/store/2k366jrbsra97gjfxwvrhvixjfxdach5-glib-2.74.1/lib:/nix/store/2j2znigd8ak37rlwh9khz0ry3clqlw1l-gtk+3-3.24.34/lib:/nix/store/hisqvx32cd57apbpcsnkpx6k3549wql1-libglvnd-1.4.0/lib:/nix/store/p36pgcv991mq5srvg765b78yqpxvk3qs-mesa-21.3.3-drivers/lib:/nix/store/mav4251if1ahjq5vkpwycyyvnmy459c4-pulseaudio-14.2/lib
DISPLAY=:0
LANG=en_US.UTF-8

Signal Handlers:
   SIGSEGV: crash_handler in libjvm.so, mask=11100100010111111101111111111110, flags=SA_RESTART|SA_SIGINFO
    SIGBUS: crash_handler in libjvm.so, mask=11100100010111111101111111111110, flags=SA_RESTART|SA_SIGINFO
    SIGFPE: crash_handler in libjvm.so, mask=11100100010111111101111111111110, flags=SA_RESTART|SA_SIGINFO
   SIGPIPE: IsolateEnterStub_IgnoreSIGPIPEStartupHook_noopSignalHandler_8f19bff2f35b5f630d83b364d6b2339320d4ec70_216e8361c6bc87a8f89f58cc10d3b2fd4415bf87 in libjvmcicompiler.so, mask=00000000000000000000000000000000, flags=SA_RESTART
  *** Handler was modified!
  *** Expected: javaSignalHandler in libjvm.so, mask=11100100110111111111111111111110, flags=SA_RESTART|SA_SIGINFO
   SIGXFSZ: javaSignalHandler in libjvm.so, mask=11100100010111111101111111111110, flags=SA_RESTART|SA_SIGINFO
    SIGILL: crash_handler in libjvm.so, mask=11100100010111111101111111111110, flags=SA_RESTART|SA_SIGINFO
   SIGUSR2: SR_handler in libjvm.so, mask=00000000000000000000000000000000, flags=SA_RESTART|SA_SIGINFO
    SIGHUP: UserHandler in libjvm.so, mask=11100100010111111101111111111110, flags=SA_RESTART|SA_SIGINFO
    SIGINT: UserHandler in libjvm.so, mask=11100100010111111101111111111110, flags=SA_RESTART|SA_SIGINFO
   SIGTERM: UserHandler in libjvm.so, mask=11100100010111111101111111111110, flags=SA_RESTART|SA_SIGINFO
   SIGQUIT: UserHandler in libjvm.so, mask=11100100010111111101111111111110, flags=SA_RESTART|SA_SIGINFO
  *** Handler was modified!
  *** Expected: javaSignalHandler in libjvm.so, mask=11100100110111111111111111111110, flags=SA_RESTART|SA_SIGINFO
   SIGTRAP: crash_handler in libjvm.so, mask=11100100010111111101111111111110, flags=SA_RESTART|SA_SIGINFO


---------------  S Y S T E M  ---------------

OS:
DISTRIB_ID=Ubuntu
DISTRIB_RELEASE=20.04
DISTRIB_CODENAME=focal
DISTRIB_DESCRIPTION="Ubuntu 20.04.2 LTS"
uname: Linux 5.15.0-1031-gcp #38~20.04.1-Ubuntu SMP Sun Mar 12 04:47:58 UTC 2023 x86_64
OS uptime: 0 days 10:45 hours
libc: glibc 2.35 NPTL 2.35 
rlimit (soft/hard): STACK 8192k/infinity , CORE infinity/infinity , NPROC infinity/infinity , NOFILE 5242/5242 , AS infinity/infinity , CPU infinity/infinity , DATA infinity/infinity , FSIZE infinity/infinity , MEMLOCK 64k/64k
load average: 14.10 13.21 13.41

/proc/meminfo:
MemTotal:       65852712 kB
MemFree:         3087240 kB
MemAvailable:   35208032 kB
Buffers:         2785888 kB
Cached:         27687072 kB
SwapCached:            0 kB
Active:         11454212 kB
Inactive:       45482908 kB
Active(anon):      18584 kB
Inactive(anon): 26222604 kB
Active(file):   11435628 kB
Inactive(file): 19260304 kB
Unevictable:       42976 kB
Mlocked:           42976 kB
SwapTotal:             0 kB
SwapFree:              0 kB
Dirty:              7960 kB
Writeback:             0 kB
AnonPages:      24694128 kB
Mapped:          2208852 kB
Shmem:             59340 kB
KReclaimable:    2151460 kB
Slab:            4600112 kB
SReclaimable:    2151460 kB
SUnreclaim:      2448652 kB
KernelStack:      440152 kB
PageTables:       269160 kB
NFS_Unstable:          0 kB
Bounce:                0 kB
WritebackTmp:          0 kB
CommitLimit:    32926356 kB
Committed_AS:   90757624 kB
VmallocTotal:   34359738367 kB
VmallocUsed:      497944 kB
VmallocChunk:          0 kB
Percpu:            94080 kB
HardwareCorrupted:     0 kB
AnonHugePages:   3532800 kB
ShmemHugePages:        0 kB
ShmemPmdMapped:        0 kB
FileHugePages:         0 kB
FilePmdMapped:         0 kB
HugePages_Total:       0
HugePages_Free:        0
HugePages_Rsvd:        0
HugePages_Surp:        0
Hugepagesize:       2048 kB
Hugetlb:               0 kB
DirectMap4k:     5872448 kB
DirectMap2M:    58087424 kB
DirectMap1G:     5242880 kB

/sys/kernel/mm/transparent_hugepage/enabled: always [madvise] never
/sys/kernel/mm/transparent_hugepage/defrag (defrag/compaction efforts parameter): always defer defer+madvise [madvise] never

Process Memory:
Virtual Size: 4921436K (peak: 5014336K)
Resident Set Size: 725452K (peak: 750820K) (anon: 528628K, file: 196824K, shmem: 0K)
Swapped out: 0K
C-Heap outstanding allocations: 44249K, retained: 17386K
glibc malloc tunables: (default)

/proc/sys/kernel/threads-max (system-wide limit on the number of threads): 514406
/proc/sys/vm/max_map_count (maximum number of memory map areas a process may have): 65530
/proc/sys/kernel/pid_max (system-wide limit on number of process identifiers): 4194304

container (cgroup) information:
container_type: cgroupv1
cpu_cpuset_cpus: 2-7
cpu_memory_nodes: 0
active_processor_count: 1
cpu_quota: 50000
cpu_period: 100000
cpu_shares: 512
memory_limit_in_bytes: 1048576 k
memory_and_swap_limit_in_bytes: 1048576 k
memory_soft_limit_in_bytes: 524288 k
memory_usage_in_bytes: 973940 k
memory_max_usage_in_bytes: 1048576 k
maximum number of tasks: 1000
current number of tasks: 53

KVM virtualization detected
Steal ticks since vm start: 0
Steal ticks percentage since vm start:  0.000

CPU: total 8 (initial active 1) (8 cores per cpu, 2 threads per core) family 23 model 49 stepping 0 microcode 0xffffffff, cx8, cmov, fxsr, ht, mmx, 3dnowpref, sse, sse2, sse3, ssse3, sse4a, sse4.1, sse4.2, popcnt, lzcnt, tsc, tscinvbit, avx, avx2, aes, clmul, bmi1, bmi2, adx, sha, fma, vzeroupper, clflush, clflushopt, hv
CPU Model and flags from /proc/cpuinfo:
model name	: AMD EPYC 7B12
flags		: fpu vme de pse tsc msr pae mce cx8 apic sep mtrr pge mca cmov pat pse36 clflush mmx fxsr sse sse2 ht syscall nx mmxext fxsr_opt pdpe1gb rdtscp lm constant_tsc rep_good nopl nonstop_tsc cpuid extd_apicid tsc_known_freq pni pclmulqdq ssse3 fma cx16 sse4_1 sse4_2 movbe popcnt aes xsave avx f16c rdrand hypervisor lahf_lm cmp_legacy cr8_legacy abm sse4a misalignsse 3dnowprefetch osvw topoext ssbd ibrs ibpb stibp vmmcall fsgsbase tsc_adjust bmi1 avx2 smep bmi2 rdseed adx smap clflushopt clwb sha_ni xsaveopt xsavec xgetbv1 clzero xsaveerptr arat npt nrip_save umip rdpid

Online cpus: 0-7
Offline cpus: 
BIOS frequency limitation: <Not Available>
Frequency switch latency (ns): <Not Available>
Available cpu frequencies: <Not Available>
Current governor: <Not Available>
Core performance/turbo boost: <Not Available>

Memory: 4k page, physical 1048576k(74620k free), swap 0k(0k free)
Page Sizes: 4k

vm_info: OpenJDK 64-Bit Server VM (17.0.5+8-jvmci-22.3-b08) for linux-amd64 JRE (17.0.5+8-jvmci-22.3-b08), built on Oct 19 2022 09:01:27 by "buildslave" with gcc 10.3.0

END.
