#
# A fatal error has been detected by the Java Runtime Environment:
#
#  Internal Error (jvmciRuntime.cpp:1609), pid=28, tid=43
#  fatal error: Fatal exception in JVMCI: Error calling jdk.vm.ci.services.Services.serializeSavedProperties
#
# JRE version: OpenJDK Runtime Environment GraalVM CE 22.3.0 (17.0.5+8) (build 17.0.5+8-jvmci-22.3-b08)
# Java VM: OpenJDK 64-Bit Server VM GraalVM CE 22.3.0 (17.0.5+8-jvmci-22.3-b08, mixed mode, sharing, tiered, jvmci, jvmci compiler, compressed oops, compressed class ptrs, parallel gc, linux-amd64)
# Problematic frame:
# V  [libjvm.so+0x972714]  JVMCIRuntime::fatal_exception(JVMCIEnv*, char const*)+0x74
#
# Core dump will be written. Default location: Core dumps may be processed with "/usr/share/apport/apport -p%p -s%s -c%c -d%d -P%P -u%u -g%g -- %E" (or dumping to /home/runner/Almost-Anything-Project/core.28)
#
# If you would like to submit a bug report, please visit:
#   https://github.com/oracle/graal/issues
#

---------------  S U M M A R Y ------------

Command Line: -XX:ThreadPriorityPolicy=1 -XX:+UnlockExperimentalVMOptions -XX:+EnableJVMCIProduct -XX:JVMCIThreadsPerNativeLibraryRuntime=1 -XX:-UnlockExperimentalVMOptions -Declipse.application=org.eclipse.jdt.ls.core.id1 -Dosgi.bundles.defaultStartLevel=4 -Declipse.product=org.eclipse.jdt.ls.core.product -Dlog.level=ALL -Xverify:none -XX:+UseParallelGC -XX:GCTimeRatio=4 -XX:AdaptiveSizePolicyWeight=90 -Dsun.zip.disableMemoryMapping=true -Xmx512m -Xms100m /nix/store/m6gcpi1ii6rghy04cjwjddcavv7i90df-jdt-language-server-1.9.0/share/java/plugins/org.eclipse.equinox.launcher_1.6.400.v20210924-0641.jar --add-modules=ALL-SYSTEM --add-opens java.base/java.util=ALL-UNNAMED --add-opens java.base/java.lang=ALL-UNNAMED -configuration /home/runner/.cache/jdt-language-server/config -data /home/runner/.cache/jdt-language-server/data/home/runner/Almost-Anything-Project

Host: AMD EPYC 7B12, 8 cores, 1G, Ubuntu 20.04.2 LTS
Time: Tue May  9 18:36:13 2023 UTC elapsed time: 1942.999242 seconds (0d 0h 32m 22s)

---------------  T H R E A D  ---------------

Current thread (0x00007ff4400b2210):  JavaThread "JVMCI-native CompilerThread0" daemon [_thread_in_vm, id=43, stack(0x00007ff425700000,0x00007ff425900000)]


Current CompileTask:
JVMCI-native:1942999 11460       4       java.util.ArrayList::indexOfRange (71 bytes)

Stack: [0x00007ff425700000,0x00007ff425900000],  sp=0x00007ff4258fe380,  free space=2040k
Native frames: (J=compiled Java code, j=interpreted, Vv=VM code, C=native code)
V  [libjvm.so+0x972714]  JVMCIRuntime::fatal_exception(JVMCIEnv*, char const*)+0x74
V  [libjvm.so+0x93e2fe]  JVMCIEnv::copy_saved_properties()+0x14e
V  [libjvm.so+0x9732a9]  JVMCIRuntime::initialize(JVMCIEnv*)+0xb19
V  [libjvm.so+0x9738a2]  JVMCIRuntime::get_HotSpotJVMCIRuntime(JVMCIEnv*)+0x12
V  [libjvm.so+0x9749f2]  JVMCIRuntime::compile_method(JVMCIEnv*, JVMCICompiler*, methodHandle const&, int)+0xd2
V  [libjvm.so+0x5b0d20]  CompileBroker::invoke_compiler_on_method(CompileTask*)+0x1470
V  [libjvm.so+0x5b12e8]  CompileBroker::compiler_thread_loop()+0x528
V  [libjvm.so+0xd82460]  JavaThread::thread_main_inner()+0xd0
V  [libjvm.so+0xd85a40]  Thread::call_run()+0xc0
V  [libjvm.so+0xbdb1e1]  thread_native_entry(Thread*)+0xe1

Register to memory mapping:

RAX=0x00007ff4453de000 points into unknown readable memory: 0x0000000000000058 | 58 00 00 00 00 00 00 00
RBX=0x00007ff4464d9398: <offset 0x0000000000ef5398> in /nix/store/gpxl5qgg8kicmcvivwmybwjlpf7wh20l-graalvm17-ce-22.3.0/lib/server/libjvm.so at 0x00007ff4455e4000
RCX=0x00007ff4464911e8: <offset 0x0000000000ead1e8> in /nix/store/gpxl5qgg8kicmcvivwmybwjlpf7wh20l-graalvm17-ce-22.3.0/lib/server/libjvm.so at 0x00007ff4455e4000
RDX=0x0000000000000649 is an unknown value
RSP=0x00007ff4258fe380 is pointing into the stack for thread: 0x00007ff4400b2210
RBP=0x00007ff4258fe3a0 is pointing into the stack for thread: 0x00007ff4400b2210
RSI=0x00007ff4464d9c48: <offset 0x0000000000ef5c48> in /nix/store/gpxl5qgg8kicmcvivwmybwjlpf7wh20l-graalvm17-ce-22.3.0/lib/server/libjvm.so at 0x00007ff4455e4000
RDI=0x00000000e0000000 is an oop: java.lang.String 
{0x00000000e0000000} - klass: 'java/lang/String'
 - string: "mandatory"
R8 =0x00007ff4464d9398: <offset 0x0000000000ef5398> in /nix/store/gpxl5qgg8kicmcvivwmybwjlpf7wh20l-graalvm17-ce-22.3.0/lib/server/libjvm.so at 0x00007ff4455e4000
R9 =0x00007ff4258fe330 is pointing into the stack for thread: 0x00007ff4400b2210
R10=0x00007ff4258ff948 is pointing into the stack for thread: 0x00007ff4400b2210
R11=0x0000000000000293 is an unknown value
R12=0x0 is NULL
R13=0x00007ff4400b2210 is a thread
R14=0x00007ff440000b80 points into unknown readable memory: 0x00007ff44670aa38 | 38 aa 70 46 f4 7f 00 00
R15=0x00007ff446818e40: <offset 0x0000000001234e40> in /nix/store/gpxl5qgg8kicmcvivwmybwjlpf7wh20l-graalvm17-ce-22.3.0/lib/server/libjvm.so at 0x00007ff4455e4000


Registers:
RAX=0x00007ff4453de000, RBX=0x00007ff4464d9398, RCX=0x00007ff4464911e8, RDX=0x0000000000000649
RSP=0x00007ff4258fe380, RBP=0x00007ff4258fe3a0, RSI=0x00007ff4464d9c48, RDI=0x00000000e0000000
R8 =0x00007ff4464d9398, R9 =0x00007ff4258fe330, R10=0x00007ff4258ff948, R11=0x0000000000000293
R12=0x0000000000000000, R13=0x00007ff4400b2210, R14=0x00007ff440000b80, R15=0x00007ff446818e40
RIP=0x00007ff445f56714, EFLAGS=0x0000000000010206, CSGSFS=0x002b000000000033, ERR=0x0000000000000006
  TRAPNO=0x000000000000000e

Top of Stack: (sp=0x00007ff4258fe380)
0x00007ff4258fe380:   00007ff4258fe940 00007ff4400b2210
0x00007ff4258fe390:   00007ff444d6f8c8 0000000800c417a0
0x00007ff4258fe3a0:   00007ff4258fe500 00007ff445f222fe
0x00007ff4258fe3b0:   00007ff4258fe3e0 00007ff4258fe440 

Instructions: (pc=0x00007ff445f56714)
0x00007ff445f56614:   30 e8 f6 cf e8 ff 4c 89 e7 e8 2e 48 d1 ff 84 db
0x00007ff445f56624:   75 2a 4d 85 ed 74 04 4d 8b 6d 00 48 83 c4 08 44
0x00007ff445f56634:   89 f9 4c 89 f2 4c 89 ee 5b 4c 89 e7 41 5c 41 5d
0x00007ff445f56644:   41 5e 41 5f 5d e9 e2 47 d1 ff 66 90 48 83 c4 08
0x00007ff445f56654:   5b 41 5c 41 5d 41 5e 41 5f 5d c3 90 31 d2 be 08
0x00007ff445f56664:   00 00 00 4c 89 ff e8 b1 78 a3 ff 49 89 c5 e9 37
0x00007ff445f56674:   ff ff ff 66 0f 1f 84 00 00 00 00 00 48 8b 7a 08
0x00007ff445f56684:   e9 6d ff ff ff 0f 1f 80 00 00 00 00 e8 5b 48 0a
0x00007ff445f56694:   00 84 c0 75 89 e9 6a ff ff ff 66 90 55 48 89 e5
0x00007ff445f566a4:   41 56 41 55 41 54 49 89 fc 53 48 89 f3 66 48 8d
0x00007ff445f566b4:   3d 27 5e 85 00 66 66 48 e8 df 43 8d ff 4c 8b 28
0x00007ff445f566c4:   8b 05 be 72 8a 00 85 c0 75 14 ba 01 00 00 00 48
0x00007ff445f566d4:   8d 0d ae 72 8a 00 f0 0f b1 11 85 c0 74 4e be c8
0x00007ff445f566e4:   00 00 00 4c 89 ef e8 01 0b 41 00 48 8d 05 12 ac
0x00007ff445f566f4:   85 00 49 89 d8 48 8d 0d e8 aa 53 00 ba 49 06 00
0x00007ff445f56704:   00 48 8d 35 3c 35 58 00 bf 00 00 00 e0 48 8b 00
0x00007ff445f56714:   c6 00 58 31 c0 e8 e2 91 c6 ff 5b 41 5c 41 5d 41
0x00007ff445f56724:   5e 5d e9 55 34 26 00 0f 1f 44 00 00 48 8d 05 81
0x00007ff445f56734:   a3 8b 00 48 89 df 4c 8b 30 e8 9e 43 8d ff 48 89
0x00007ff445f56744:   de 48 89 c2 49 8b 06 4c 89 f7 ff 50 08 4c 89 f7
0x00007ff445f56754:   e8 a7 5c 27 00 4d 85 e4 74 12 be 01 00 00 00 4c
0x00007ff445f56764:   89 e7 e8 35 43 fc ff eb 82 0f 1f 00 be 01 00 00
0x00007ff445f56774:   00 4c 89 ef e8 d3 fd ff ff e9 6d ff ff ff 66 66
0x00007ff445f56784:   2e 0f 1f 84 00 00 00 00 00 0f 1f 00 55 48 89 e5
0x00007ff445f56794:   41 57 41 56 41 55 41 54 53 48 81 ec 08 02 00 00
0x00007ff445f567a4:   64 48 8b 04 25 28 00 00 00 48 89 45 c8 8b 07 83
0x00007ff445f567b4:   f8 02 0f 84 11 04 00 00 4c 8b 6f 18 49 89 ff 49
0x00007ff445f567c4:   89 f4 4d 85 ed 74 14 4c 89 ef e8 5d 57 22 00 41
0x00007ff445f567d4:   8b 07 83 f8 02 0f 84 19 04 00 00 48 8d 1d 9a 06
0x00007ff445f567e4:   8a 00 4c 8d 35 0b 3c 58 00 eb 38 90 48 85 d2 7f
0x00007ff445f567f4:   0d 48 8d 05 b4 c0 85 00 48 83 38 00 7e 0e 41 8b
0x00007ff445f56804:   77 2c 4c 89 f7 31 c0 e8 a0 b2 f7 ff 49 8b 7f 18 


Stack slot to memory mapping:
stack at sp + 0 slots: 0x00007ff4258fe940 is pointing into the stack for thread: 0x00007ff4400b2210
stack at sp + 1 slots: 0x00007ff4400b2210 is a thread
stack at sp + 2 slots: 0x00007ff444d6f8c8 points into unknown readable memory: 0x65730018052dffff | ff ff 2d 05 18 00 73 65
stack at sp + 3 slots: 0x0000000800c417a0 is a pointer to class: 
jdk.vm.ci.services.Services {0x0000000800c417a0}
 - instance size:     2
 - klass size:        65
 - access:            public final synchronized 
 - state:             fully_initialized
 - name:              'jdk/vm/ci/services/Services'
 - super:             'java/lang/Object'
 - sub:               
 - arrays:            NULL
 - methods:           Array<T>(0x00007ff425c431e8)
 - method ordering:   Array<T>(0x0000000800928960)
 - default_methods:   Array<T>(0x0000000000000000)
 - local interfaces:  Array<T>(0x00000008005ce810)
 - trans. interfaces: Array<T>(0x00000008005ce810)
 - constants:         constant pool [427] {0x00007ff425c42258} for 'jdk/vm/ci/services/Services' cache=0x00007ff425c44528
 - class loader data:  loader data: 0x00007ff4400283f0 of 'bootstrap'
 - source file:       'Services.java'
 - class annotations:       Array<T>(0x0000000000000000)
 - class type annotations:  Array<T>(0x0000000000000000)
 - field annotations:       Array<T>(0x0000000000000000)
 - field type annotations:  Array<T>(0x0000000000000000)
 - inner classes:     Array<T>(0x00007ff425c44488)
 - nest members:     Array<T>(0x00007ff425c444a8)
 - permitted subclasses:     Array<T>(0x00000008005ce7a0)
 - java mirror:       a 'java/lang/Class'{0x00000000e017c828} = 'jdk/vm/ci/services/Services'
 - vtable length      5  (start addr: 0x0000000800c41970)
 - itable length      2 (start addr: 0x0000000800c41998)
 - ---- static fields (3 words):
 - public static final 'IS_BUILDING_NATIVE_IMAGE' 'Z' @128 
 - public static final 'IS_IN_NATIVE_IMAGE' 'Z' @129 
 - private static volatile 'savedProperties' 'Ljava/util/Map;' @112 
 - static final 'JVMCI_ENABLED' 'Z' @130 
 - private static final 'servicesCache' 'Ljava/util/Map;' @116 
 - private static final 'MAX_UNICODE_IN_UTF8_LENGTH' 'I' @120 
 - private static final 'MAX_UTF8_PROPERTY_STRING_LENGTH' 'I' @124 
 - ---- non-static fields (0 words):
 - non-static oop maps: 
stack at sp + 4 slots: 0x00007ff4258fe500 is pointing into the stack for thread: 0x00007ff4400b2210
stack at sp + 5 slots: 0x00007ff445f222fe: <offset 0x000000000093e2fe> in /nix/store/gpxl5qgg8kicmcvivwmybwjlpf7wh20l-graalvm17-ce-22.3.0/lib/server/libjvm.so at 0x00007ff4455e4000
stack at sp + 6 slots: 0x00007ff4258fe3e0 is pointing into the stack for thread: 0x00007ff4400b2210
stack at sp + 7 slots: 0x00007ff4258fe440 is pointing into the stack for thread: 0x00007ff4400b2210


---------------  P R O C E S S  ---------------

Threads class SMR info:
_java_thread_list=0x00007ff3c8007ac0, length=27, elements={
0x00007ff440026690, 0x00007ff4400a64d0, 0x00007ff4400a7910, 0x00007ff4400ae080,
0x00007ff4400af430, 0x00007ff4400b0820, 0x00007ff4400b2210, 0x00007ff4400b3720,
0x00007ff4400b4b70, 0x00007ff4400df940, 0x00007ff4401304f0, 0x00007ff4403234b0,
0x00007ff440356cc0, 0x00007ff440358c50, 0x00007ff4400ee330, 0x00007ff3d4016fd0,
0x00007ff3d42b3080, 0x00007ff3d43155b0, 0x00007ff3d4491810, 0x00007ff3d45ffaa0,
0x00007ff440459470, 0x00007ff4403efcd0, 0x00007ff3a4000ff0, 0x00007ff3b0159360,
0x00007ff3b017a1e0, 0x00007ff3b01763f0, 0x00007ff3c80010d0
}

Java Threads: ( => current thread )
  0x00007ff440026690 JavaThread "main" [_thread_blocked, id=35, stack(0x00007ff4453ff000,0x00007ff4454ff000)]
  0x00007ff4400a64d0 JavaThread "Reference Handler" daemon [_thread_blocked, id=38, stack(0x00007ff444416000,0x00007ff444516000)]
  0x00007ff4400a7910 JavaThread "Finalizer" daemon [_thread_blocked, id=39, stack(0x00007ff444316000,0x00007ff444416000)]
  0x00007ff4400ae080 JavaThread "Signal Dispatcher" daemon [_thread_blocked, id=40, stack(0x00007ff425b00000,0x00007ff425c00000)]
  0x00007ff4400af430 JavaThread "Service Thread" daemon [_thread_blocked, id=41, stack(0x00007ff425a00000,0x00007ff425b00000)]
  0x00007ff4400b0820 JavaThread "Monitor Deflation Thread" daemon [_thread_blocked, id=42, stack(0x00007ff425900000,0x00007ff425a00000)]
=>0x00007ff4400b2210 JavaThread "JVMCI-native CompilerThread0" daemon [_thread_in_vm, id=43, stack(0x00007ff425700000,0x00007ff425900000)]
  0x00007ff4400b3720 JavaThread "C1 CompilerThread0" daemon [_thread_blocked, id=44, stack(0x00007ff425500000,0x00007ff425700000)]
  0x00007ff4400b4b70 JavaThread "Sweeper thread" daemon [_thread_blocked, id=45, stack(0x00007ff425400000,0x00007ff425500000)]
  0x00007ff4400df940 JavaThread "Common-Cleaner" daemon [_thread_blocked, id=46, stack(0x00007ff425300000,0x00007ff425400000)]
  0x00007ff4401304f0 JavaThread "Notification Thread" daemon [_thread_blocked, id=47, stack(0x00007ff425200000,0x00007ff425300000)]
  0x00007ff4403234b0 JavaThread "Active Thread: Equinox Container: ad105d96-c7c5-455f-b549-ad52aaff8562" [_thread_blocked, id=67, stack(0x00007ff424e00000,0x00007ff424f00000)]
  0x00007ff440356cc0 JavaThread "Framework Event Dispatcher: Equinox Container: ad105d96-c7c5-455f-b549-ad52aaff8562" daemon [_thread_blocked, id=68, stack(0x00007ff424c00000,0x00007ff424d00000)]
  0x00007ff440358c50 JavaThread "Start Level: Equinox Container: ad105d96-c7c5-455f-b549-ad52aaff8562" daemon [_thread_blocked, id=69, stack(0x00007ff424a00000,0x00007ff424b00000)]
  0x00007ff4400ee330 JavaThread "Refresh Thread: Equinox Container: ad105d96-c7c5-455f-b549-ad52aaff8562" daemon [_thread_blocked, id=77, stack(0x00007ff424800000,0x00007ff424900000)]
  0x00007ff3d4016fd0 JavaThread "SCR Component Actor" daemon [_thread_blocked, id=84, stack(0x00007ff424600000,0x00007ff424700000)]
  0x00007ff3d42b3080 JavaThread "Worker-JM" [_thread_blocked, id=93, stack(0x00007ff424200000,0x00007ff424300000)]
  0x00007ff3d43155b0 JavaThread "Worker-0" [_thread_blocked, id=96, stack(0x00007ff424000000,0x00007ff424100000)]
  0x00007ff3d4491810 JavaThread "Java indexing" daemon [_thread_blocked, id=99, stack(0x00007ff3ec500000,0x00007ff3ec600000)]
  0x00007ff3d45ffaa0 JavaThread "Bundle File Closer" daemon [_thread_blocked, id=100, stack(0x00007ff3ec300000,0x00007ff3ec400000)]
  0x00007ff440459470 JavaThread "pool-3-thread-1" [_thread_blocked, id=105, stack(0x00007ff3ec200000,0x00007ff3ec300000)]
  0x00007ff4403efcd0 JavaThread "pool-2-thread-1" [_thread_blocked, id=110, stack(0x00007ff3ec100000,0x00007ff3ec200000)]
  0x00007ff3a4000ff0 JavaThread "Worker-4: Validate documents" [_thread_blocked, id=112, stack(0x00007ff3ebd00000,0x00007ff3ebe00000)]
  0x00007ff3b0159360 JavaThread "Thread-14" [_thread_blocked, id=325, stack(0x00007ff424b00000,0x00007ff424c00000)]
  0x00007ff3b017a1e0 JavaThread "Thread-16" [_thread_blocked, id=685, stack(0x00007ff3ebf00000,0x00007ff3ec000000)]
  0x00007ff3b01763f0 JavaThread "Thread-18" [_thread_blocked, id=711, stack(0x00007ff3ec900000,0x00007ff3eca00000)]
  0x00007ff3c80010d0 JavaThread "Worker-6: Validate documents" [_thread_blocked, id=5955, stack(0x00007ff3ec800000,0x00007ff3ec900000)]

Other Threads:
  0x00007ff4400a1c10 VMThread "VM Thread" [stack: 0x00007ff444518000,0x00007ff444618000] [id=37] _threads_hazard_ptr=0x00007ff3c8007ac0
  0x00007ff440131e90 WatcherThread [stack: 0x00007ff425100000,0x00007ff425200000] [id=48]
  0x00007ff44003df30 GCTaskThread "GC Thread#0" [stack: 0x00007ff444fc2000,0x00007ff4450c2000] [id=36]

Threads with active compile tasks:
JVMCI-native CompilerThread0  1943014 11460       4       java.util.ArrayList::indexOfRange (71 bytes)

VM state: synchronizing (normal execution)

VM Mutex/Monitor currently owned by a thread:  ([mutex/lock_event])
[0x00007ff440023840] Threads_lock - owner thread: 0x00007ff4400a1c10
[0x00007ff440023ff0] Heap_lock - owner thread: 0x00007ff4403234b0

OutOfMemory and StackOverflow Exception counts:
OutOfMemoryError java_heap_errors=12
LinkageErrors=80

Heap address: 0x00000000e0000000, size: 512 MB, Compressed Oops mode: 32-bit

CDS archive(s) mapped at: [0x0000000800000000-0x0000000800bc8000-0x0000000800bc8000), size 12353536, SharedBaseAddress: 0x0000000800000000, ArchiveRelocationMode: 0.
Compressed class space mapped at: 0x0000000800c00000-0x0000000840c00000, reserved size: 1073741824
Narrow klass base: 0x0000000800000000, Narrow klass shift: 0, Narrow klass range: 0x100000000

GC Precious Log:
 CPUs: 8 total, 1 available
 Memory: 1024M
 Large Page Support: Disabled
 NUMA Support: Disabled
 Compressed Oops: Enabled (32-bit)
 Alignments: Space 512K, Generation 512K, Heap 2M
 Heap Min Capacity: 100M
 Heap Initial Capacity: 100M
 Heap Max Capacity: 512M
 Pre-touch: Disabled
 Parallel Workers: 1

Heap:
 PSYoungGen      total 53248K, used 39424K [0x00000000f5580000, 0x00000000f9a00000, 0x0000000100000000)
  eden space 39424K, 100% used [0x00000000f5580000,0x00000000f7c00000,0x00000000f7c00000)
  from space 13824K, 0% used [0x00000000f8b80000,0x00000000f8b80000,0x00000000f9900000)
  to   space 14336K, 0% used [0x00000000f7d00000,0x00000000f7d00000,0x00000000f8b00000)
 ParOldGen       total 349696K, used 349695K [0x00000000e0000000, 0x00000000f5580000, 0x00000000f5580000)
  object space 349696K, 99% used [0x00000000e0000000,0x00000000f557fff0,0x00000000f5580000)
 Metaspace       used 62876K, committed 63872K, reserved 1114112K
  class space    used 6034K, committed 6464K, reserved 1048576K

Card table byte_map: [0x00007ff4450c2000,0x00007ff4451c3000] _byte_map_base: 0x00007ff4449c2000

Marking Bits: (ParMarkBitMap*) 0x00007ff4468124c0
 Begin Bits: [0x00007ff4264b3000, 0x00007ff426cb3000)
 End Bits:   [0x00007ff426cb3000, 0x00007ff4274b3000)

Polling page: 0x00007ff4453dc000

Metaspace:

Usage:
  Non-class:     55.51 MB used.
      Class:      5.89 MB used.
       Both:     61.40 MB used.

Virtual space:
  Non-class space:       64.00 MB reserved,      56.06 MB ( 88%) committed,  8 nodes.
      Class space:        1.00 GB reserved,       6.31 MB ( <1%) committed,  1 nodes.
             Both:        1.06 GB reserved,      62.38 MB (  6%) committed. 

Chunk freelists:
   Non-Class:  3.53 MB
       Class:  1.70 MB
        Both:  5.23 MB

MaxMetaspaceSize: unlimited
CompressedClassSpaceSize: 1.00 GB
Initial GC threshold: 21.00 MB
Current GC threshold: 103.88 MB
CDS: on
MetaspaceReclaimPolicy: balanced
 - commit_granule_bytes: 65536.
 - commit_granule_words: 8192.
 - virtual_space_node_default_size: 1048576.
 - enlarge_chunks_in_place: 1.
 - new_chunks_are_fully_committed: 0.
 - uncommit_free_chunks: 1.
 - use_allocation_guard: 0.
 - handle_deallocations: 1.


Internal statistics:

num_allocs_failed_limit: 6.
num_arena_births: 542.
num_arena_deaths: 170.
num_vsnodes_births: 9.
num_vsnodes_deaths: 0.
num_space_committed: 996.
num_space_uncommitted: 0.
num_chunks_returned_to_freelist: 242.
num_chunks_taken_from_freelist: 3073.
num_chunk_merges: 95.
num_chunk_splits: 1971.
num_chunks_enlarged: 1212.
num_purges: 22.
num_inconsistent_stats: 0.

CodeHeap 'non-profiled nmethods': size=120036Kb used=2865Kb max_used=2968Kb free=117171Kb
 bounds [0x00007ff42ef7a000, 0x00007ff42f26a000, 0x00007ff4364b3000]
CodeHeap 'profiled nmethods': size=120032Kb used=17418Kb max_used=20263Kb free=102613Kb
 bounds [0x00007ff427a42000, 0x00007ff428e12000, 0x00007ff42ef7a000]
CodeHeap 'non-nmethods': size=5692Kb used=1423Kb max_used=1425Kb free=4268Kb
 bounds [0x00007ff4274b3000, 0x00007ff427723000, 0x00007ff427a42000]
 total_blobs=8907 nmethods=8141 adapters=633
 compilation: enabled
              stopped_count=0, restarted_count=0
 full_count=0

JVMCI Events (20 events):
Event: 1456.206 Thread 0x00007ff4400b2210 destroyed JavaVM[10]@0x00007ff3ea39e340 for JVMCI runtime 0
Event: 1456.206 Thread 0x00007ff4400b2210 compacted oop handles in JVMCI runtime 0 from 83 to 83
Event: 1456.206 Thread 0x00007ff4400b2210 releasing handles for JVMCI runtime 0: oop handles=83, metadata handles={total=128, live=125, blocks=39}
Event: 1456.206 Thread 0x00007ff4400b2210 detached from JVMCI runtime 0
Event: 1521.082 Thread 0x00007ff4400b2210 attached to JVMCI runtime 0
Event: 1521.083 Thread 0x00007ff4400b2210 created JavaVM[11]@0x00007ff3ea39e340 for JVMCI runtime 0
Event: 1522.493 Thread 0x00007ff4400b2210 initializing JVMCI runtime 0
Event: 1522.493 Thread 0x00007ff4400b2210 done waiting for JavaVM references initialization in JVMCI runtime 0
Event: 1578.297 Thread 0x00007ff4400b2210 initialized JVMCI runtime 0
Event: 1622.703 Thread 0x00007ff4400b2210 detaching from JVMCI runtime 0: releasing idle compiler thread (0 other threads still attached)
Event: 1622.703 Thread 0x00007ff4400b2210 shutting down HotSpotJVMCIRuntime for JVMCI runtime 0
Event: 1623.827 Thread 0x00007ff4400b2210 shut down JVMCI runtime 0
Event: 1625.195 Thread 0x00007ff4400b2210 destroyed JavaVM[11]@0x00007ff3ea39e340 for JVMCI runtime 0
Event: 1625.195 Thread 0x00007ff4400b2210 compacted oop handles in JVMCI runtime 0 from 51 to 51
Event: 1625.195 Thread 0x00007ff4400b2210 releasing handles for JVMCI runtime 0: oop handles=51, metadata handles={total=97, live=96, blocks=39}
Event: 1625.195 Thread 0x00007ff4400b2210 detached from JVMCI runtime 0
Event: 1887.489 Thread 0x00007ff4400b2210 attached to JVMCI runtime 0
Event: 1887.490 Thread 0x00007ff4400b2210 created JavaVM[12]@0x00007ff3ea39e340 for JVMCI runtime 0
Event: 1888.681 Thread 0x00007ff4400b2210 initializing JVMCI runtime 0
Event: 1888.681 Thread 0x00007ff4400b2210 done waiting for JavaVM references initialization in JVMCI runtime 0

Compilation events (20 events):
Event: 1529.425 Thread 0x00007ff4400b3720 11451       3       org.eclipse.osgi.internal.log.EquinoxLogWriter::writeStack (46 bytes)
Event: 1529.425 Thread 0x00007ff4400b3720 nmethod 11451 0x00007ff427d3da10 code [0x00007ff427d3dce0, 0x00007ff427d3efb0]
Event: 1614.880 Thread 0x00007ff4400b2210 nmethod 11447 0x00007ff42f1e4b90 code [0x00007ff42f1e4d20, 0x00007ff42f1e4e38]
Event: 1614.880 Thread 0x00007ff4400b2210 11452       4       java.lang.AbstractStringBuilder::append (63 bytes)
Event: 1621.501 Thread 0x00007ff4400b2210 nmethod 11452 0x00007ff42f23e710 code [0x00007ff42f23e8c0, 0x00007ff42f23ee10]
Event: 1707.392 Thread 0x00007ff4400b3720 11453       3       org.eclipse.jdt.internal.compiler.ast.ASTNode::handleNonNullByDefault (149 bytes)
Event: 1710.029 Thread 0x00007ff4400b3720 nmethod 11453 0x00007ff428aa9c10 code [0x00007ff428aa9e40, 0x00007ff428aab110]
Event: 1782.617 Thread 0x00007ff4400b3720 11454       3       java.util.stream.Nodes::builder (30 bytes)
Event: 1782.617 Thread 0x00007ff4400b3720 nmethod 11454 0x00007ff427c58290 code [0x00007ff427c58480, 0x00007ff427c58a60]
Event: 1832.806 Thread 0x00007ff4400b3720 11455       3       jdk.internal.misc.Unsafe::getAndBitwiseAndInt (27 bytes)
Event: 1835.306 Thread 0x00007ff4400b3720 nmethod 11455 0x00007ff427b8b690 code [0x00007ff427b8b840, 0x00007ff427b8ba80]
Event: 1843.785 Thread 0x00007ff4400b3720 11456       3       java.util.concurrent.locks.AbstractQueuedSynchronizer$Node::getAndUnsetStatus (14 bytes)
Event: 1844.826 Thread 0x00007ff4400b3720 nmethod 11456 0x00007ff427b71490 code [0x00007ff427b71640, 0x00007ff427b71900]
Event: 1884.825 Thread 0x00007ff4400b3720 11459       3       java.util.Hashtable::<init> (25 bytes)
Event: 1887.489 Thread 0x00007ff4400b3720 nmethod 11459 0x00007ff427d22790 code [0x00007ff427d22980, 0x00007ff427d22fc0]
Event: 1887.489 Thread 0x00007ff4400b2210 11460       4       java.util.ArrayList::indexOfRange (71 bytes)
Event: 1887.489 Thread 0x00007ff4400b3720 11457       3       org.eclipse.jdt.internal.compiler.problem.DefaultProblemFactory::<init> (10 bytes)
Event: 1889.992 Thread 0x00007ff4400b3720 nmethod 11457 0x00007ff427cec090 code [0x00007ff427cec240, 0x00007ff427cec5a0]
Event: 1896.295 Thread 0x00007ff4400b3720 11461   !   3       org.eclipse.jdt.internal.compiler.lookup.Scope::getBinding (1395 bytes)
Event: 1896.380 Thread 0x00007ff4400b3720 nmethod 11461 0x00007ff427ee5a90 code [0x00007ff427ee61e0, 0x00007ff427eefa80]

GC Heap History (20 events):
Event: 1930.077 GC heap before
{Heap before GC invocations=1504 (full 1389):
 PSYoungGen      total 53248K, used 39424K [0x00000000f5580000, 0x00000000f9a00000, 0x0000000100000000)
  eden space 39424K, 100% used [0x00000000f5580000,0x00000000f7c00000,0x00000000f7c00000)
  from space 13824K, 0% used [0x00000000f8b80000,0x00000000f8b80000,0x00000000f9900000)
  to   space 14336K, 0% used [0x00000000f7d00000,0x00000000f7d00000,0x00000000f8b00000)
 ParOldGen       total 349696K, used 349695K [0x00000000e0000000, 0x00000000f5580000, 0x00000000f5580000)
  object space 349696K, 99% used [0x00000000e0000000,0x00000000f557ff08,0x00000000f5580000)
 Metaspace       used 62876K, committed 63872K, reserved 1114112K
  class space    used 6034K, committed 6464K, reserved 1048576K
}
Event: 1932.803 GC heap after
{Heap after GC invocations=1504 (full 1389):
 PSYoungGen      total 53760K, used 39424K [0x00000000f5580000, 0x00000000f9a00000, 0x0000000100000000)
  eden space 39424K, 100% used [0x00000000f5580000,0x00000000f7c00000,0x00000000f7c00000)
  from space 14336K, 0% used [0x00000000f7d00000,0x00000000f7d00000,0x00000000f8b00000)
  to   space 13824K, 0% used [0x00000000f8b80000,0x00000000f8b80000,0x00000000f9900000)
 ParOldGen       total 349696K, used 349695K [0x00000000e0000000, 0x00000000f5580000, 0x00000000f5580000)
  object space 349696K, 99% used [0x00000000e0000000,0x00000000f557ff08,0x00000000f5580000)
 Metaspace       used 62876K, committed 63872K, reserved 1114112K
  class space    used 6034K, committed 6464K, reserved 1048576K
}
Event: 1932.803 GC heap before
{Heap before GC invocations=1505 (full 1390):
 PSYoungGen      total 53760K, used 39424K [0x00000000f5580000, 0x00000000f9a00000, 0x0000000100000000)
  eden space 39424K, 100% used [0x00000000f5580000,0x00000000f7c00000,0x00000000f7c00000)
  from space 14336K, 0% used [0x00000000f7d00000,0x00000000f7d00000,0x00000000f8b00000)
  to   space 13824K, 0% used [0x00000000f8b80000,0x00000000f8b80000,0x00000000f9900000)
 ParOldGen       total 349696K, used 349695K [0x00000000e0000000, 0x00000000f5580000, 0x00000000f5580000)
  object space 349696K, 99% used [0x00000000e0000000,0x00000000f557ffe0,0x00000000f5580000)
 Metaspace       used 62876K, committed 63872K, reserved 1114112K
  class space    used 6034K, committed 6464K, reserved 1048576K
}
Event: 1933.910 GC heap after
{Heap after GC invocations=1505 (full 1390):
 PSYoungGen      total 53248K, used 39424K [0x00000000f5580000, 0x00000000f9a00000, 0x0000000100000000)
  eden space 39424K, 100% used [0x00000000f5580000,0x00000000f7c00000,0x00000000f7c00000)
  from space 13824K, 0% used [0x00000000f8b80000,0x00000000f8b80000,0x00000000f9900000)
  to   space 14336K, 0% used [0x00000000f7d00000,0x00000000f7d00000,0x00000000f8b00000)
 ParOldGen       total 349696K, used 349695K [0x00000000e0000000, 0x00000000f5580000, 0x00000000f5580000)
  object space 349696K, 99% used [0x00000000e0000000,0x00000000f557ffc0,0x00000000f5580000)
 Metaspace       used 62876K, committed 63872K, reserved 1114112K
  class space    used 6034K, committed 6464K, reserved 1048576K
}
Event: 1933.910 GC heap before
{Heap before GC invocations=1506 (full 1391):
 PSYoungGen      total 53248K, used 39424K [0x00000000f5580000, 0x00000000f9a00000, 0x0000000100000000)
  eden space 39424K, 100% used [0x00000000f5580000,0x00000000f7c00000,0x00000000f7c00000)
  from space 13824K, 0% used [0x00000000f8b80000,0x00000000f8b80000,0x00000000f9900000)
  to   space 14336K, 0% used [0x00000000f7d00000,0x00000000f7d00000,0x00000000f8b00000)
 ParOldGen       total 349696K, used 349695K [0x00000000e0000000, 0x00000000f5580000, 0x00000000f5580000)
  object space 349696K, 99% used [0x00000000e0000000,0x00000000f557ffe8,0x00000000f5580000)
 Metaspace       used 62876K, committed 63872K, reserved 1114112K
  class space    used 6034K, committed 6464K, reserved 1048576K
}
Event: 1934.909 GC heap after
{Heap after GC invocations=1506 (full 1391):
 PSYoungGen      total 53760K, used 39424K [0x00000000f5580000, 0x00000000f9a00000, 0x0000000100000000)
  eden space 39424K, 100% used [0x00000000f5580000,0x00000000f7c00000,0x00000000f7c00000)
  from space 14336K, 0% used [0x00000000f7d00000,0x00000000f7d00000,0x00000000f8b00000)
  to   space 13824K, 0% used [0x00000000f8b80000,0x00000000f8b80000,0x00000000f9900000)
 ParOldGen       total 349696K, used 349695K [0x00000000e0000000, 0x00000000f5580000, 0x00000000f5580000)
  object space 349696K, 99% used [0x00000000e0000000,0x00000000f557ffc0,0x00000000f5580000)
 Metaspace       used 62876K, committed 63872K, reserved 1114112K
  class space    used 6034K, committed 6464K, reserved 1048576K
}
Event: 1934.909 GC heap before
{Heap before GC invocations=1507 (full 1392):
 PSYoungGen      total 53760K, used 39424K [0x00000000f5580000, 0x00000000f9a00000, 0x0000000100000000)
  eden space 39424K, 100% used [0x00000000f5580000,0x00000000f7c00000,0x00000000f7c00000)
  from space 14336K, 0% used [0x00000000f7d00000,0x00000000f7d00000,0x00000000f8b00000)
  to   space 13824K, 0% used [0x00000000f8b80000,0x00000000f8b80000,0x00000000f9900000)
 ParOldGen       total 349696K, used 349695K [0x00000000e0000000, 0x00000000f5580000, 0x00000000f5580000)
  object space 349696K, 99% used [0x00000000e0000000,0x00000000f557ffe0,0x00000000f5580000)
 Metaspace       used 62876K, committed 63872K, reserved 1114112K
  class space    used 6034K, committed 6464K, reserved 1048576K
}
Event: 1936.212 GC heap after
{Heap after GC invocations=1507 (full 1392):
 PSYoungGen      total 53248K, used 39424K [0x00000000f5580000, 0x00000000f9a00000, 0x0000000100000000)
  eden space 39424K, 100% used [0x00000000f5580000,0x00000000f7c00000,0x00000000f7c00000)
  from space 13824K, 0% used [0x00000000f8b80000,0x00000000f8b80000,0x00000000f9900000)
  to   space 14336K, 0% used [0x00000000f7d00000,0x00000000f7d00000,0x00000000f8b00000)
 ParOldGen       total 349696K, used 349695K [0x00000000e0000000, 0x00000000f5580000, 0x00000000f5580000)
  object space 349696K, 99% used [0x00000000e0000000,0x00000000f557ffc0,0x00000000f5580000)
 Metaspace       used 62876K, committed 63872K, reserved 1114112K
  class space    used 6034K, committed 6464K, reserved 1048576K
}
Event: 1936.212 GC heap before
{Heap before GC invocations=1508 (full 1393):
 PSYoungGen      total 53248K, used 39424K [0x00000000f5580000, 0x00000000f9a00000, 0x0000000100000000)
  eden space 39424K, 100% used [0x00000000f5580000,0x00000000f7c00000,0x00000000f7c00000)
  from space 13824K, 0% used [0x00000000f8b80000,0x00000000f8b80000,0x00000000f9900000)
  to   space 14336K, 0% used [0x00000000f7d00000,0x00000000f7d00000,0x00000000f8b00000)
 ParOldGen       total 349696K, used 349695K [0x00000000e0000000, 0x00000000f5580000, 0x00000000f5580000)
  object space 349696K, 99% used [0x00000000e0000000,0x00000000f557fff0,0x00000000f5580000)
 Metaspace       used 62876K, committed 63872K, reserved 1114112K
  class space    used 6034K, committed 6464K, reserved 1048576K
}
Event: 1937.313 GC heap after
{Heap after GC invocations=1508 (full 1393):
 PSYoungGen      total 53760K, used 39424K [0x00000000f5580000, 0x00000000f9a00000, 0x0000000100000000)
  eden space 39424K, 100% used [0x00000000f5580000,0x00000000f7c00000,0x00000000f7c00000)
  from space 14336K, 0% used [0x00000000f7d00000,0x00000000f7d00000,0x00000000f8b00000)
  to   space 13824K, 0% used [0x00000000f8b80000,0x00000000f8b80000,0x00000000f9900000)
 ParOldGen       total 349696K, used 349695K [0x00000000e0000000, 0x00000000f5580000, 0x00000000f5580000)
  object space 349696K, 99% used [0x00000000e0000000,0x00000000f557fff0,0x00000000f5580000)
 Metaspace       used 62876K, committed 63872K, reserved 1114112K
  class space    used 6034K, committed 6464K, reserved 1048576K
}
Event: 1937.313 GC heap before
{Heap before GC invocations=1509 (full 1394):
 PSYoungGen      total 53760K, used 39424K [0x00000000f5580000, 0x00000000f9a00000, 0x0000000100000000)
  eden space 39424K, 100% used [0x00000000f5580000,0x00000000f7c00000,0x00000000f7c00000)
  from space 14336K, 0% used [0x00000000f7d00000,0x00000000f7d00000,0x00000000f8b00000)
  to   space 13824K, 0% used [0x00000000f8b80000,0x00000000f8b80000,0x00000000f9900000)
 ParOldGen       total 349696K, used 349695K [0x00000000e0000000, 0x00000000f5580000, 0x00000000f5580000)
  object space 349696K, 99% used [0x00000000e0000000,0x00000000f557fff0,0x00000000f5580000)
 Metaspace       used 62876K, committed 63872K, reserved 1114112K
  class space    used 6034K, committed 6464K, reserved 1048576K
}
Event: 1938.485 GC heap after
{Heap after GC invocations=1509 (full 1394):
 PSYoungGen      total 53248K, used 39424K [0x00000000f5580000, 0x00000000f9a00000, 0x0000000100000000)
  eden space 39424K, 100% used [0x00000000f5580000,0x00000000f7c00000,0x00000000f7c00000)
  from space 13824K, 0% used [0x00000000f8b80000,0x00000000f8b80000,0x00000000f9900000)
  to   space 14336K, 0% used [0x00000000f7d00000,0x00000000f7d00000,0x00000000f8b00000)
 ParOldGen       total 349696K, used 349695K [0x00000000e0000000, 0x00000000f5580000, 0x00000000f5580000)
  object space 349696K, 99% used [0x00000000e0000000,0x00000000f557fff0,0x00000000f5580000)
 Metaspace       used 62876K, committed 63872K, reserved 1114112K
  class space    used 6034K, committed 6464K, reserved 1048576K
}
Event: 1938.486 GC heap before
{Heap before GC invocations=1510 (full 1395):
 PSYoungGen      total 53248K, used 39424K [0x00000000f5580000, 0x00000000f9a00000, 0x0000000100000000)
  eden space 39424K, 100% used [0x00000000f5580000,0x00000000f7c00000,0x00000000f7c00000)
  from space 13824K, 0% used [0x00000000f8b80000,0x00000000f8b80000,0x00000000f9900000)
  to   space 14336K, 0% used [0x00000000f7d00000,0x00000000f7d00000,0x00000000f8b00000)
 ParOldGen       total 349696K, used 349695K [0x00000000e0000000, 0x00000000f5580000, 0x00000000f5580000)
  object space 349696K, 99% used [0x00000000e0000000,0x00000000f557fff0,0x00000000f5580000)
 Metaspace       used 62876K, committed 63872K, reserved 1114112K
  class space    used 6034K, committed 6464K, reserved 1048576K
}
Event: 1939.693 GC heap after
{Heap after GC invocations=1510 (full 1395):
 PSYoungGen      total 53760K, used 39424K [0x00000000f5580000, 0x00000000f9a00000, 0x0000000100000000)
  eden space 39424K, 100% used [0x00000000f5580000,0x00000000f7c00000,0x00000000f7c00000)
  from space 14336K, 0% used [0x00000000f7d00000,0x00000000f7d00000,0x00000000f8b00000)
  to   space 13824K, 0% used [0x00000000f8b80000,0x00000000f8b80000,0x00000000f9900000)
 ParOldGen       total 349696K, used 349695K [0x00000000e0000000, 0x00000000f5580000, 0x00000000f5580000)
  object space 349696K, 99% used [0x00000000e0000000,0x00000000f557fff0,0x00000000f5580000)
 Metaspace       used 62876K, committed 63872K, reserved 1114112K
  class space    used 6034K, committed 6464K, reserved 1048576K
}
Event: 1939.693 GC heap before
{Heap before GC invocations=1511 (full 1396):
 PSYoungGen      total 53760K, used 39424K [0x00000000f5580000, 0x00000000f9a00000, 0x0000000100000000)
  eden space 39424K, 100% used [0x00000000f5580000,0x00000000f7c00000,0x00000000f7c00000)
  from space 14336K, 0% used [0x00000000f7d00000,0x00000000f7d00000,0x00000000f8b00000)
  to   space 13824K, 0% used [0x00000000f8b80000,0x00000000f8b80000,0x00000000f9900000)
 ParOldGen       total 349696K, used 349695K [0x00000000e0000000, 0x00000000f5580000, 0x00000000f5580000)
  object space 349696K, 99% used [0x00000000e0000000,0x00000000f557fff0,0x00000000f5580000)
 Metaspace       used 62876K, committed 63872K, reserved 1114112K
  class space    used 6034K, committed 6464K, reserved 1048576K
}
Event: 1940.820 GC heap after
{Heap after GC invocations=1511 (full 1396):
 PSYoungGen      total 53248K, used 39424K [0x00000000f5580000, 0x00000000f9a00000, 0x0000000100000000)
  eden space 39424K, 100% used [0x00000000f5580000,0x00000000f7c00000,0x00000000f7c00000)
  from space 13824K, 0% used [0x00000000f8b80000,0x00000000f8b80000,0x00000000f9900000)
  to   space 14336K, 0% used [0x00000000f7d00000,0x00000000f7d00000,0x00000000f8b00000)
 ParOldGen       total 349696K, used 349695K [0x00000000e0000000, 0x00000000f5580000, 0x00000000f5580000)
  object space 349696K, 99% used [0x00000000e0000000,0x00000000f557fff0,0x00000000f5580000)
 Metaspace       used 62876K, committed 63872K, reserved 1114112K
  class space    used 6034K, committed 6464K, reserved 1048576K
}
Event: 1940.877 GC heap before
{Heap before GC invocations=1512 (full 1397):
 PSYoungGen      total 53248K, used 39424K [0x00000000f5580000, 0x00000000f9a00000, 0x0000000100000000)
  eden space 39424K, 100% used [0x00000000f5580000,0x00000000f7c00000,0x00000000f7c00000)
  from space 13824K, 0% used [0x00000000f8b80000,0x00000000f8b80000,0x00000000f9900000)
  to   space 14336K, 0% used [0x00000000f7d00000,0x00000000f7d00000,0x00000000f8b00000)
 ParOldGen       total 349696K, used 349695K [0x00000000e0000000, 0x00000000f5580000, 0x00000000f5580000)
  object space 349696K, 99% used [0x00000000e0000000,0x00000000f557fff0,0x00000000f5580000)
 Metaspace       used 62876K, committed 63872K, reserved 1114112K
  class space    used 6034K, committed 6464K, reserved 1048576K
}
Event: 1942.008 GC heap after
{Heap after GC invocations=1512 (full 1397):
 PSYoungGen      total 53760K, used 39424K [0x00000000f5580000, 0x00000000f9a00000, 0x0000000100000000)
  eden space 39424K, 100% used [0x00000000f5580000,0x00000000f7c00000,0x00000000f7c00000)
  from space 14336K, 0% used [0x00000000f7d00000,0x00000000f7d00000,0x00000000f8b00000)
  to   space 13824K, 0% used [0x00000000f8b80000,0x00000000f8b80000,0x00000000f9900000)
 ParOldGen       total 349696K, used 349695K [0x00000000e0000000, 0x00000000f5580000, 0x00000000f5580000)
  object space 349696K, 99% used [0x00000000e0000000,0x00000000f557fff0,0x00000000f5580000)
 Metaspace       used 62876K, committed 63872K, reserved 1114112K
  class space    used 6034K, committed 6464K, reserved 1048576K
}
Event: 1942.008 GC heap before
{Heap before GC invocations=1513 (full 1398):
 PSYoungGen      total 53760K, used 39424K [0x00000000f5580000, 0x00000000f9a00000, 0x0000000100000000)
  eden space 39424K, 100% used [0x00000000f5580000,0x00000000f7c00000,0x00000000f7c00000)
  from space 14336K, 0% used [0x00000000f7d00000,0x00000000f7d00000,0x00000000f8b00000)
  to   space 13824K, 0% used [0x00000000f8b80000,0x00000000f8b80000,0x00000000f9900000)
 ParOldGen       total 349696K, used 349695K [0x00000000e0000000, 0x00000000f5580000, 0x00000000f5580000)
  object space 349696K, 99% used [0x00000000e0000000,0x00000000f557fff0,0x00000000f5580000)
 Metaspace       used 62876K, committed 63872K, reserved 1114112K
  class space    used 6034K, committed 6464K, reserved 1048576K
}
Event: 1942.995 GC heap after
{Heap after GC invocations=1513 (full 1398):
 PSYoungGen      total 53248K, used 39424K [0x00000000f5580000, 0x00000000f9a00000, 0x0000000100000000)
  eden space 39424K, 100% used [0x00000000f5580000,0x00000000f7c00000,0x00000000f7c00000)
  from space 13824K, 0% used [0x00000000f8b80000,0x00000000f8b80000,0x00000000f9900000)
  to   space 14336K, 0% used [0x00000000f7d00000,0x00000000f7d00000,0x00000000f8b00000)
 ParOldGen       total 349696K, used 349695K [0x00000000e0000000, 0x00000000f5580000, 0x00000000f5580000)
  object space 349696K, 99% used [0x00000000e0000000,0x00000000f557fff0,0x00000000f5580000)
 Metaspace       used 62876K, committed 63872K, reserved 1114112K
  class space    used 6034K, committed 6464K, reserved 1048576K
}

Dll operation events (9 events):
Event: 0.002 Loaded shared library /nix/store/gpxl5qgg8kicmcvivwmybwjlpf7wh20l-graalvm17-ce-22.3.0/lib/libjava.so
Event: 0.008 Loaded shared library /nix/store/gpxl5qgg8kicmcvivwmybwjlpf7wh20l-graalvm17-ce-22.3.0/lib/libjsvml.so
Event: 0.303 Loaded shared library /nix/store/gpxl5qgg8kicmcvivwmybwjlpf7wh20l-graalvm17-ce-22.3.0/lib/libnio.so
Event: 0.383 Loaded shared library /nix/store/gpxl5qgg8kicmcvivwmybwjlpf7wh20l-graalvm17-ce-22.3.0/lib/libzip.so
Event: 0.386 Loaded shared library /nix/store/gpxl5qgg8kicmcvivwmybwjlpf7wh20l-graalvm17-ce-22.3.0/lib/libjvmcicompiler.so
Event: 0.901 Loaded shared library /nix/store/gpxl5qgg8kicmcvivwmybwjlpf7wh20l-graalvm17-ce-22.3.0/lib/libjimage.so
Event: 1.683 Loaded shared library /nix/store/gpxl5qgg8kicmcvivwmybwjlpf7wh20l-graalvm17-ce-22.3.0/lib/libnet.so
Event: 5.578 Loaded shared library /home/runner/.cache/jdt-language-server/config/org.eclipse.equinox.launcher/org.eclipse.equinox.launcher.gtk.linux.x86_64_1.2.400.v20211117-0650/eclipse_11600.so
Event: 13.183 Loaded shared library /nix/store/gpxl5qgg8kicmcvivwmybwjlpf7wh20l-graalvm17-ce-22.3.0/lib/libextnet.so

Deoptimization events (20 events):
Event: 1819.396 Thread 0x00007ff3b0159360 Uncommon trap: trap_request=0xffffff8f fr.pc=0x00007ff42f1a5a67 relative=0x0000000000000a27
Event: 1819.396 Thread 0x00007ff3b0159360 Uncommon trap: reason=constraint action=none pc=0x00007ff42f1a5a67 method=java.util.Hashtable.addEntry(ILjava/lang/Object;Ljava/lang/Object;I)V @ 42 jvmci
Event: 1819.396 Thread 0x00007ff3b0159360 DEOPT PACKING pc=0x00007ff42f1a5a67 sp=0x00007ff424bfda00
Event: 1819.396 Thread 0x00007ff3b0159360 DEOPT UNPACKING pc=0x00007ff427505325 sp=0x00007ff424bfce28 mode 3
Event: 1824.802 Thread 0x00007ff3d4491810 Uncommon trap: trap_request=0xffffff8f fr.pc=0x00007ff42f2318a8 relative=0x00000000000011e8
Event: 1824.802 Thread 0x00007ff3d4491810 Uncommon trap: reason=constraint action=none pc=0x00007ff42f2318a8 method=org.eclipse.jdt.internal.core.index.DiskIndex.copyQueryResults(Lorg/eclipse/jdt/internal/compiler/util/HashtableOfObject;I)V @ 123 jvmci
Event: 1824.802 Thread 0x00007ff3d4491810 DEOPT PACKING pc=0x00007ff42f2318a8 sp=0x00007ff3ec5fe530
Event: 1824.802 Thread 0x00007ff3d4491810 DEOPT UNPACKING pc=0x00007ff427505325 sp=0x00007ff3ec5fda28 mode 3
Event: 1913.199 Thread 0x00007ff3d4491810 Uncommon trap: trap_request=0xffffff8f fr.pc=0x00007ff42f2318a8 relative=0x00000000000011e8
Event: 1913.199 Thread 0x00007ff3d4491810 Uncommon trap: reason=constraint action=none pc=0x00007ff42f2318a8 method=org.eclipse.jdt.internal.core.index.DiskIndex.copyQueryResults(Lorg/eclipse/jdt/internal/compiler/util/HashtableOfObject;I)V @ 123 jvmci
Event: 1913.199 Thread 0x00007ff3d4491810 DEOPT PACKING pc=0x00007ff42f2318a8 sp=0x00007ff3ec5fe530
Event: 1913.199 Thread 0x00007ff3d4491810 DEOPT UNPACKING pc=0x00007ff427505325 sp=0x00007ff3ec5fda28 mode 3
Event: 1915.903 Thread 0x00007ff3d4491810 Uncommon trap: trap_request=0xffffff8f fr.pc=0x00007ff42f226714 relative=0x0000000000000274
Event: 1915.903 Thread 0x00007ff3d4491810 Uncommon trap: reason=constraint action=none pc=0x00007ff42f226714 method=org.eclipse.jdt.internal.core.index.DiskIndex$IntList.add(I)V @ 0 jvmci
Event: 1915.903 Thread 0x00007ff3d4491810 DEOPT PACKING pc=0x00007ff42f226714 sp=0x00007ff3ec5fe500
Event: 1915.903 Thread 0x00007ff3d4491810 DEOPT UNPACKING pc=0x00007ff427505325 sp=0x00007ff3ec5fd9b0 mode 3
Event: 1938.486 Thread 0x00007ff3b017a1e0 Uncommon trap: trap_request=0xffffff8f fr.pc=0x00007ff42f177ed6 relative=0x0000000000000b56
Event: 1938.486 Thread 0x00007ff3b017a1e0 Uncommon trap: reason=constraint action=none pc=0x00007ff42f177ed6 method=jdk.internal.jrtfs.JrtPath.subpath(II)Ljdk/internal/jrtfs/JrtPath; @ 83 jvmci
Event: 1940.877 Thread 0x00007ff3b017a1e0 DEOPT PACKING pc=0x00007ff42f177ed6 sp=0x00007ff3ebffd5c0
Event: 1940.877 Thread 0x00007ff3b017a1e0 DEOPT UNPACKING pc=0x00007ff427505325 sp=0x00007ff3ebffca50 mode 3

Classes unloaded (20 events):
Event: 170.594 Thread 0x00007ff4400a1c10 Unloading class 0x0000000801128800 'jdk/internal/reflect/GeneratedMethodAccessor12'
Event: 170.594 Thread 0x00007ff4400a1c10 Unloading class 0x0000000801128000 'jdk/internal/reflect/GeneratedSerializationConstructorAccessor11'
Event: 170.594 Thread 0x00007ff4400a1c10 Unloading class 0x0000000801125c00 'jdk/internal/reflect/GeneratedSerializationConstructorAccessor10'
Event: 170.594 Thread 0x00007ff4400a1c10 Unloading class 0x0000000801125800 'jdk/internal/reflect/GeneratedSerializationConstructorAccessor9'
Event: 170.594 Thread 0x00007ff4400a1c10 Unloading class 0x0000000801125400 'jdk/internal/reflect/GeneratedSerializationConstructorAccessor8'
Event: 170.594 Thread 0x00007ff4400a1c10 Unloading class 0x000000080111c800 'jdk/internal/reflect/GeneratedSerializationConstructorAccessor7'
Event: 170.594 Thread 0x00007ff4400a1c10 Unloading class 0x000000080111c400 'jdk/internal/reflect/GeneratedSerializationConstructorAccessor6'
Event: 170.594 Thread 0x00007ff4400a1c10 Unloading class 0x000000080111c000 'jdk/internal/reflect/GeneratedSerializationConstructorAccessor5'
Event: 170.594 Thread 0x00007ff4400a1c10 Unloading class 0x0000000801115400 'jdk/internal/reflect/GeneratedSerializationConstructorAccessor4'
Event: 170.594 Thread 0x00007ff4400a1c10 Unloading class 0x00000008010c8000 'jdk/internal/reflect/GeneratedSerializationConstructorAccessor3'
Event: 170.594 Thread 0x00007ff4400a1c10 Unloading class 0x000000080109a400 'jdk/internal/reflect/GeneratedSerializationConstructorAccessor2'
Event: 170.594 Thread 0x00007ff4400a1c10 Unloading class 0x000000080109a000 'jdk/internal/reflect/GeneratedSerializationConstructorAccessor1'
Event: 172.206 Thread 0x00007ff4400a1c10 Unloading class 0x00000008010ecc00 'jdk/internal/reflect/GeneratedMethodAccessor10'
Event: 172.206 Thread 0x00007ff4400a1c10 Unloading class 0x00000008010ec800 'jdk/internal/reflect/GeneratedMethodAccessor9'
Event: 172.206 Thread 0x00007ff4400a1c10 Unloading class 0x00000008010ec400 'jdk/internal/reflect/GeneratedMethodAccessor8'
Event: 172.206 Thread 0x00007ff4400a1c10 Unloading class 0x00000008010ec000 'jdk/internal/reflect/GeneratedMethodAccessor7'
Event: 192.092 Thread 0x00007ff4400a1c10 Unloading class 0x0000000801128400 'jdk/internal/reflect/GeneratedMethodAccessor11'
Event: 321.717 Thread 0x00007ff4400a1c10 Unloading class 0x000000080123c000 'jdk/internal/reflect/GeneratedConstructorAccessor45'
Event: 336.606 Thread 0x00007ff4400a1c10 Unloading class 0x0000000801258400 'jdk/internal/reflect/GeneratedConstructorAccessor46'
Event: 339.102 Thread 0x00007ff4400a1c10 Unloading class 0x0000000801125000 'jdk/internal/reflect/GeneratedConstructorAccessor37'

Classes redefined (0 events):
No events

Internal exceptions (20 events):
Event: 58.682 Thread 0x00007ff3b015b440 Exception <a 'java/lang/NoSuchMethodError'{0x00000000f5b1ee28}: 'int java.lang.invoke.DirectMethodHandle$Holder.invokeSpecialIFC(java.lang.Object, java.lang.Object, java.lang.Object, java.lang.Object)'> (0x00000000f5b1ee28) 
thrown [src/hotspot/share/interpreter/linkResolver.cpp, line 758]
Event: 78.817 Thread 0x00007ff4400b2210 Implicit null exception at 0x00007ff42f20ef1a to 0x00007ff42f20fa4e
Event: 1344.419 Thread 0x00007ff3a4000ff0 Exception <a 'java/lang/OutOfMemoryError'{0x00000000e0015458}> (0x00000000e0015458) 
thrown [src/hotspot/share/gc/shared/memAllocator.cpp, line 136]
Event: 1819.396 Thread 0x00007ff3b0159360 Exception <a 'java/lang/OutOfMemoryError'{0x00000000e00159f8}> (0x00000000e00159f8) 
thrown [src/hotspot/share/gc/shared/memAllocator.cpp, line 138]
Event: 1819.396 Thread 0x00007ff3b0159360 Implicit null exception at 0x00007ff42f1a5605 to 0x00007ff42f1a5a4c
Event: 1824.802 Thread 0x00007ff3d4491810 Exception <a 'java/lang/OutOfMemoryError'{0x00000000e0015728}> (0x00000000e0015728) 
thrown [src/hotspot/share/gc/shared/memAllocator.cpp, line 138]
Event: 1824.802 Thread 0x00007ff3d4491810 Implicit null exception at 0x00007ff42f23130e to 0x00007ff42f23188d
Event: 1827.094 Thread 0x00007ff3a4000ff0 Exception <a 'java/lang/OutOfMemoryError'{0x00000000e0015a48}> (0x00000000e0015a48) 
thrown [src/hotspot/share/gc/shared/memAllocator.cpp, line 136]
Event: 1887.489 Thread 0x00007ff3c80010d0 Exception <a 'java/lang/OutOfMemoryError'{0x00000000e0015a48}> (0x00000000e0015a48) 
thrown [src/hotspot/share/gc/shared/memAllocator.cpp, line 136]
Event: 1892.698 Thread 0x00007ff3a4000ff0 Exception <a 'java/lang/OutOfMemoryError'{0x00000000e0015a48}> (0x00000000e0015a48) 
thrown [src/hotspot/share/gc/shared/memAllocator.cpp, line 136]
Event: 1913.199 Thread 0x00007ff3d4491810 Exception <a 'java/lang/OutOfMemoryError'{0x00000000e0015728}> (0x00000000e0015728) 
thrown [src/hotspot/share/gc/shared/memAllocator.cpp, line 138]
Event: 1913.199 Thread 0x00007ff3d4491810 Implicit null exception at 0x00007ff42f23130e to 0x00007ff42f23188d
Event: 1915.903 Thread 0x00007ff3d4491810 Exception <a 'java/lang/OutOfMemoryError'{0x00000000e0015728}> (0x00000000e0015728) 
thrown [src/hotspot/share/gc/shared/memAllocator.cpp, line 138]
Event: 1915.903 Thread 0x00007ff3d4491810 Implicit null exception at 0x00007ff42f22666d to 0x00007ff42f2266f9
Event: 1918.596 Thread 0x00007ff4403efcd0 Exception <a 'java/lang/OutOfMemoryError'{0x00000000e0015a48}> (0x00000000e0015a48) 
thrown [src/hotspot/share/gc/shared/memAllocator.cpp, line 136]
Event: 1921.819 Thread 0x00007ff4403efcd0 Exception <a 'java/lang/reflect/InvocationTargetException'{0x00000000f557f838}> (0x00000000f557f838) 
thrown [src/hotspot/share/runtime/reflection.cpp, line 1119]
Event: 1938.486 Thread 0x00007ff3b017a1e0 Exception <a 'java/lang/OutOfMemoryError'{0x00000000e0015728}> (0x00000000e0015728) 
thrown [src/hotspot/share/gc/shared/memAllocator.cpp, line 138]
Event: 1938.486 Thread 0x00007ff3b017a1e0 Implicit null exception at 0x00007ff42f1779e4 to 0x00007ff42f177ebb
Event: 1940.877 Thread 0x00007ff4400b2210 Exception <a 'java/lang/OutOfMemoryError'{0x00000000e0015a48}> (0x00000000e0015a48) 
thrown [src/hotspot/share/gc/shared/memAllocator.cpp, line 136]
Event: 1942.995 Thread 0x00007ff3b017a1e0 Exception <a 'java/lang/OutOfMemoryError'{0x00000000e0015a48}> (0x00000000e0015a48) 
thrown [src/hotspot/share/gc/shared/memAllocator.cpp, line 136]

VM Operations (20 events):
Event: 1921.819 Executing VM operation: ParallelGCFailedAllocation
Event: 1923.019 Executing VM operation: ParallelGCFailedAllocation done
Event: 1923.020 Executing VM operation: ParallelGCFailedAllocation
Event: 1926.180 Executing VM operation: ParallelGCFailedAllocation done
Event: 1926.180 Executing VM operation: ParallelGCFailedAllocation
Event: 1930.077 Executing VM operation: ParallelGCFailedAllocation done
Event: 1930.077 Executing VM operation: ParallelGCFailedAllocation
Event: 1932.803 Executing VM operation: ParallelGCFailedAllocation done
Event: 1932.803 Executing VM operation: ParallelGCFailedAllocation
Event: 1933.910 Executing VM operation: ParallelGCFailedAllocation done
Event: 1933.910 Executing VM operation: ParallelGCFailedAllocation
Event: 1934.909 Executing VM operation: ParallelGCFailedAllocation done
Event: 1934.909 Executing VM operation: ParallelGCFailedAllocation
Event: 1936.212 Executing VM operation: ParallelGCFailedAllocation done
Event: 1936.212 Executing VM operation: ParallelGCFailedAllocation
Event: 1938.486 Executing VM operation: ParallelGCFailedAllocation done
Event: 1938.486 Executing VM operation: ParallelGCFailedAllocation
Event: 1940.877 Executing VM operation: ParallelGCFailedAllocation done
Event: 1940.877 Executing VM operation: ParallelGCFailedAllocation
Event: 1942.995 Executing VM operation: ParallelGCFailedAllocation done

Events (20 events):
Event: 1020.486 Thread 0x00007ff4400b4b70 flushing nmethod 0x00007ff428c1e610
Event: 1020.486 Thread 0x00007ff4400b4b70 flushing nmethod 0x00007ff428c1e990
Event: 1020.486 Thread 0x00007ff4400b4b70 flushing nmethod 0x00007ff428c1f010
Event: 1020.486 Thread 0x00007ff4400b4b70 flushing nmethod 0x00007ff428c29210
Event: 1020.486 Thread 0x00007ff4400b4b70 flushing nmethod 0x00007ff428c3c410
Event: 1020.487 Thread 0x00007ff4400b4b70 flushing nmethod 0x00007ff428c52890
Event: 1020.487 Thread 0x00007ff4400b4b70 flushing nmethod 0x00007ff428c97810
Event: 1020.487 Thread 0x00007ff4400b4b70 flushing nmethod 0x00007ff428ca9790
Event: 1020.487 Thread 0x00007ff4400b4b70 flushing nmethod 0x00007ff428cb4f90
Event: 1020.487 Thread 0x00007ff4400b4b70 flushing nmethod 0x00007ff428cb5710
Event: 1020.487 Thread 0x00007ff4400b4b70 flushing nmethod 0x00007ff428cbfc90
Event: 1020.487 Thread 0x00007ff4400b4b70 flushing nmethod 0x00007ff428cc0510
Event: 1020.487 Thread 0x00007ff4400b4b70 flushing nmethod 0x00007ff428cc1290
Event: 1020.487 Thread 0x00007ff4400b4b70 flushing nmethod 0x00007ff428cc1890
Event: 1020.487 Thread 0x00007ff4400b4b70 flushing nmethod 0x00007ff428cc1f10
Event: 1020.487 Thread 0x00007ff4400b4b70 flushing nmethod 0x00007ff428cc3290
Event: 1020.487 Thread 0x00007ff4400b4b70 flushing nmethod 0x00007ff428cc5410
Event: 1020.487 Thread 0x00007ff4400b4b70 flushing nmethod 0x00007ff428cc7390
Event: 1020.487 Thread 0x00007ff4400b4b70 flushing nmethod 0x00007ff428ce8f10
Event: 1902.305 loading class java/lang/Throwable$WrappedPrintStream


Dynamic libraries:
e0000000-f5580000 rw-p 00000000 00:00 0 
f5580000-f9a00000 rw-p 00000000 00:00 0 
f9a00000-100000000 ---p 00000000 00:00 0 
800000000-800449000 rw-p 00001000 00:16a5 4611686019135357769            /nix/store/gpxl5qgg8kicmcvivwmybwjlpf7wh20l-graalvm17-ce-22.3.0/lib/server/classes.jsa
800449000-800bc8000 r--p 0044a000 00:16a5 4611686019135357769            /nix/store/gpxl5qgg8kicmcvivwmybwjlpf7wh20l-graalvm17-ce-22.3.0/lib/server/classes.jsa
800bc8000-800c00000 ---p 00000000 00:00 0 
800c00000-800c20000 rw-p 00000000 00:00 0 
800c20000-800c40000 rw-p 00000000 00:00 0 
800c40000-800cc0000 rw-p 00000000 00:00 0 
800cc0000-800d00000 rw-p 00000000 00:00 0 
800d00000-800dc0000 rw-p 00000000 00:00 0 
800dc0000-800e00000 rw-p 00000000 00:00 0 
800e00000-800f40000 rw-p 00000000 00:00 0 
800f40000-800fc0000 rw-p 00000000 00:00 0 
800fc0000-800ff0000 rw-p 00000000 00:00 0 
800ff0000-801000000 ---p 00000000 00:00 0 
801000000-801260000 rw-p 00000000 00:00 0 
801260000-840c00000 ---p 00000000 00:00 0 
5619fc51b000-5619fc51c000 r-xp 00000000 00:16a5 4611686019099417844      /nix/store/gpxl5qgg8kicmcvivwmybwjlpf7wh20l-graalvm17-ce-22.3.0/bin/.java-wrapped
5619fc51d000-5619fc51e000 r--p 00001000 00:16a5 4611686019099417844      /nix/store/gpxl5qgg8kicmcvivwmybwjlpf7wh20l-graalvm17-ce-22.3.0/bin/.java-wrapped
5619fc51e000-5619fc51f000 rw-p 00002000 00:16a5 4611686019099417844      /nix/store/gpxl5qgg8kicmcvivwmybwjlpf7wh20l-graalvm17-ce-22.3.0/bin/.java-wrapped
5619fc51f000-5619fc520000 rw-p 00004000 00:16a5 4611686019099417844      /nix/store/gpxl5qgg8kicmcvivwmybwjlpf7wh20l-graalvm17-ce-22.3.0/bin/.java-wrapped
5619fc520000-5619fc521000 rw-p 00005000 00:16a5 4611686019099417844      /nix/store/gpxl5qgg8kicmcvivwmybwjlpf7wh20l-graalvm17-ce-22.3.0/bin/.java-wrapped
5619fe2f2000-5619fe33a000 rw-p 00000000 00:00 0                          [heap]
7ff350000000-7ff350021000 rw-p 00000000 00:00 0 
7ff350021000-7ff354000000 ---p 00000000 00:00 0 
7ff358000000-7ff358021000 rw-p 00000000 00:00 0 
7ff358021000-7ff35c000000 ---p 00000000 00:00 0 
7ff35c000000-7ff35c04c000 rw-p 00000000 00:00 0 
7ff35c04c000-7ff360000000 ---p 00000000 00:00 0 
7ff360000000-7ff360041000 rw-p 00000000 00:00 0 
7ff360041000-7ff364000000 ---p 00000000 00:00 0 
7ff364000000-7ff364021000 rw-p 00000000 00:00 0 
7ff364021000-7ff368000000 ---p 00000000 00:00 0 
7ff368000000-7ff36805d000 rw-p 00000000 00:00 0 
7ff36805d000-7ff36c000000 ---p 00000000 00:00 0 
7ff36c000000-7ff36c04e000 rw-p 00000000 00:00 0 
7ff36c04e000-7ff370000000 ---p 00000000 00:00 0 
7ff370000000-7ff370062000 rw-p 00000000 00:00 0 
7ff370062000-7ff374000000 ---p 00000000 00:00 0 
7ff374000000-7ff37403c000 rw-p 00000000 00:00 0 
7ff37403c000-7ff378000000 ---p 00000000 00:00 0 
7ff378000000-7ff378025000 rw-p 00000000 00:00 0 
7ff378025000-7ff37c000000 ---p 00000000 00:00 0 
7ff37c000000-7ff37c041000 rw-p 00000000 00:00 0 
7ff37c041000-7ff380000000 ---p 00000000 00:00 0 
7ff380000000-7ff38002a000 rw-p 00000000 00:00 0 
7ff38002a000-7ff384000000 ---p 00000000 00:00 0 
7ff384000000-7ff384021000 rw-p 00000000 00:00 0 
7ff384021000-7ff388000000 ---p 00000000 00:00 0 
7ff38a400000-7ff38a490000 rw-p 00000000 00:00 0 
7ff38a490000-7ff38ac00000 ---p 00000000 00:00 0 
7ff38b400000-7ff38bc00000 rw-p 00000000 00:00 0 
7ff38c000000-7ff38c021000 rw-p 00000000 00:00 0 
7ff38c021000-7ff390000000 ---p 00000000 00:00 0 
7ff390000000-7ff390021000 rw-p 00000000 00:00 0 
7ff390021000-7ff394000000 ---p 00000000 00:00 0 
7ff394000000-7ff394021000 rw-p 00000000 00:00 0 
7ff394021000-7ff398000000 ---p 00000000 00:00 0 
7ff398800000-7ff398d80000 rw-p 00000000 00:00 0 
7ff398d80000-7ff398f00000 rw-p 00000000 00:00 0 
7ff398f00000-7ff398f80000 rw-p 00000000 00:00 0 
7ff398f80000-7ff399000000 ---p 00000000 00:00 0 
7ff3994b3000-7ff3a3000000 r--s 00000000 00:16a5 4611686019135192581      /nix/store/gpxl5qgg8kicmcvivwmybwjlpf7wh20l-graalvm17-ce-22.3.0/lib/modules
7ff3a3000000-7ff3a3500000 rw-p 00000000 00:00 0 
7ff3a3500000-7ff3a3600000 rw-p 00000000 00:00 0 
7ff3a3600000-7ff3a3800000 rw-p 00000000 00:00 0 
7ff3a3800000-7ff3a3900000 rw-p 00000000 00:00 0 
7ff3a3900000-7ff3a3b00000 rw-p 00000000 00:00 0 
7ff3a3b00000-7ff3a3e00000 rw-p 00000000 00:00 0 
7ff3a3e00000-7ff3a4000000 rw-p 00000000 00:00 0 
7ff3a4000000-7ff3a454c000 rw-p 00000000 00:00 0 
7ff3a454c000-7ff3a8000000 ---p 00000000 00:00 0 
7ff3a8000000-7ff3a8037000 rw-p 00000000 00:00 0 
7ff3a8037000-7ff3ac000000 ---p 00000000 00:00 0 
7ff3ac000000-7ff3ac021000 rw-p 00000000 00:00 0 
7ff3ac021000-7ff3b0000000 ---p 00000000 00:00 0 
7ff3b0000000-7ff3b01bb000 rw-p 00000000 00:00 0 
7ff3b01bb000-7ff3b4000000 ---p 00000000 00:00 0 
7ff3b4000000-7ff3b4060000 rw-p 00000000 00:00 0 
7ff3b4060000-7ff3b8000000 ---p 00000000 00:00 0 
7ff3b8000000-7ff3b8021000 rw-p 00000000 00:00 0 
7ff3b8021000-7ff3bc000000 ---p 00000000 00:00 0 
7ff3bc000000-7ff3bc310000 rw-p 00000000 00:00 0 
7ff3bc310000-7ff3c0000000 ---p 00000000 00:00 0 
7ff3c0000000-7ff3c0228000 rw-p 00000000 00:00 0 
7ff3c0228000-7ff3c4000000 ---p 00000000 00:00 0 
7ff3c4000000-7ff3c4021000 rw-p 00000000 00:00 0 
7ff3c4021000-7ff3c8000000 ---p 00000000 00:00 0 
7ff3c8000000-7ff3c8042000 rw-p 00000000 00:00 0 
7ff3c8042000-7ff3cc000000 ---p 00000000 00:00 0 
7ff3cc000000-7ff3cc021000 rw-p 00000000 00:00 0 
7ff3cc021000-7ff3d0000000 ---p 00000000 00:00 0 
7ff3d0000000-7ff3d0021000 rw-p 00000000 00:00 0 
7ff3d0021000-7ff3d4000000 ---p 00000000 00:00 0 
7ff3d4000000-7ff3d48cb000 rw-p 00000000 00:00 0 
7ff3d48cb000-7ff3d8000000 ---p 00000000 00:00 0 
7ff3d8000000-7ff3d8022000 rw-p 00000000 00:00 0 
7ff3d8022000-7ff3dc000000 ---p 00000000 00:00 0 
7ff3dc000000-7ff3dc021000 rw-p 00000000 00:00 0 
7ff3dc021000-7ff3e0000000 ---p 00000000 00:00 0 
7ff3e0000000-7ff3e0021000 rw-p 00000000 00:00 0 
7ff3e0021000-7ff3e4000000 ---p 00000000 00:00 0 
7ff3e4000000-7ff3e4021000 rw-p 00000000 00:00 0 
7ff3e4021000-7ff3e8000000 ---p 00000000 00:00 0 
7ff3e8000000-7ff3e8100000 rw-p 00000000 00:00 0 
7ff3e8100000-7ff3e8200000 rw-p 00000000 00:00 0 
7ff3e8200000-7ff3e8700000 rw-p 00000000 00:00 0 
7ff3e8700000-7ff3e8800000 rw-p 00000000 00:00 0 
7ff3e8800000-7ff3e8900000 rw-p 00000000 00:00 0 
7ff3e8900000-7ff3e8a00000 rw-p 00000000 00:00 0 
7ff3e8a00000-7ff3e8f00000 rw-p 00000000 00:00 0 
7ff3e8f00000-7ff3e9000000 rw-p 00000000 00:00 0 
7ff3e9200000-7ff3e9210000 r-xp 00000000 00:15ee 358                      /home/runner/.cache/jdt-language-server/config/org.eclipse.equinox.launcher/org.eclipse.equinox.launcher.gtk.linux.x86_64_1.2.400.v20211117-0650/eclipse_11600.so
7ff3e9210000-7ff3e940f000 ---p 00010000 00:15ee 358                      /home/runner/.cache/jdt-language-server/config/org.eclipse.equinox.launcher/org.eclipse.equinox.launcher.gtk.linux.x86_64_1.2.400.v20211117-0650/eclipse_11600.so
7ff3e940f000-7ff3e9410000 r--p 0000f000 00:15ee 358                      /home/runner/.cache/jdt-language-server/config/org.eclipse.equinox.launcher/org.eclipse.equinox.launcher.gtk.linux.x86_64_1.2.400.v20211117-0650/eclipse_11600.so
7ff3e9410000-7ff3e9411000 rw-p 00010000 00:15ee 358                      /home/runner/.cache/jdt-language-server/config/org.eclipse.equinox.launcher/org.eclipse.equinox.launcher.gtk.linux.x86_64_1.2.400.v20211117-0650/eclipse_11600.so
7ff3e9700000-7ff3e9800000 ---p 00000000 00:00 0 
7ff3e9800000-7ff3e9daf000 r--p 01122000 00:16a5 4611686019135190040      /nix/store/gpxl5qgg8kicmcvivwmybwjlpf7wh20l-graalvm17-ce-22.3.0/lib/libjvmcicompiler.so
7ff3e9daf000-7ff3e9f00000 r--p 00000000 00:00 0 
7ff3e9f00000-7ff3e9f3d000 rw-p 00000000 00:00 0 
7ff3e9f3d000-7ff3ea45d000 rw-p 0185f000 00:16a5 4611686019135190040      /nix/store/gpxl5qgg8kicmcvivwmybwjlpf7wh20l-graalvm17-ce-22.3.0/lib/libjvmcicompiler.so
7ff3ea45d000-7ff3ea844000 r--p 01d7f000 00:16a5 4611686019135190040      /nix/store/gpxl5qgg8kicmcvivwmybwjlpf7wh20l-graalvm17-ce-22.3.0/lib/libjvmcicompiler.so
7ff3ea900000-7ff3ea904000 ---p 00000000 00:00 0 
7ff3ea904000-7ff3eaa00000 rw-p 00000000 00:00 0 
7ff3eab00000-7ff3eab04000 ---p 00000000 00:00 0 
7ff3eab04000-7ff3eac00000 rw-p 00000000 00:00 0 
7ff3ead00000-7ff3ead04000 ---p 00000000 00:00 0 
7ff3ead04000-7ff3eae00000 rw-p 00000000 00:00 0 
7ff3eaf00000-7ff3eaf04000 ---p 00000000 00:00 0 
7ff3eaf04000-7ff3eb000000 rw-p 00000000 00:00 0 
7ff3eb100000-7ff3eb104000 ---p 00000000 00:00 0 
7ff3eb104000-7ff3eb200000 rw-p 00000000 00:00 0 
7ff3eb300000-7ff3eb304000 ---p 00000000 00:00 0 
7ff3eb304000-7ff3eb400000 rw-p 00000000 00:00 0 
7ff3eb500000-7ff3eb504000 ---p 00000000 00:00 0 
7ff3eb504000-7ff3eb600000 rw-p 00000000 00:00 0 
7ff3eb700000-7ff3eb704000 ---p 00000000 00:00 0 
7ff3eb704000-7ff3eb800000 rw-p 00000000 00:00 0 
7ff3eb900000-7ff3eb904000 ---p 00000000 00:00 0 
7ff3eb904000-7ff3eba00000 rw-p 00000000 00:00 0 
7ff3eba00000-7ff3eba04000 ---p 00000000 00:00 0 
7ff3eba04000-7ff3ebb00000 rw-p 00000000 00:00 0 
7ff3ebb00000-7ff3ebb04000 ---p 00000000 00:00 0 
7ff3ebb04000-7ff3ebc00000 rw-p 00000000 00:00 0 
7ff3ebd00000-7ff3ebd04000 ---p 00000000 00:00 0 
7ff3ebd04000-7ff3ebe00000 rw-p 00000000 00:00 0 
7ff3ebf00000-7ff3ebf04000 ---p 00000000 00:00 0 
7ff3ebf04000-7ff3ec000000 rw-p 00000000 00:00 0 
7ff3ec100000-7ff3ec104000 ---p 00000000 00:00 0 
7ff3ec104000-7ff3ec200000 rw-p 00000000 00:00 0 
7ff3ec200000-7ff3ec204000 ---p 00000000 00:00 0 
7ff3ec204000-7ff3ec300000 rw-p 00000000 00:00 0 
7ff3ec300000-7ff3ec304000 ---p 00000000 00:00 0 
7ff3ec304000-7ff3ec400000 rw-p 00000000 00:00 0 
7ff3ec500000-7ff3ec504000 ---p 00000000 00:00 0 
7ff3ec504000-7ff3ec600000 rw-p 00000000 00:00 0 
7ff3ec700000-7ff3ec704000 ---p 00000000 00:00 0 
7ff3ec704000-7ff3ec800000 rw-p 00000000 00:00 0 
7ff3ec800000-7ff3ec804000 ---p 00000000 00:00 0 
7ff3ec804000-7ff3ec900000 rw-p 00000000 00:00 0 
7ff3ec900000-7ff3ec904000 ---p 00000000 00:00 0 
7ff3ec904000-7ff3eca00000 rw-p 00000000 00:00 0 
7ff3ed668000-7ff3edb00000 rw-p 00000000 00:00 0 
7ff3edc00000-7ff3efd6a000 r-xp 00000000 00:16a5 4611686019135190040      /nix/store/gpxl5qgg8kicmcvivwmybwjlpf7wh20l-graalvm17-ce-22.3.0/lib/libjvmcicompiler.so
7ff3efd6a000-7ff3eff69000 ---p 0216a000 00:16a5 4611686019135190040      /nix/store/gpxl5qgg8kicmcvivwmybwjlpf7wh20l-graalvm17-ce-22.3.0/lib/libjvmcicompiler.so
7ff3eff69000-7ff3eff6a000 r--p 02169000 00:16a5 4611686019135190040      /nix/store/gpxl5qgg8kicmcvivwmybwjlpf7wh20l-graalvm17-ce-22.3.0/lib/libjvmcicompiler.so
7ff3eff6a000-7ff3eff6c000 rw-p 0216a000 00:16a5 4611686019135190040      /nix/store/gpxl5qgg8kicmcvivwmybwjlpf7wh20l-graalvm17-ce-22.3.0/lib/libjvmcicompiler.so
7ff3eff6c000-7ff3eff6d000 rw-p 00000000 00:00 0 
7ff3eff6d000-7ff3eff72000 rw-p 023c3000 00:16a5 4611686019135190040      /nix/store/gpxl5qgg8kicmcvivwmybwjlpf7wh20l-graalvm17-ce-22.3.0/lib/libjvmcicompiler.so
7ff3f0000000-7ff3f0021000 rw-p 00000000 00:00 0 
7ff3f0021000-7ff3f4000000 ---p 00000000 00:00 0 
7ff3f4000000-7ff3f4021000 rw-p 00000000 00:00 0 
7ff3f4021000-7ff3f8000000 ---p 00000000 00:00 0 
7ff3f8000000-7ff3f8021000 rw-p 00000000 00:00 0 
7ff3f8021000-7ff3fc000000 ---p 00000000 00:00 0 
7ff3fc000000-7ff3fc021000 rw-p 00000000 00:00 0 
7ff3fc021000-7ff400000000 ---p 00000000 00:00 0 
7ff400000000-7ff4000d3000 rw-p 00000000 00:00 0 
7ff4000d3000-7ff404000000 ---p 00000000 00:00 0 
7ff404000000-7ff404bfe000 rw-p 00000000 00:00 0 
7ff404bfe000-7ff408000000 ---p 00000000 00:00 0 
7ff408000000-7ff408021000 rw-p 00000000 00:00 0 
7ff408021000-7ff40c000000 ---p 00000000 00:00 0 
7ff40c000000-7ff40c021000 rw-p 00000000 00:00 0 
7ff40c021000-7ff410000000 ---p 00000000 00:00 0 
7ff410000000-7ff410021000 rw-p 00000000 00:00 0 
7ff410021000-7ff414000000 ---p 00000000 00:00 0 
7ff414000000-7ff414021000 rw-p 00000000 00:00 0 
7ff414021000-7ff418000000 ---p 00000000 00:00 0 
7ff418000000-7ff418021000 rw-p 00000000 00:00 0 
7ff418021000-7ff41c000000 ---p 00000000 00:00 0 
7ff41c000000-7ff41c021000 rw-p 00000000 00:00 0 
7ff41c021000-7ff420000000 ---p 00000000 00:00 0 
7ff420000000-7ff4201f2000 rw-p 00000000 00:00 0 
7ff4201f2000-7ff424000000 ---p 00000000 00:00 0 
7ff424000000-7ff424004000 ---p 00000000 00:00 0 
7ff424004000-7ff424100000 rw-p 00000000 00:00 0 
7ff424200000-7ff424204000 ---p 00000000 00:00 0 
7ff424204000-7ff424300000 rw-p 00000000 00:00 0 
7ff424400000-7ff424404000 ---p 00000000 00:00 0 
7ff424404000-7ff424500000 rw-p 00000000 00:00 0 
7ff424600000-7ff424604000 ---p 00000000 00:00 0 
7ff424604000-7ff424700000 rw-p 00000000 00:00 0 
7ff424700000-7ff424704000 ---p 00000000 00:00 0 
7ff424704000-7ff424800000 rw-p 00000000 00:00 0 
7ff424800000-7ff424804000 ---p 00000000 00:00 0 
7ff424804000-7ff424900000 rw-p 00000000 00:00 0 
7ff424900000-7ff424904000 ---p 00000000 00:00 0 
7ff424904000-7ff424a00000 rw-p 00000000 00:00 0 
7ff424a00000-7ff424a04000 ---p 00000000 00:00 0 
7ff424a04000-7ff424b00000 rw-p 00000000 00:00 0 
7ff424b00000-7ff424b04000 ---p 00000000 00:00 0 
7ff424b04000-7ff424c00000 rw-p 00000000 00:00 0 
7ff424c00000-7ff424c04000 ---p 00000000 00:00 0 
7ff424c04000-7ff424d00000 rw-p 00000000 00:00 0 
7ff424e00000-7ff424e04000 ---p 00000000 00:00 0 
7ff424e04000-7ff424f00000 rw-p 00000000 00:00 0 
7ff424ffe000-7ff425002000 ---p 00000000 00:00 0 
7ff425002000-7ff4250fe000 rw-p 00000000 00:00 0 
7ff4250fe000-7ff4250ff000 ---p 00000000 00:00 0 
7ff4250ff000-7ff425200000 rw-p 00000000 00:00 0 
7ff425200000-7ff425204000 ---p 00000000 00:00 0 
7ff425204000-7ff425300000 rw-p 00000000 00:00 0 
7ff425300000-7ff425304000 ---p 00000000 00:00 0 
7ff425304000-7ff425400000 rw-p 00000000 00:00 0 
7ff425400000-7ff425404000 ---p 00000000 00:00 0 
7ff425404000-7ff425500000 rw-p 00000000 00:00 0 
7ff425500000-7ff425504000 ---p 00000000 00:00 0 
7ff425504000-7ff425700000 rw-p 00000000 00:00 0 
7ff425700000-7ff425704000 ---p 00000000 00:00 0 
7ff425704000-7ff425900000 rw-p 00000000 00:00 0 
7ff425900000-7ff425904000 ---p 00000000 00:00 0 
7ff425904000-7ff425a00000 rw-p 00000000 00:00 0 
7ff425a00000-7ff425a04000 ---p 00000000 00:00 0 
7ff425a04000-7ff425b00000 rw-p 00000000 00:00 0 
7ff425b00000-7ff425b04000 ---p 00000000 00:00 0 
7ff425b04000-7ff426000000 rw-p 00000000 00:00 0 
7ff426000000-7ff426300000 rw-p 00000000 00:00 0 
7ff426300000-7ff426400000 rw-p 00000000 00:00 0 
7ff426476000-7ff42647a000 ---p 00000000 00:00 0 
7ff42647a000-7ff426498000 rw-p 00000000 00:00 0 
7ff426498000-7ff4264ad000 r-xp 00000000 00:16a5 4611686019135192570      /nix/store/gpxl5qgg8kicmcvivwmybwjlpf7wh20l-graalvm17-ce-22.3.0/lib/libnet.so
7ff4264ad000-7ff4264ae000 ---p 00015000 00:16a5 4611686019135192570      /nix/store/gpxl5qgg8kicmcvivwmybwjlpf7wh20l-graalvm17-ce-22.3.0/lib/libnet.so
7ff4264ae000-7ff4264af000 r--p 00015000 00:16a5 4611686019135192570      /nix/store/gpxl5qgg8kicmcvivwmybwjlpf7wh20l-graalvm17-ce-22.3.0/lib/libnet.so
7ff4264af000-7ff4264b0000 rw-p 00016000 00:16a5 4611686019135192570      /nix/store/gpxl5qgg8kicmcvivwmybwjlpf7wh20l-graalvm17-ce-22.3.0/lib/libnet.so
7ff4264b0000-7ff4264b3000 rw-p 0001b000 00:16a5 4611686019135192570      /nix/store/gpxl5qgg8kicmcvivwmybwjlpf7wh20l-graalvm17-ce-22.3.0/lib/libnet.so
7ff4264b3000-7ff4274b3000 rw-p 00000000 00:00 0 
7ff4274b3000-7ff427723000 rwxp 00000000 00:00 0 
7ff427723000-7ff427a42000 ---p 00000000 00:00 0 
7ff427a42000-7ff428e12000 rwxp 00000000 00:00 0 
7ff428e12000-7ff42ef7a000 ---p 00000000 00:00 0 
7ff42ef7a000-7ff42f26a000 rwxp 00000000 00:00 0 
7ff42f26a000-7ff4364b3000 ---p 00000000 00:00 0 
7ff4364b3000-7ff440000000 r--s 00000000 00:16a5 4611686019135192581      /nix/store/gpxl5qgg8kicmcvivwmybwjlpf7wh20l-graalvm17-ce-22.3.0/lib/modules
7ff440000000-7ff44061d000 rw-p 00000000 00:00 0 
7ff44061d000-7ff444000000 ---p 00000000 00:00 0 
7ff444005000-7ff444007000 r-xp 00000000 00:16a5 4611686019135190017      /nix/store/gpxl5qgg8kicmcvivwmybwjlpf7wh20l-graalvm17-ce-22.3.0/lib/libextnet.so
7ff444007000-7ff444008000 r--p 00001000 00:16a5 4611686019135190017      /nix/store/gpxl5qgg8kicmcvivwmybwjlpf7wh20l-graalvm17-ce-22.3.0/lib/libextnet.so
7ff444008000-7ff444009000 rw-p 00002000 00:16a5 4611686019135190017      /nix/store/gpxl5qgg8kicmcvivwmybwjlpf7wh20l-graalvm17-ce-22.3.0/lib/libextnet.so
7ff444009000-7ff44400a000 rw-p 00004000 00:16a5 4611686019135190017      /nix/store/gpxl5qgg8kicmcvivwmybwjlpf7wh20l-graalvm17-ce-22.3.0/lib/libextnet.so
7ff44400a000-7ff444011000 r-xp 00000000 00:16a5 4611686019135192580      /nix/store/gpxl5qgg8kicmcvivwmybwjlpf7wh20l-graalvm17-ce-22.3.0/lib/libzip.so
7ff444011000-7ff444012000 ---p 00007000 00:16a5 4611686019135192580      /nix/store/gpxl5qgg8kicmcvivwmybwjlpf7wh20l-graalvm17-ce-22.3.0/lib/libzip.so
7ff444012000-7ff444013000 r--p 00007000 00:16a5 4611686019135192580      /nix/store/gpxl5qgg8kicmcvivwmybwjlpf7wh20l-graalvm17-ce-22.3.0/lib/libzip.so
7ff444013000-7ff444014000 rw-p 00008000 00:16a5 4611686019135192580      /nix/store/gpxl5qgg8kicmcvivwmybwjlpf7wh20l-graalvm17-ce-22.3.0/lib/libzip.so
7ff444014000-7ff444016000 rw-p 0000b000 00:16a5 4611686019135192580      /nix/store/gpxl5qgg8kicmcvivwmybwjlpf7wh20l-graalvm17-ce-22.3.0/lib/libzip.so
7ff444016000-7ff444029000 r-xp 00000000 00:16a5 4611686019135192571      /nix/store/gpxl5qgg8kicmcvivwmybwjlpf7wh20l-graalvm17-ce-22.3.0/lib/libnio.so
7ff444029000-7ff44402a000 r--p 00012000 00:16a5 4611686019135192571      /nix/store/gpxl5qgg8kicmcvivwmybwjlpf7wh20l-graalvm17-ce-22.3.0/lib/libnio.so
7ff44402a000-7ff44402b000 rw-p 00013000 00:16a5 4611686019135192571      /nix/store/gpxl5qgg8kicmcvivwmybwjlpf7wh20l-graalvm17-ce-22.3.0/lib/libnio.so
7ff44402b000-7ff444030000 rw-p 00019000 00:16a5 4611686019135192571      /nix/store/gpxl5qgg8kicmcvivwmybwjlpf7wh20l-graalvm17-ce-22.3.0/lib/libnio.so
7ff444030000-7ff444316000 r--p 00000000 00:a30 28444448                  /usr/lib/locale/locale-archive
7ff444316000-7ff44431a000 ---p 00000000 00:00 0 
7ff44431a000-7ff444416000 rw-p 00000000 00:00 0 
7ff444416000-7ff44441a000 ---p 00000000 00:00 0 
7ff44441a000-7ff444516000 rw-p 00000000 00:00 0 
7ff444516000-7ff444517000 ---p 00000000 00:00 0 
7ff444517000-7ff444618000 rw-p 00000000 00:00 0 
7ff444618000-7ff4446e6000 r-xp 00000000 00:16a5 4611686019135190036      /nix/store/gpxl5qgg8kicmcvivwmybwjlpf7wh20l-graalvm17-ce-22.3.0/lib/libjsvml.so
7ff4446e6000-7ff4446e7000 r--p 000cd000 00:16a5 4611686019135190036      /nix/store/gpxl5qgg8kicmcvivwmybwjlpf7wh20l-graalvm17-ce-22.3.0/lib/libjsvml.so
7ff4446e7000-7ff4446e8000 rw-p 000ce000 00:16a5 4611686019135190036      /nix/store/gpxl5qgg8kicmcvivwmybwjlpf7wh20l-graalvm17-ce-22.3.0/lib/libjsvml.so
7ff4446e8000-7ff444fc0000 rw-p 00000000 00:00 0 
7ff444fc0000-7ff444fc1000 ---p 00000000 00:00 0 
7ff444fc1000-7ff44516c000 rw-p 00000000 00:00 0 
7ff44516c000-7ff44518f000 rw-p 00000000 00:00 0 
7ff44518f000-7ff4451c2000 ---p 00000000 00:00 0 
7ff4451c2000-7ff4451c9000 rw-p 00000000 00:00 0 
7ff4451c9000-7ff4452ae000 ---p 00000000 00:00 0 
7ff4452ae000-7ff4452d6000 rw-p 00000000 00:00 0 
7ff4452d6000-7ff445399000 ---p 00000000 00:00 0 
7ff445399000-7ff44539e000 rw-p 00000000 00:00 0 
7ff44539e000-7ff4453a5000 ---p 00000000 00:00 0 
7ff4453a5000-7ff4453c9000 r-xp 00000000 00:16a5 4611686019135190028      /nix/store/gpxl5qgg8kicmcvivwmybwjlpf7wh20l-graalvm17-ce-22.3.0/lib/libjava.so
7ff4453c9000-7ff4453ca000 ---p 00024000 00:16a5 4611686019135190028      /nix/store/gpxl5qgg8kicmcvivwmybwjlpf7wh20l-graalvm17-ce-22.3.0/lib/libjava.so
7ff4453ca000-7ff4453cb000 r--p 00024000 00:16a5 4611686019135190028      /nix/store/gpxl5qgg8kicmcvivwmybwjlpf7wh20l-graalvm17-ce-22.3.0/lib/libjava.so
7ff4453cb000-7ff4453cc000 rw-p 00025000 00:16a5 4611686019135190028      /nix/store/gpxl5qgg8kicmcvivwmybwjlpf7wh20l-graalvm17-ce-22.3.0/lib/libjava.so
7ff4453cc000-7ff4453cd000 rw-p 00000000 00:00 0 
7ff4453cd000-7ff4453d4000 rw-p 0002f000 00:16a5 4611686019135190028      /nix/store/gpxl5qgg8kicmcvivwmybwjlpf7wh20l-graalvm17-ce-22.3.0/lib/libjava.so
7ff4453d4000-7ff4453dc000 rw-s 00000000 00:57f 351                       /tmp/hsperfdata_runner/28
7ff4453dc000-7ff4453dd000 ---p 00000000 00:00 0 
7ff4453dd000-7ff4453de000 r--p 00000000 00:00 0 
7ff4453de000-7ff4453df000 rwxp 00000000 00:00 0 
7ff4453df000-7ff4453fa000 r-xp 00000000 00:16a5 4611686019135190032      /nix/store/gpxl5qgg8kicmcvivwmybwjlpf7wh20l-graalvm17-ce-22.3.0/lib/libjimage.so
7ff4453fa000-7ff4453fb000 ---p 0001b000 00:16a5 4611686019135190032      /nix/store/gpxl5qgg8kicmcvivwmybwjlpf7wh20l-graalvm17-ce-22.3.0/lib/libjimage.so
7ff4453fb000-7ff4453fd000 r--p 0001b000 00:16a5 4611686019135190032      /nix/store/gpxl5qgg8kicmcvivwmybwjlpf7wh20l-graalvm17-ce-22.3.0/lib/libjimage.so
7ff4453fd000-7ff4453fe000 rw-p 0001d000 00:16a5 4611686019135190032      /nix/store/gpxl5qgg8kicmcvivwmybwjlpf7wh20l-graalvm17-ce-22.3.0/lib/libjimage.so
7ff4453fe000-7ff4453ff000 rw-p 00024000 00:16a5 4611686019135190032      /nix/store/gpxl5qgg8kicmcvivwmybwjlpf7wh20l-graalvm17-ce-22.3.0/lib/libjimage.so
7ff4453ff000-7ff445403000 ---p 00000000 00:00 0 
7ff445403000-7ff4454ff000 rw-p 00000000 00:00 0 
7ff4454ff000-7ff44550d000 r--p 00000000 00:16a5 4611686019027979927      /nix/store/4nlgxhb09sdr51nc9hdm8az5b08vzkgx-glibc-2.35-163/lib/libm.so.6
7ff44550d000-7ff445580000 r-xp 0000e000 00:16a5 4611686019027979927      /nix/store/4nlgxhb09sdr51nc9hdm8az5b08vzkgx-glibc-2.35-163/lib/libm.so.6
7ff445580000-7ff4455dd000 r--p 00081000 00:16a5 4611686019027979927      /nix/store/4nlgxhb09sdr51nc9hdm8az5b08vzkgx-glibc-2.35-163/lib/libm.so.6
7ff4455dd000-7ff4455de000 r--p 000dd000 00:16a5 4611686019027979927      /nix/store/4nlgxhb09sdr51nc9hdm8az5b08vzkgx-glibc-2.35-163/lib/libm.so.6
7ff4455de000-7ff4455df000 rw-p 000de000 00:16a5 4611686019027979927      /nix/store/4nlgxhb09sdr51nc9hdm8az5b08vzkgx-glibc-2.35-163/lib/libm.so.6
7ff4455df000-7ff4455e0000 r--p 00000000 00:16a5 4611686019027979946      /nix/store/4nlgxhb09sdr51nc9hdm8az5b08vzkgx-glibc-2.35-163/lib/librt.so.1
7ff4455e0000-7ff4455e1000 r-xp 00001000 00:16a5 4611686019027979946      /nix/store/4nlgxhb09sdr51nc9hdm8az5b08vzkgx-glibc-2.35-163/lib/librt.so.1
7ff4455e1000-7ff4455e2000 r--p 00002000 00:16a5 4611686019027979946      /nix/store/4nlgxhb09sdr51nc9hdm8az5b08vzkgx-glibc-2.35-163/lib/librt.so.1
7ff4455e2000-7ff4455e3000 r--p 00002000 00:16a5 4611686019027979946      /nix/store/4nlgxhb09sdr51nc9hdm8az5b08vzkgx-glibc-2.35-163/lib/librt.so.1
7ff4455e3000-7ff4455e4000 rw-p 00003000 00:16a5 4611686019027979946      /nix/store/4nlgxhb09sdr51nc9hdm8az5b08vzkgx-glibc-2.35-163/lib/librt.so.1
7ff4455e4000-7ff4466f7000 r-xp 00000000 00:16a5 4611686019135360866      /nix/store/gpxl5qgg8kicmcvivwmybwjlpf7wh20l-graalvm17-ce-22.3.0/lib/server/libjvm.so
7ff4466f7000-7ff4466f8000 ---p 01113000 00:16a5 4611686019135360866      /nix/store/gpxl5qgg8kicmcvivwmybwjlpf7wh20l-graalvm17-ce-22.3.0/lib/server/libjvm.so
7ff4466f8000-7ff4467ad000 r--p 01113000 00:16a5 4611686019135360866      /nix/store/gpxl5qgg8kicmcvivwmybwjlpf7wh20l-graalvm17-ce-22.3.0/lib/server/libjvm.so
7ff4467ad000-7ff4467e1000 rw-p 011c8000 00:16a5 4611686019135360866      /nix/store/gpxl5qgg8kicmcvivwmybwjlpf7wh20l-graalvm17-ce-22.3.0/lib/server/libjvm.so
7ff4467e1000-7ff44683d000 rw-p 00000000 00:00 0 
7ff44683d000-7ff446865000 r--p 00000000 00:16a5 4611686019027979918      /nix/store/4nlgxhb09sdr51nc9hdm8az5b08vzkgx-glibc-2.35-163/lib/libc.so.6
7ff446865000-7ff4469db000 r-xp 00028000 00:16a5 4611686019027979918      /nix/store/4nlgxhb09sdr51nc9hdm8az5b08vzkgx-glibc-2.35-163/lib/libc.so.6
7ff4469db000-7ff446a33000 r--p 0019e000 00:16a5 4611686019027979918      /nix/store/4nlgxhb09sdr51nc9hdm8az5b08vzkgx-glibc-2.35-163/lib/libc.so.6
7ff446a33000-7ff446a37000 r--p 001f6000 00:16a5 4611686019027979918      /nix/store/4nlgxhb09sdr51nc9hdm8az5b08vzkgx-glibc-2.35-163/lib/libc.so.6
7ff446a37000-7ff446a39000 rw-p 001fa000 00:16a5 4611686019027979918      /nix/store/4nlgxhb09sdr51nc9hdm8az5b08vzkgx-glibc-2.35-163/lib/libc.so.6
7ff446a39000-7ff446a48000 rw-p 00000000 00:00 0 
7ff446a48000-7ff446a49000 r--p 00000000 00:16a5 4611686019027979923      /nix/store/4nlgxhb09sdr51nc9hdm8az5b08vzkgx-glibc-2.35-163/lib/libdl.so.2
7ff446a49000-7ff446a4a000 r-xp 00001000 00:16a5 4611686019027979923      /nix/store/4nlgxhb09sdr51nc9hdm8az5b08vzkgx-glibc-2.35-163/lib/libdl.so.2
7ff446a4a000-7ff446a4b000 r--p 00002000 00:16a5 4611686019027979923      /nix/store/4nlgxhb09sdr51nc9hdm8az5b08vzkgx-glibc-2.35-163/lib/libdl.so.2
7ff446a4b000-7ff446a4c000 r--p 00002000 00:16a5 4611686019027979923      /nix/store/4nlgxhb09sdr51nc9hdm8az5b08vzkgx-glibc-2.35-163/lib/libdl.so.2
7ff446a4c000-7ff446a4d000 rw-p 00003000 00:16a5 4611686019027979923      /nix/store/4nlgxhb09sdr51nc9hdm8az5b08vzkgx-glibc-2.35-163/lib/libdl.so.2
7ff446a4d000-7ff446a4e000 r--p 00000000 00:16a5 4611686019027979942      /nix/store/4nlgxhb09sdr51nc9hdm8az5b08vzkgx-glibc-2.35-163/lib/libpthread.so.0
7ff446a4e000-7ff446a4f000 r-xp 00001000 00:16a5 4611686019027979942      /nix/store/4nlgxhb09sdr51nc9hdm8az5b08vzkgx-glibc-2.35-163/lib/libpthread.so.0
7ff446a4f000-7ff446a50000 r--p 00002000 00:16a5 4611686019027979942      /nix/store/4nlgxhb09sdr51nc9hdm8az5b08vzkgx-glibc-2.35-163/lib/libpthread.so.0
7ff446a50000-7ff446a51000 r--p 00002000 00:16a5 4611686019027979942      /nix/store/4nlgxhb09sdr51nc9hdm8az5b08vzkgx-glibc-2.35-163/lib/libpthread.so.0
7ff446a51000-7ff446a52000 rw-p 00003000 00:16a5 4611686019027979942      /nix/store/4nlgxhb09sdr51nc9hdm8az5b08vzkgx-glibc-2.35-163/lib/libpthread.so.0
7ff446a52000-7ff446a60000 r-xp 00000000 00:16a5 4611686019135190033      /nix/store/gpxl5qgg8kicmcvivwmybwjlpf7wh20l-graalvm17-ce-22.3.0/lib/libjli.so
7ff446a60000-7ff446a61000 ---p 0000e000 00:16a5 4611686019135190033      /nix/store/gpxl5qgg8kicmcvivwmybwjlpf7wh20l-graalvm17-ce-22.3.0/lib/libjli.so
7ff446a61000-7ff446a62000 r--p 0000e000 00:16a5 4611686019135190033      /nix/store/gpxl5qgg8kicmcvivwmybwjlpf7wh20l-graalvm17-ce-22.3.0/lib/libjli.so
7ff446a62000-7ff446a63000 rw-p 0000f000 00:16a5 4611686019135190033      /nix/store/gpxl5qgg8kicmcvivwmybwjlpf7wh20l-graalvm17-ce-22.3.0/lib/libjli.so
7ff446a63000-7ff446a64000 rw-p 00012000 00:16a5 4611686019135190033      /nix/store/gpxl5qgg8kicmcvivwmybwjlpf7wh20l-graalvm17-ce-22.3.0/lib/libjli.so
7ff446a64000-7ff446a67000 r--p 00000000 00:16a5 4611686019106210071      /nix/store/026hln0aq1hyshaxsdvhg0kmcm6yf45r-zlib-1.2.13/lib/libz.so.1.2.13
7ff446a67000-7ff446a79000 r-xp 00003000 00:16a5 4611686019106210071      /nix/store/026hln0aq1hyshaxsdvhg0kmcm6yf45r-zlib-1.2.13/lib/libz.so.1.2.13
7ff446a79000-7ff446a80000 r--p 00015000 00:16a5 4611686019106210071      /nix/store/026hln0aq1hyshaxsdvhg0kmcm6yf45r-zlib-1.2.13/lib/libz.so.1.2.13
7ff446a80000-7ff446a81000 r--p 0001b000 00:16a5 4611686019106210071      /nix/store/026hln0aq1hyshaxsdvhg0kmcm6yf45r-zlib-1.2.13/lib/libz.so.1.2.13
7ff446a81000-7ff446a82000 rw-p 0001c000 00:16a5 4611686019106210071      /nix/store/026hln0aq1hyshaxsdvhg0kmcm6yf45r-zlib-1.2.13/lib/libz.so.1.2.13
7ff446a82000-7ff446a84000 rw-p 00000000 00:00 0 
7ff446a84000-7ff446a86000 r--p 00000000 00:16a5 4611686019027979912      /nix/store/4nlgxhb09sdr51nc9hdm8az5b08vzkgx-glibc-2.35-163/lib/ld-linux-x86-64.so.2
7ff446a86000-7ff446aad000 r-xp 00002000 00:16a5 4611686019027979912      /nix/store/4nlgxhb09sdr51nc9hdm8az5b08vzkgx-glibc-2.35-163/lib/ld-linux-x86-64.so.2
7ff446aad000-7ff446ab9000 r--p 00029000 00:16a5 4611686019027979912      /nix/store/4nlgxhb09sdr51nc9hdm8az5b08vzkgx-glibc-2.35-163/lib/ld-linux-x86-64.so.2
7ff446ab9000-7ff446abb000 r--p 00034000 00:16a5 4611686019027979912      /nix/store/4nlgxhb09sdr51nc9hdm8az5b08vzkgx-glibc-2.35-163/lib/ld-linux-x86-64.so.2
7ff446abb000-7ff446abd000 rw-p 00036000 00:16a5 4611686019027979912      /nix/store/4nlgxhb09sdr51nc9hdm8az5b08vzkgx-glibc-2.35-163/lib/ld-linux-x86-64.so.2
7ffe61e3d000-7ffe61e62000 rw-p 00000000 00:00 0                          [stack]
7ffe61fd8000-7ffe61fdc000 r--p 00000000 00:00 0                          [vvar]
7ffe61fdc000-7ffe61fde000 r-xp 00000000 00:00 0                          [vdso]
ffffffffff600000-ffffffffff601000 --xp 00000000 00:00 0                  [vsyscall]


VM Arguments:
jvm_args: -XX:ThreadPriorityPolicy=1 -XX:+UnlockExperimentalVMOptions -XX:+EnableJVMCIProduct -XX:JVMCIThreadsPerNativeLibraryRuntime=1 -XX:-UnlockExperimentalVMOptions -Declipse.application=org.eclipse.jdt.ls.core.id1 -Dosgi.bundles.defaultStartLevel=4 -Declipse.product=org.eclipse.jdt.ls.core.product -Dlog.level=ALL -Xverify:none -XX:+UseParallelGC -XX:GCTimeRatio=4 -XX:AdaptiveSizePolicyWeight=90 -Dsun.zip.disableMemoryMapping=true -Xmx512m -Xms100m 
java_command: /nix/store/m6gcpi1ii6rghy04cjwjddcavv7i90df-jdt-language-server-1.9.0/share/java/plugins/org.eclipse.equinox.launcher_1.6.400.v20210924-0641.jar --add-modules=ALL-SYSTEM --add-opens java.base/java.util=ALL-UNNAMED --add-opens java.base/java.lang=ALL-UNNAMED -configuration /home/runner/.cache/jdt-language-server/config -data /home/runner/.cache/jdt-language-server/data/home/runner/Almost-Anything-Project
java_class_path (initial): /nix/store/m6gcpi1ii6rghy04cjwjddcavv7i90df-jdt-language-server-1.9.0/share/java/plugins/org.eclipse.equinox.launcher_1.6.400.v20210924-0641.jar
Launcher Type: SUN_STANDARD

[Global flags]
    uintx AdaptiveSizePolicyWeight                 = 90                                        {product} {command line}
     intx CICompilerCount                          = 2                                         {product} {ergonomic}
     bool EnableJVMCIProduct                       = true                                {JVMCI product} {jimage}
    uintx GCTimeRatio                              = 4                                         {product} {command line}
   size_t InitialHeapSize                          = 104857600                                 {product} {command line}
     uint JVMCIThreadsPerNativeLibraryRuntime      = 1                                   {JVMCI product} {jimage}
   size_t MaxHeapSize                              = 536870912                                 {product} {command line}
   size_t MaxNewSize                               = 178782208                                 {product} {ergonomic}
   size_t MinHeapDeltaBytes                        = 524288                                    {product} {ergonomic}
   size_t MinHeapSize                              = 104857600                                 {product} {command line}
   size_t NewSize                                  = 34603008                                  {product} {ergonomic}
    uintx NonNMethodCodeHeapSize                   = 5826188                                {pd product} {ergonomic}
    uintx NonProfiledCodeHeapSize                  = 122916026                              {pd product} {ergonomic}
   size_t OldSize                                  = 70254592                                  {product} {ergonomic}
    uintx ProfiledCodeHeapSize                     = 122916026                              {pd product} {ergonomic}
    uintx ReservedCodeCacheSize                    = 251658240                              {pd product} {ergonomic}
     bool SegmentedCodeCache                       = true                                      {product} {ergonomic}
   size_t SoftMaxHeapSize                          = 536870912                              {manageable} {ergonomic}
     intx ThreadPriorityPolicy                     = 1                                         {product} {jimage}
     bool UseCompressedClassPointers               = true                           {product lp64_product} {ergonomic}
     bool UseCompressedOops                        = true                           {product lp64_product} {ergonomic}
     bool UseParallelGC                            = true                                      {product} {command line}

Logging:
Log output configuration:
 #0: stdout all=warning uptime,level,tags
 #1: stderr all=off uptime,level,tags

Environment Variables:
JAVA_HOME=/nix/store/gpxl5qgg8kicmcvivwmybwjlpf7wh20l-graalvm17-ce-22.3.0
PATH=/nix/store/1d6ian3r8kdzspw8hacjhl3xkp40g1lj-binutils-wrapper-2.39/bin:/nix/store/dq0xwmsk1g0i2ayg6pb7y87na2knzylh-gcc-wrapper-11.3.0/bin:/nix/store/bap4d0lpcrhpwmpb8ayjcgkmvfj62lnq-bash-interactive-5.1-p16/bin:/nix/store/pr5n59mb4jzmfx6kanwxly0l07p861fg-patchelf-0.15.0/bin:/nix/store/1gf2flfqnpqbr1b4p4qz2f72y42bs56r-gcc-11.3.0/bin:/nix/store/57xv61c5zi8pphjbcwxxjlgc34p61ic9-glibc-2.35-163-bin/bin:/nix/store/a7gvj343m05j2s32xcnwr35v31ynlypr-coreutils-9.1/bin:/nix/store/039g378vc3pc3dvi9dzdlrd0i4q93qwf-binutils-2.39/bin:/nix/store/gpxl5qgg8kicmcvivwmybwjlpf7wh20l-graalvm17-ce-22.3.0/bin:/nix/store/6z9ag3ihc8mq2hzsw48lhbznvzny65nz-apache-maven-3.8.6/bin:/nix/store/m6gcpi1ii6rghy04cjwjddcavv7i90df-jdt-language-server-1.9.0/bin:/nix/store/84xs5alhs01zrbr4ywm05kxbjbp5590l-java-debug/bin:/nix/store/mydc6f4k2z73xlcz7ilif3v2lcaiqvza-findutils-4.9.0/bin:/nix/store/j9p3g8472iijd50vhdprx0nmk2fqn5gv-diffutils-3.8/bin:/nix/store/89zs7rms6x00xfq4dq6m7mjnhkr8a6r4-gnused-4.8/bin:/nix/store/86bp03jkmsl6f92w0yzg4s59g5mhxwmy-gnugrep-3.7/bin:/nix/store/hwcdqw4jrjnd37wxqgsd47hd0j8bnj09-gawk-5.1.1/bin:/nix/store/cfbhw8r8ags41vwqaz47r583d0p4h4a1-gnutar-1.34/bin:/nix/store/p3m1ndl1lapwrlh698bnb5lvvxh67378-gzip-1.12/bin:/nix/store/a8mhcagrsly7c7mpjrpsnaahk4aax056-bzip2-1.0.8-bin/bin:/nix/store/mblgz65m3zv9x548a3d5m96fj2pbwr09-gnumake-4.3/bin:/nix/store/dsd5gz46hdbdk2rfdimqddhq6m8m8fqs-bash-5.1-p16/bin:/nix/store/v7ljksji50mg3w61dykaa3n3y79n6nil-patch-2.7.6/bin:/nix/store/zlcnmqq14jz5x9439jf937mvayyl63da-xz-5.2.7-bin/bin:/nix/store/y6aj732zm9m87c82fpvf103a1xb22blp-file-5.43/bin:/nix/store/i4kzir3m7mrisxmf5xvlnkw01x4qaqr4-prybar-elisp-0.0.0-e0d9a52/bin:/nix/store/lwwivxf6h7x3cvxp9zv8sj0mv7dak99r-prybar-lua-0.0.0-e0d9a52/bin:/nix/store/gxj28g1cg4hq3qanmjv07156h800qr58-prybar-python3-0.0.0-e0d9a52/bin:/nix/store/hshkjnxrgidigf8x75vg6lqng2xlx9i3-prybar-sqlite-0.0.0-e0d9a52/bin:/nix/store/c4w01bpjgyy5ixmwdk8m1pw87zq4sl26-prybar-tcl-0.0.0-e0d9a52/bin:/nix/store/hpbvrlwd5viqmvcaisb3x0118i913a9n-st
LD_LIBRARY_PATH=/nix/store/a4pff549sk2idnkpzk5nsfps3mdkdnvm-cups-2.4.2-lib/lib:/nix/store/72mqxxhh3cy5yifh92wh2yb8cl2hikyy-cairo-1.16.0/lib:/nix/store/2k366jrbsra97gjfxwvrhvixjfxdach5-glib-2.74.1/lib:/nix/store/2j2znigd8ak37rlwh9khz0ry3clqlw1l-gtk+3-3.24.34/lib:/nix/store/hisqvx32cd57apbpcsnkpx6k3549wql1-libglvnd-1.4.0/lib:/nix/store/p36pgcv991mq5srvg765b78yqpxvk3qs-mesa-21.3.3-drivers/lib:/nix/store/mav4251if1ahjq5vkpwycyyvnmy459c4-pulseaudio-14.2/lib
DISPLAY=:0
LANG=en_US.UTF-8

Signal Handlers:
   SIGSEGV: crash_handler in libjvm.so, mask=11100100010111111101111111111110, flags=SA_RESTART|SA_SIGINFO
    SIGBUS: crash_handler in libjvm.so, mask=11100100010111111101111111111110, flags=SA_RESTART|SA_SIGINFO
    SIGFPE: crash_handler in libjvm.so, mask=11100100010111111101111111111110, flags=SA_RESTART|SA_SIGINFO
   SIGPIPE: IsolateEnterStub_IgnoreSIGPIPEStartupHook_noopSignalHandler_8f19bff2f35b5f630d83b364d6b2339320d4ec70_216e8361c6bc87a8f89f58cc10d3b2fd4415bf87 in libjvmcicompiler.so, mask=00000000000000000000000000000000, flags=SA_RESTART
  *** Handler was modified!
  *** Expected: javaSignalHandler in libjvm.so, mask=11100100110111111111111111111110, flags=SA_RESTART|SA_SIGINFO
   SIGXFSZ: javaSignalHandler in libjvm.so, mask=11100100010111111101111111111110, flags=SA_RESTART|SA_SIGINFO
    SIGILL: crash_handler in libjvm.so, mask=11100100010111111101111111111110, flags=SA_RESTART|SA_SIGINFO
   SIGUSR2: SR_handler in libjvm.so, mask=00000000000000000000000000000000, flags=SA_RESTART|SA_SIGINFO
    SIGHUP: UserHandler in libjvm.so, mask=11100100010111111101111111111110, flags=SA_RESTART|SA_SIGINFO
    SIGINT: UserHandler in libjvm.so, mask=11100100010111111101111111111110, flags=SA_RESTART|SA_SIGINFO
   SIGTERM: UserHandler in libjvm.so, mask=11100100010111111101111111111110, flags=SA_RESTART|SA_SIGINFO
   SIGQUIT: UserHandler in libjvm.so, mask=11100100010111111101111111111110, flags=SA_RESTART|SA_SIGINFO
  *** Handler was modified!
  *** Expected: javaSignalHandler in libjvm.so, mask=11100100110111111111111111111110, flags=SA_RESTART|SA_SIGINFO
   SIGTRAP: crash_handler in libjvm.so, mask=11100100010111111101111111111110, flags=SA_RESTART|SA_SIGINFO


---------------  S Y S T E M  ---------------

OS:
DISTRIB_ID=Ubuntu
DISTRIB_RELEASE=20.04
DISTRIB_CODENAME=focal
DISTRIB_DESCRIPTION="Ubuntu 20.04.2 LTS"
uname: Linux 5.19.0-1022-gcp #24~22.04.1-Ubuntu SMP Sun Apr 23 09:51:08 UTC 2023 x86_64
OS uptime: 0 days 21:14 hours
libc: glibc 2.35 NPTL 2.35 
rlimit (soft/hard): STACK 8192k/infinity , CORE infinity/infinity , NPROC infinity/infinity , NOFILE 5242/5242 , AS infinity/infinity , CPU infinity/infinity , DATA infinity/infinity , FSIZE infinity/infinity , MEMLOCK 8192k/8192k
load average: 12.01 11.80 11.70

/proc/meminfo:
MemTotal:       65852256 kB
MemFree:         3249972 kB
MemAvailable:   34453388 kB
Buffers:         3596172 kB
Cached:         25670868 kB
SwapCached:            0 kB
Active:         14821764 kB
Inactive:       42690188 kB
Active(anon):      19124 kB
Inactive(anon): 28168844 kB
Active(file):   14802640 kB
Inactive(file): 14521344 kB
Unevictable:       56052 kB
Mlocked:           56052 kB
SwapTotal:             0 kB
SwapFree:              0 kB
Zswap:                 0 kB
Zswapped:              0 kB
Dirty:              2748 kB
Writeback:             0 kB
AnonPages:      24251804 kB
Mapped:          2410380 kB
Shmem:            118508 kB
KReclaimable:    2606032 kB
Slab:            3867848 kB
SReclaimable:    2606032 kB
SUnreclaim:      1261816 kB
KernelStack:      473132 kB
PageTables:       236328 kB
NFS_Unstable:          0 kB
Bounce:                0 kB
WritebackTmp:          0 kB
CommitLimit:    32926128 kB
Committed_AS:   95632536 kB
VmallocTotal:   34359738367 kB
VmallocUsed:      518636 kB
VmallocChunk:          0 kB
Percpu:            58912 kB
HardwareCorrupted:     0 kB
AnonHugePages:   3870720 kB
ShmemHugePages:        0 kB
ShmemPmdMapped:        0 kB
FileHugePages:         0 kB
FilePmdMapped:         0 kB
HugePages_Total:       0
HugePages_Free:        0
HugePages_Rsvd:        0
HugePages_Surp:        0
Hugepagesize:       2048 kB
Hugetlb:               0 kB
DirectMap4k:     7043896 kB
DirectMap2M:    50624512 kB
DirectMap1G:    11534336 kB

/sys/kernel/mm/transparent_hugepage/enabled: always [madvise] never
/sys/kernel/mm/transparent_hugepage/defrag (defrag/compaction efforts parameter): always defer defer+madvise [madvise] never

Process Memory:
Virtual Size: 5462108K (peak: 5548864K)
Resident Set Size: 767380K (peak: 807692K) (anon: 584104K, file: 183276K, shmem: 0K)
Swapped out: 0K
C-Heap outstanding allocations: 44638K, retained: 18585K
glibc malloc tunables: (default)

/proc/sys/kernel/threads-max (system-wide limit on the number of threads): 514406
/proc/sys/vm/max_map_count (maximum number of memory map areas a process may have): 65530
/proc/sys/kernel/pid_max (system-wide limit on number of process identifiers): 4194304

container (cgroup) information:
container_type: cgroupv1
cpu_cpuset_cpus: 2-7
cpu_memory_nodes: 0
active_processor_count: 1
cpu_quota: 50000
cpu_period: 100000
cpu_shares: 512
memory_limit_in_bytes: 1048576 k
memory_and_swap_limit_in_bytes: 1048576 k
memory_soft_limit_in_bytes: 524288 k
memory_usage_in_bytes: 922080 k
memory_max_usage_in_bytes: 1012028 k
maximum number of tasks: 1000
current number of tasks: 82

KVM virtualization detected
Steal ticks since vm start: 0
Steal ticks percentage since vm start:  0.000

CPU: total 8 (initial active 1) (8 cores per cpu, 2 threads per core) family 23 model 49 stepping 0 microcode 0xffffffff, cx8, cmov, fxsr, ht, mmx, 3dnowpref, sse, sse2, sse3, ssse3, sse4a, sse4.1, sse4.2, popcnt, lzcnt, tsc, tscinvbit, avx, avx2, aes, clmul, bmi1, bmi2, adx, sha, fma, vzeroupper, clflush, clflushopt, hv
CPU Model and flags from /proc/cpuinfo:
model name	: AMD EPYC 7B12
flags		: fpu vme de pse tsc msr pae mce cx8 apic sep mtrr pge mca cmov pat pse36 clflush mmx fxsr sse sse2 ht syscall nx mmxext fxsr_opt pdpe1gb rdtscp lm constant_tsc rep_good nopl nonstop_tsc cpuid extd_apicid tsc_known_freq pni pclmulqdq ssse3 fma cx16 sse4_1 sse4_2 movbe popcnt aes xsave avx f16c rdrand hypervisor lahf_lm cmp_legacy cr8_legacy abm sse4a misalignsse 3dnowprefetch osvw topoext ssbd ibrs ibpb stibp vmmcall fsgsbase tsc_adjust bmi1 avx2 smep bmi2 rdseed adx smap clflushopt clwb sha_ni xsaveopt xsavec xgetbv1 clzero xsaveerptr arat npt nrip_save umip rdpid

Online cpus: 0-7
Offline cpus: 
BIOS frequency limitation: <Not Available>
Frequency switch latency (ns): <Not Available>
Available cpu frequencies: <Not Available>
Current governor: <Not Available>
Core performance/turbo boost: <Not Available>

Memory: 4k page, physical 1048576k(126488k free), swap 0k(0k free)
Page Sizes: 4k

vm_info: OpenJDK 64-Bit Server VM (17.0.5+8-jvmci-22.3-b08) for linux-amd64 JRE (17.0.5+8-jvmci-22.3-b08), built on Oct 19 2022 09:01:27 by "buildslave" with gcc 10.3.0

END.
